Log file open, 12/12/19 15:59:07
LogWindows: Failed to load 'aqProf.dll' (GetLastError=126)
LogWindows: File 'aqProf.dll' does not exist
LogWindows: Failed to load 'VtuneApi.dll' (GetLastError=126)
LogWindows: File 'VtuneApi.dll' does not exist
LogWindows: Failed to load 'VtuneApi32e.dll' (GetLastError=126)
LogWindows: File 'VtuneApi32e.dll' does not exist
LogConsoleResponse: Display: Failed to find resolution value strings in scalability ini. Falling back to default.
LogInit: Display: Running engine for game: Pacman2
LogPlatformFile: Not using cached read wrapper
LogTaskGraph: Started task graph with 5 named threads and 11 total threads with 3 sets of task threads.
LogStats: Stats thread started at 0.087133
LogD3D11RHI: Loaded GFSDK_Aftermath_Lib.x64.dll
LogICUInternationalization: ICU TimeZone Detection - Raw Offset: +9:00, Platform Override: ''
LogPluginManager: Mounting plugin Paper2D
LogPluginManager: Mounting plugin AISupport
LogPluginManager: Mounting plugin LightPropagationVolume
LogPluginManager: Mounting plugin ActorLayerUtilities
LogPluginManager: Mounting plugin AnimationSharing
LogPluginManager: Mounting plugin CLionSourceCodeAccess
LogPluginManager: Mounting plugin CodeLiteSourceCodeAccess
LogPluginManager: Mounting plugin GitSourceControl
LogPluginManager: Mounting plugin KDevelopSourceCodeAccess
LogPluginManager: Mounting plugin NullSourceCodeAccess
LogPluginManager: Mounting plugin PerforceSourceControl
LogPluginManager: Mounting plugin SubversionSourceControl
LogPluginManager: Mounting plugin UObjectPlugin
LogPluginManager: Mounting plugin VisualStudioCodeSourceCodeAccess
LogPluginManager: Mounting plugin VisualStudioSourceCodeAccess
LogPluginManager: Mounting plugin XCodeSourceCodeAccess
LogPluginManager: Mounting plugin AssetManagerEditor
LogPluginManager: Mounting plugin CryptoKeys
LogPluginManager: Mounting plugin CurveEditorTools
LogPluginManager: Mounting plugin DataValidation
LogPluginManager: Mounting plugin FacialAnimation
LogPluginManager: Mounting plugin GameplayTagsEditor
LogPluginManager: Mounting plugin MacGraphicsSwitching
LogPluginManager: Mounting plugin MaterialAnalyzer
LogPluginManager: Mounting plugin MobileLauncherProfileWizard
LogPluginManager: Mounting plugin PluginBrowser
LogPluginManager: Mounting plugin SpeedTreeImporter
LogPluginManager: Mounting plugin DatasmithContent
LogPluginManager: Mounting plugin VariantManagerContent
LogPluginManager: Mounting plugin AlembicImporter
LogPluginManager: Mounting plugin AutomationUtils
LogPluginManager: Mounting plugin BackChannel
LogPluginManager: Mounting plugin CharacterAI
LogPluginManager: Mounting plugin GeometryCache
LogPluginManager: Mounting plugin HTML5Networking
LogPluginManager: Mounting plugin PlatformCrypto
LogPluginManager: Mounting plugin ProxyLODPlugin
LogPluginManager: Mounting plugin SkeletalReduction
LogPluginManager: Mounting plugin MagicLeap
LogPluginManager: Mounting plugin MagicLeapMedia
LogPluginManager: Mounting plugin AndroidMedia
LogPluginManager: Mounting plugin AvfMedia
LogPluginManager: Mounting plugin ImgMedia
LogPluginManager: Mounting plugin MediaCompositing
LogPluginManager: Mounting plugin MediaPlayerEditor
LogPluginManager: Mounting plugin WebMMedia
LogPluginManager: Mounting plugin WmfMedia
LogPluginManager: Mounting plugin TcpMessaging
LogPluginManager: Mounting plugin UdpMessaging
LogPluginManager: Mounting plugin ActorSequence
LogPluginManager: Mounting plugin LevelSequenceEditor
LogPluginManager: Mounting plugin MatineeToLevelSequence
LogPluginManager: Mounting plugin NetcodeUnitTest
LogPluginManager: Mounting plugin NUTUnrealEngine4
LogPluginManager: Mounting plugin OnlineSubsystemGooglePlay
LogPluginManager: Mounting plugin OnlineSubsystemIOS
LogPluginManager: Mounting plugin OnlineSubsystem
LogPluginManager: Mounting plugin OnlineSubsystemNull
LogPluginManager: Mounting plugin OnlineSubsystemUtils
LogPluginManager: Mounting plugin LauncherChunkInstaller
LogPluginManager: Mounting plugin AndroidDeviceProfileSelector
LogPluginManager: Mounting plugin AndroidMoviePlayer
LogPluginManager: Mounting plugin AndroidPermission
LogPluginManager: Mounting plugin AppleImageUtils
LogPluginManager: Mounting plugin AppleMoviePlayer
LogPluginManager: Mounting plugin ArchVisCharacter
LogPluginManager: Mounting plugin AudioCapture
LogPluginManager: Mounting plugin CableComponent
LogPluginManager: Mounting plugin CustomMeshComponent
LogPluginManager: Mounting plugin EditableMesh
LogPluginManager: Mounting plugin ExampleDeviceProfileSelector
LogPluginManager: Mounting plugin GoogleCloudMessaging
LogPluginManager: Mounting plugin IOSDeviceProfileSelector
LogPluginManager: Mounting plugin LinuxDeviceProfileSelector
LogPluginManager: Mounting plugin LocationServicesBPLibrary
LogPluginManager: Mounting plugin MobilePatchingUtils
LogPluginManager: Mounting plugin OculusVR
LogPluginManager: Mounting plugin PhysXVehicles
LogPluginManager: Mounting plugin ProceduralMeshComponent
LogPluginManager: Mounting plugin RuntimePhysXCooking
LogPluginManager: Mounting plugin SignificanceManager
LogPluginManager: Mounting plugin SteamVR
LogPluginManager: Mounting plugin WebMMoviePlayer
LogPluginManager: Mounting plugin WindowsMoviePlayer
LogPluginManager: Mounting plugin ScreenshotTools
LogInit: Using libcurl 7.55.1-DEV
LogInit:  - built for x86_64-pc-win32
LogInit:  - supports SSL with OpenSSL/1.1.1
LogInit:  - supports HTTP deflate (compression) using libz 1.2.8
LogInit:  - other features:
LogInit:      CURL_VERSION_SSL
LogInit:      CURL_VERSION_LIBZ
LogInit:      CURL_VERSION_IPV6
LogInit:      CURL_VERSION_ASYNCHDNS
LogInit:      CURL_VERSION_LARGEFILE
LogInit:      CURL_VERSION_IDN
LogInit:  CurlRequestOptions (configurable via config and command line):
LogInit:  - bVerifyPeer = true  - Libcurl will verify peer certificate
LogInit:  - bUseHttpProxy = false  - Libcurl will NOT use HTTP proxy
LogInit:  - bDontReuseConnections = false  - Libcurl will reuse connections
LogInit:  - MaxHostConnections = 16  - Libcurl will limit the number of connections to a host
LogInit:  - LocalHostAddr = Default
LogInit:  - BufferSize = 65536
LogOnline: OSS: Creating online subsystem instance for: NULL
LogInit: WinSock: version 1.1 (2.2), MaxSocks=32767, MaxUdp=65467
LogInit: Build: ++UE4+Release-4.23-CL-9631420
LogInit: Engine Version: 4.23.1-9631420+++UE4+Release-4.23
LogInit: Compatible Engine Version: 4.23.0-8386587+++UE4+Release-4.23
LogInit: Net CL: 8386587
LogInit: OS: Windows 10 (Release 1903) (), CPU: Intel(R) Core(TM) i5-7200U CPU @ 2.50GHz, GPU: Intel(R) HD Graphics 620
LogInit: Compiled (64-bit): Oct 18 2019 02:07:44
LogInit: Compiled with Visual C++: 19.16.27030.01
LogInit: Build Configuration: Development
LogInit: Branch Name: ++UE4+Release-4.23
LogInit: Command Line:  -EpicPortal -epicusername=DarthIt0 -epicuserid=09e10e81f244499b944931ec94eda32f -epiclocale=en-US
LogInit: Base Directory: C:/Program Files/Epic Games/UE_4.23/Engine/Binaries/Win64/
LogInit: Installed Engine Build: 1
LogDevObjectVersion: Number of dev versions registered: 23
LogDevObjectVersion:   Dev-Blueprints (B0D832E4-1F89-4F0D-ACCF-7EB736FD4AA2): 10
LogDevObjectVersion:   Dev-Build (E1C64328-A22C-4D53-A36C-8E866417BD8C): 0
LogDevObjectVersion:   Dev-Core (375EC13C-06E4-48FB-B500-84F0262A717E): 3
LogDevObjectVersion:   Dev-Editor (E4B068ED-F494-42E9-A231-DA0B2E46BB41): 34
LogDevObjectVersion:   Dev-Framework (CFFC743F-43B0-4480-9391-14DF171D2073): 35
LogDevObjectVersion:   Dev-Mobile (B02B49B5-BB20-44E9-A304-32B752E40360): 2
LogDevObjectVersion:   Dev-Networking (A4E4105C-59A1-49B5-A7C5-40C4547EDFEE): 0
LogDevObjectVersion:   Dev-Online (39C831C9-5AE6-47DC-9A44-9C173E1C8E7C): 0
LogDevObjectVersion:   Dev-Physics (78F01B33-EBEA-4F98-B9B4-84EACCB95AA2): 0
LogDevObjectVersion:   Dev-Platform (6631380F-2D4D-43E0-8009-CF276956A95A): 0
LogDevObjectVersion:   Dev-Rendering (12F88B9F-8875-4AFC-A67C-D90C383ABD29): 31
LogDevObjectVersion:   Dev-Sequencer (7B5AE74C-D270-4C10-A958-57980B212A5A): 11
LogDevObjectVersion:   Dev-VR (D7296918-1DD6-4BDD-9DE2-64A83CC13884): 2
LogDevObjectVersion:   Dev-LoadTimes (C2A15278-BFE7-4AFE-6C17-90FF531DF755): 1
LogDevObjectVersion:   Private-Geometry (6EACA3D4-40EC-4CC1-B786-8BED09428FC5): 3
LogDevObjectVersion:   Dev-AnimPhys (29E575DD-E0A3-4627-9D10-D276232CDCEA): 17
LogDevObjectVersion:   Dev-Anim (AF43A65D-7FD3-4947-9873-3E8ED9C1BB05): 2
LogDevObjectVersion:   Dev-ReflectionCapture (6B266CEC-1EC7-4B8F-A30B-E4D90942FC07): 1
LogDevObjectVersion:   Dev-Automation (0DF73D61-A23F-47EA-B727-89E90C41499A): 1
LogDevObjectVersion:   FortniteMain (601D1886-AC64-4F84-AA16-D3DE0DEAC7D6): 27
LogDevObjectVersion:   Dev-Enterprise (9DFFBCD6-494F-0158-E221-12823C92A888): 6
LogDevObjectVersion:   Dev-Niagara (F2AED0AC-9AFE-416F-8664-AA7FFA26D6FC): 1
LogDevObjectVersion:   Dev-Destruction (174F1F0B-B4C6-45A5-B13F-2EE8D0FB917D): 9
LogInit: Presizing for max 16777216 objects, including 0 objects not considered by GC, pre-allocating 0 bytes for permanent pool.
LogInit: Object subsystem initialized
LogConfig: Setting CVar [[con.DebugEarlyDefault:1]]
LogConfig: Setting CVar [[r.setres:1280x720]]
[2019.12.12-06.59.08:037][  0]LogConfig: Setting CVar [[r.VSync:0]]
[2019.12.12-06.59.08:037][  0]LogConfig: Setting CVar [[r.RHICmdBypass:0]]
[2019.12.12-06.59.08:038][  0]LogConfig: Applying CVar settings from Section [/Script/Engine.RendererSettings] File [C:/Users/john/Documents/Unreal Projects/Pacman2/Saved/Config/Windows/Engine.ini]
[2019.12.12-06.59.08:038][  0]LogConfig: Setting CVar [[r.GPUCrashDebugging:0]]
[2019.12.12-06.59.08:038][  0]LogConfig: Setting CVar [[r.DefaultFeature.AutoExposure.ExtendDefaultLuminanceRange:1]]
[2019.12.12-06.59.08:038][  0]LogConfig: Applying CVar settings from Section [/Script/Engine.RendererOverrideSettings] File [C:/Users/john/Documents/Unreal Projects/Pacman2/Saved/Config/Windows/Engine.ini]
[2019.12.12-06.59.08:038][  0]LogConfig: Applying CVar settings from Section [/Script/Engine.StreamingSettings] File [C:/Users/john/Documents/Unreal Projects/Pacman2/Saved/Config/Windows/Engine.ini]
[2019.12.12-06.59.08:038][  0]LogConfig: Setting CVar [[s.MinBulkDataSizeForAsyncLoading:131072]]
[2019.12.12-06.59.08:038][  0]LogConfig: Setting CVar [[s.AsyncLoadingThreadEnabled:0]]
[2019.12.12-06.59.08:038][  0]LogConfig: Setting CVar [[s.EventDrivenLoaderEnabled:1]]
[2019.12.12-06.59.08:038][  0]LogConfig: Setting CVar [[s.WarnIfTimeLimitExceeded:0]]
[2019.12.12-06.59.08:038][  0]LogConfig: Setting CVar [[s.TimeLimitExceededMultiplier:1.5]]
[2019.12.12-06.59.08:038][  0]LogConfig: Setting CVar [[s.TimeLimitExceededMinTime:0.005]]
[2019.12.12-06.59.08:038][  0]LogConfig: Setting CVar [[s.UseBackgroundLevelStreaming:1]]
[2019.12.12-06.59.08:038][  0]LogConfig: Setting CVar [[s.PriorityAsyncLoadingExtraTime:15.0]]
[2019.12.12-06.59.08:038][  0]LogConfig: Setting CVar [[s.LevelStreamingActorsUpdateTimeLimit:5.0]]
[2019.12.12-06.59.08:038][  0]LogConfig: Setting CVar [[s.PriorityLevelStreamingActorsUpdateExtraTime:5.0]]
[2019.12.12-06.59.08:038][  0]LogConfig: Setting CVar [[s.LevelStreamingComponentsRegistrationGranularity:10]]
[2019.12.12-06.59.08:038][  0]LogConfig: Setting CVar [[s.UnregisterComponentsTimeLimit:1.0]]
[2019.12.12-06.59.08:038][  0]LogConfig: Setting CVar [[s.LevelStreamingComponentsUnregistrationGranularity:5]]
[2019.12.12-06.59.08:038][  0]LogConfig: Applying CVar settings from Section [/Script/Engine.GarbageCollectionSettings] File [C:/Users/john/Documents/Unreal Projects/Pacman2/Saved/Config/Windows/Engine.ini]
[2019.12.12-06.59.08:038][  0]LogConfig: Setting CVar [[gc.MaxObjectsNotConsideredByGC:1]]
[2019.12.12-06.59.08:038][  0]LogConfig: Setting CVar [[gc.SizeOfPermanentObjectPool:0]]
[2019.12.12-06.59.08:038][  0]LogConfig: Setting CVar [[gc.FlushStreamingOnGC:0]]
[2019.12.12-06.59.08:039][  0]LogConfig: Setting CVar [[gc.NumRetriesBeforeForcingGC:10]]
[2019.12.12-06.59.08:039][  0]LogConfig: Setting CVar [[gc.AllowParallelGC:1]]
[2019.12.12-06.59.08:039][  0]LogConfig: Setting CVar [[gc.TimeBetweenPurgingPendingKillObjects:61.1]]
[2019.12.12-06.59.08:039][  0]LogConfig: Setting CVar [[gc.MaxObjectsInEditor:16777216]]
[2019.12.12-06.59.08:039][  0]LogConfig: Setting CVar [[gc.IncrementalBeginDestroyEnabled:1]]
[2019.12.12-06.59.08:039][  0]LogConfig: Setting CVar [[gc.CreateGCClusters:1]]
[2019.12.12-06.59.08:039][  0]LogConfig: Setting CVar [[gc.MinGCClusterSize:5]]
[2019.12.12-06.59.08:039][  0]LogConfig: Setting CVar [[gc.ActorClusteringEnabled:0]]
[2019.12.12-06.59.08:039][  0]LogConfig: Setting CVar [[gc.BlueprintClusteringEnabled:0]]
[2019.12.12-06.59.08:039][  0]LogConfig: Setting CVar [[gc.UseDisregardForGCOnDedicatedServers:0]]
[2019.12.12-06.59.08:039][  0]LogConfig: Applying CVar settings from Section [/Script/Engine.NetworkSettings] File [C:/Users/john/Documents/Unreal Projects/Pacman2/Saved/Config/Windows/Engine.ini]
[2019.12.12-06.59.08:039][  0]LogConfig: Applying CVar settings from Section [/Script/UnrealEd.CookerSettings] File [C:/Users/john/Documents/Unreal Projects/Pacman2/Saved/Config/Windows/Engine.ini]
[2019.12.12-06.59.08:043][  0]LogConfig: Applying CVar settings from Section [ViewDistanceQuality@3] File [C:/Users/john/Documents/Unreal Projects/Pacman2/Saved/Config/Windows/Scalability.ini]
[2019.12.12-06.59.08:044][  0]LogConfig: Setting CVar [[r.SkeletalMeshLODBias:0]]
[2019.12.12-06.59.08:044][  0]LogConfig: Setting CVar [[r.ViewDistanceScale:1.0]]
[2019.12.12-06.59.08:044][  0]LogConfig: Applying CVar settings from Section [AntiAliasingQuality@3] File [C:/Users/john/Documents/Unreal Projects/Pacman2/Saved/Config/Windows/Scalability.ini]
[2019.12.12-06.59.08:044][  0]LogConfig: Setting CVar [[r.PostProcessAAQuality:4]]
[2019.12.12-06.59.08:044][  0]LogConfig: Applying CVar settings from Section [ShadowQuality@3] File [C:/Users/john/Documents/Unreal Projects/Pacman2/Saved/Config/Windows/Scalability.ini]
[2019.12.12-06.59.08:044][  0]LogConfig: Setting CVar [[r.LightFunctionQuality:1]]
[2019.12.12-06.59.08:044][  0]LogConfig: Setting CVar [[r.ShadowQuality:5]]
[2019.12.12-06.59.08:044][  0]LogConfig: Setting CVar [[r.Shadow.CSM.MaxCascades:10]]
[2019.12.12-06.59.08:044][  0]LogConfig: Setting CVar [[r.Shadow.MaxResolution:2048]]
[2019.12.12-06.59.08:044][  0]LogConfig: Setting CVar [[r.Shadow.MaxCSMResolution:2048]]
[2019.12.12-06.59.08:044][  0]LogConfig: Setting CVar [[r.Shadow.RadiusThreshold:0.01]]
[2019.12.12-06.59.08:044][  0]LogConfig: Setting CVar [[r.Shadow.DistanceScale:1.0]]
[2019.12.12-06.59.08:044][  0]LogConfig: Setting CVar [[r.Shadow.CSM.TransitionScale:1.0]]
[2019.12.12-06.59.08:044][  0]LogConfig: Setting CVar [[r.Shadow.PreShadowResolutionFactor:1.0]]
[2019.12.12-06.59.08:044][  0]LogConfig: Setting CVar [[r.DistanceFieldShadowing:1]]
[2019.12.12-06.59.08:044][  0]LogConfig: Setting CVar [[r.DistanceFieldAO:1]]
[2019.12.12-06.59.08:044][  0]LogConfig: Setting CVar [[r.AOQuality:2]]
[2019.12.12-06.59.08:044][  0]LogConfig: Setting CVar [[r.VolumetricFog:1]]
[2019.12.12-06.59.08:044][  0]LogConfig: Setting CVar [[r.VolumetricFog.GridPixelSize:8]]
[2019.12.12-06.59.08:044][  0]LogConfig: Setting CVar [[r.VolumetricFog.GridSizeZ:128]]
[2019.12.12-06.59.08:044][  0]LogConfig: Setting CVar [[r.VolumetricFog.HistoryMissSupersampleCount:4]]
[2019.12.12-06.59.08:044][  0]LogConfig: Setting CVar [[r.LightMaxDrawDistanceScale:1]]
[2019.12.12-06.59.08:044][  0]LogConfig: Setting CVar [[r.CapsuleShadows:1]]
[2019.12.12-06.59.08:044][  0]LogConfig: Applying CVar settings from Section [PostProcessQuality@3] File [C:/Users/john/Documents/Unreal Projects/Pacman2/Saved/Config/Windows/Scalability.ini]
[2019.12.12-06.59.08:044][  0]LogConfig: Setting CVar [[r.MotionBlurQuality:4]]
[2019.12.12-06.59.08:044][  0]LogConfig: Setting CVar [[r.AmbientOcclusionMipLevelFactor:0.4]]
[2019.12.12-06.59.08:044][  0]LogConfig: Setting CVar [[r.AmbientOcclusionMaxQuality:100]]
[2019.12.12-06.59.08:044][  0]LogConfig: Setting CVar [[r.AmbientOcclusionLevels:-1]]
[2019.12.12-06.59.08:044][  0]LogConfig: Setting CVar [[r.AmbientOcclusionRadiusScale:1.0]]
[2019.12.12-06.59.08:044][  0]LogConfig: Setting CVar [[r.DepthOfFieldQuality:2]]
[2019.12.12-06.59.08:044][  0]LogConfig: Setting CVar [[r.RenderTargetPoolMin:400]]
[2019.12.12-06.59.08:044][  0]LogConfig: Setting CVar [[r.LensFlareQuality:2]]
[2019.12.12-06.59.08:044][  0]LogConfig: Setting CVar [[r.SceneColorFringeQuality:1]]
[2019.12.12-06.59.08:044][  0]LogConfig: Setting CVar [[r.EyeAdaptationQuality:2]]
[2019.12.12-06.59.08:044][  0]LogConfig: Setting CVar [[r.BloomQuality:5]]
[2019.12.12-06.59.08:044][  0]LogConfig: Setting CVar [[r.FastBlurThreshold:100]]
[2019.12.12-06.59.08:045][  0]LogConfig: Setting CVar [[r.Upscale.Quality:3]]
[2019.12.12-06.59.08:045][  0]LogConfig: Setting CVar [[r.Tonemapper.GrainQuantization:1]]
[2019.12.12-06.59.08:045][  0]LogConfig: Setting CVar [[r.LightShaftQuality:1]]
[2019.12.12-06.59.08:045][  0]LogConfig: Setting CVar [[r.Filter.SizeScale:1]]
[2019.12.12-06.59.08:045][  0]LogConfig: Setting CVar [[r.Tonemapper.Quality:5]]
[2019.12.12-06.59.08:045][  0]LogConfig: Setting CVar [[r.DOF.Gather.AccumulatorQuality:1        ; higher gathering accumulator quality]]
[2019.12.12-06.59.08:045][  0]LogConfig: Setting CVar [[r.DOF.Gather.PostfilterMethod:1          ; Median3x3 postfilering method]]
[2019.12.12-06.59.08:045][  0]LogConfig: Setting CVar [[r.DOF.Gather.EnableBokehSettings:0       ; no bokeh simulation when gathering]]
[2019.12.12-06.59.08:045][  0]LogConfig: Setting CVar [[r.DOF.Gather.RingCount:4                 ; medium number of samples when gathering]]
[2019.12.12-06.59.08:045][  0]LogConfig: Setting CVar [[r.DOF.Scatter.ForegroundCompositing:1    ; additive foreground scattering]]
[2019.12.12-06.59.08:045][  0]LogConfig: Setting CVar [[r.DOF.Scatter.BackgroundCompositing:2    ; additive background scattering]]
[2019.12.12-06.59.08:045][  0]LogConfig: Setting CVar [[r.DOF.Scatter.EnableBokehSettings:1      ; bokeh simulation when scattering]]
[2019.12.12-06.59.08:045][  0]LogConfig: Setting CVar [[r.DOF.Scatter.MaxSpriteRatio:0.1         ; only a maximum of 10% of scattered bokeh]]
[2019.12.12-06.59.08:045][  0]LogConfig: Setting CVar [[r.DOF.Recombine.Quality:1                ; cheap slight out of focus]]
[2019.12.12-06.59.08:045][  0]LogConfig: Setting CVar [[r.DOF.Recombine.EnableBokehSettings:0    ; no bokeh simulation on slight out of focus]]
[2019.12.12-06.59.08:045][  0]LogConfig: Setting CVar [[r.DOF.TemporalAAQuality:1                ; more stable temporal accumulation]]
[2019.12.12-06.59.08:045][  0]LogConfig: Setting CVar [[r.DOF.Kernel.MaxForegroundRadius:0.025]]
[2019.12.12-06.59.08:045][  0]LogConfig: Setting CVar [[r.DOF.Kernel.MaxBackgroundRadius:0.025]]
[2019.12.12-06.59.08:045][  0]LogConfig: Applying CVar settings from Section [TextureQuality@3] File [C:/Users/john/Documents/Unreal Projects/Pacman2/Saved/Config/Windows/Scalability.ini]
[2019.12.12-06.59.08:045][  0]LogConfig: Setting CVar [[r.Streaming.MipBias:0]]
[2019.12.12-06.59.08:045][  0]LogConfig: Setting CVar [[r.Streaming.AmortizeCPUToGPUCopy:0]]
[2019.12.12-06.59.08:045][  0]LogConfig: Setting CVar [[r.Streaming.MaxNumTexturesToStreamPerFrame:0]]
[2019.12.12-06.59.08:045][  0]LogConfig: Setting CVar [[r.Streaming.Boost:1]]
[2019.12.12-06.59.08:045][  0]LogConfig: Setting CVar [[r.MaxAnisotropy:8]]
[2019.12.12-06.59.08:045][  0]LogConfig: Setting CVar [[r.Streaming.LimitPoolSizeToVRAM:0]]
[2019.12.12-06.59.08:045][  0]LogConfig: Setting CVar [[r.Streaming.PoolSize:1000]]
[2019.12.12-06.59.08:045][  0]LogConfig: Setting CVar [[r.Streaming.MaxEffectiveScreenSize:0]]
[2019.12.12-06.59.08:045][  0]LogConfig: Applying CVar settings from Section [EffectsQuality@3] File [C:/Users/john/Documents/Unreal Projects/Pacman2/Saved/Config/Windows/Scalability.ini]
[2019.12.12-06.59.08:045][  0]LogConfig: Setting CVar [[r.TranslucencyLightingVolumeDim:64]]
[2019.12.12-06.59.08:045][  0]LogConfig: Setting CVar [[r.RefractionQuality:2]]
[2019.12.12-06.59.08:045][  0]LogConfig: Setting CVar [[r.SSR.Quality:3]]
[2019.12.12-06.59.08:045][  0]LogConfig: Setting CVar [[r.SceneColorFormat:4]]
[2019.12.12-06.59.08:045][  0]LogConfig: Setting CVar [[r.DetailMode:2]]
[2019.12.12-06.59.08:045][  0]LogConfig: Setting CVar [[r.TranslucencyVolumeBlur:1]]
[2019.12.12-06.59.08:045][  0]LogConfig: Setting CVar [[r.MaterialQualityLevel:1 ; High quality]]
[2019.12.12-06.59.08:045][  0]LogConfig: Setting CVar [[r.SSS.Scale:1]]
[2019.12.12-06.59.08:045][  0]LogConfig: Setting CVar [[r.SSS.SampleSet:2]]
[2019.12.12-06.59.08:045][  0]LogConfig: Setting CVar [[r.SSS.Quality:1]]
[2019.12.12-06.59.08:045][  0]LogConfig: Setting CVar [[r.SSS.HalfRes:1]]
[2019.12.12-06.59.08:045][  0]LogConfig: Setting CVar [[r.EmitterSpawnRateScale:1.0]]
[2019.12.12-06.59.08:045][  0]LogConfig: Setting CVar [[r.ParticleLightQuality:2]]
[2019.12.12-06.59.08:045][  0]LogConfig: Applying CVar settings from Section [FoliageQuality@3] File [C:/Users/john/Documents/Unreal Projects/Pacman2/Saved/Config/Windows/Scalability.ini]
[2019.12.12-06.59.08:045][  0]LogConfig: Setting CVar [[foliage.DensityScale:1.0]]
[2019.12.12-06.59.08:046][  0]LogConfig: Setting CVar [[grass.DensityScale:1.0]]
[2019.12.12-06.59.08:047][  0]LogInit: Selected Device Profile: [Windows]
[2019.12.12-06.59.08:047][  0]LogInit: Applying CVar settings loaded from the selected device profile: [Windows]
[2019.12.12-06.59.08:063][  0]LogHAL: Display: Platform has ~ 8 GB [8472039424 / 8589934592 / 8], which maps to Default [LargestMinGB=32, LargerMinGB=12, DefaultMinGB=8, SmallerMinGB=6, SmallestMinGB=0)
[2019.12.12-06.59.08:063][  0]LogInit: Going up to parent DeviceProfile []
[2019.12.12-06.59.08:064][  0]LogConfig: Applying CVar settings from Section [ViewDistanceQuality@3] File [C:/Users/john/Documents/Unreal Projects/Pacman2/Saved/Config/Windows/Scalability.ini]
[2019.12.12-06.59.08:064][  0]LogConfig: Setting CVar [[r.SkeletalMeshLODBias:0]]
[2019.12.12-06.59.08:064][  0]LogConfig: Setting CVar [[r.ViewDistanceScale:1.0]]
[2019.12.12-06.59.08:064][  0]LogConfig: Applying CVar settings from Section [AntiAliasingQuality@3] File [C:/Users/john/Documents/Unreal Projects/Pacman2/Saved/Config/Windows/Scalability.ini]
[2019.12.12-06.59.08:064][  0]LogConfig: Setting CVar [[r.PostProcessAAQuality:4]]
[2019.12.12-06.59.08:064][  0]LogConfig: Applying CVar settings from Section [ShadowQuality@3] File [C:/Users/john/Documents/Unreal Projects/Pacman2/Saved/Config/Windows/Scalability.ini]
[2019.12.12-06.59.08:064][  0]LogConfig: Setting CVar [[r.LightFunctionQuality:1]]
[2019.12.12-06.59.08:064][  0]LogConfig: Setting CVar [[r.ShadowQuality:5]]
[2019.12.12-06.59.08:064][  0]LogConfig: Setting CVar [[r.Shadow.CSM.MaxCascades:10]]
[2019.12.12-06.59.08:064][  0]LogConfig: Setting CVar [[r.Shadow.MaxResolution:2048]]
[2019.12.12-06.59.08:064][  0]LogConfig: Setting CVar [[r.Shadow.MaxCSMResolution:2048]]
[2019.12.12-06.59.08:064][  0]LogConfig: Setting CVar [[r.Shadow.RadiusThreshold:0.01]]
[2019.12.12-06.59.08:064][  0]LogConfig: Setting CVar [[r.Shadow.DistanceScale:1.0]]
[2019.12.12-06.59.08:064][  0]LogConfig: Setting CVar [[r.Shadow.CSM.TransitionScale:1.0]]
[2019.12.12-06.59.08:064][  0]LogConfig: Setting CVar [[r.Shadow.PreShadowResolutionFactor:1.0]]
[2019.12.12-06.59.08:064][  0]LogConfig: Setting CVar [[r.DistanceFieldShadowing:1]]
[2019.12.12-06.59.08:064][  0]LogConfig: Setting CVar [[r.DistanceFieldAO:1]]
[2019.12.12-06.59.08:064][  0]LogConfig: Setting CVar [[r.AOQuality:2]]
[2019.12.12-06.59.08:064][  0]LogConfig: Setting CVar [[r.VolumetricFog:1]]
[2019.12.12-06.59.08:064][  0]LogConfig: Setting CVar [[r.VolumetricFog.GridPixelSize:8]]
[2019.12.12-06.59.08:064][  0]LogConfig: Setting CVar [[r.VolumetricFog.GridSizeZ:128]]
[2019.12.12-06.59.08:064][  0]LogConfig: Setting CVar [[r.VolumetricFog.HistoryMissSupersampleCount:4]]
[2019.12.12-06.59.08:064][  0]LogConfig: Setting CVar [[r.LightMaxDrawDistanceScale:1]]
[2019.12.12-06.59.08:064][  0]LogConfig: Setting CVar [[r.CapsuleShadows:1]]
[2019.12.12-06.59.08:064][  0]LogConfig: Applying CVar settings from Section [PostProcessQuality@3] File [C:/Users/john/Documents/Unreal Projects/Pacman2/Saved/Config/Windows/Scalability.ini]
[2019.12.12-06.59.08:064][  0]LogConfig: Setting CVar [[r.MotionBlurQuality:4]]
[2019.12.12-06.59.08:064][  0]LogConfig: Setting CVar [[r.AmbientOcclusionMipLevelFactor:0.4]]
[2019.12.12-06.59.08:064][  0]LogConfig: Setting CVar [[r.AmbientOcclusionMaxQuality:100]]
[2019.12.12-06.59.08:064][  0]LogConfig: Setting CVar [[r.AmbientOcclusionLevels:-1]]
[2019.12.12-06.59.08:064][  0]LogConfig: Setting CVar [[r.AmbientOcclusionRadiusScale:1.0]]
[2019.12.12-06.59.08:064][  0]LogConfig: Setting CVar [[r.DepthOfFieldQuality:2]]
[2019.12.12-06.59.08:064][  0]LogConfig: Setting CVar [[r.RenderTargetPoolMin:400]]
[2019.12.12-06.59.08:064][  0]LogConfig: Setting CVar [[r.LensFlareQuality:2]]
[2019.12.12-06.59.08:065][  0]LogConfig: Setting CVar [[r.SceneColorFringeQuality:1]]
[2019.12.12-06.59.08:065][  0]LogConfig: Setting CVar [[r.EyeAdaptationQuality:2]]
[2019.12.12-06.59.08:065][  0]LogConfig: Setting CVar [[r.BloomQuality:5]]
[2019.12.12-06.59.08:065][  0]LogConfig: Setting CVar [[r.FastBlurThreshold:100]]
[2019.12.12-06.59.08:065][  0]LogConfig: Setting CVar [[r.Upscale.Quality:3]]
[2019.12.12-06.59.08:065][  0]LogConfig: Setting CVar [[r.Tonemapper.GrainQuantization:1]]
[2019.12.12-06.59.08:065][  0]LogConfig: Setting CVar [[r.LightShaftQuality:1]]
[2019.12.12-06.59.08:065][  0]LogConfig: Setting CVar [[r.Filter.SizeScale:1]]
[2019.12.12-06.59.08:065][  0]LogConfig: Setting CVar [[r.Tonemapper.Quality:5]]
[2019.12.12-06.59.08:065][  0]LogConfig: Setting CVar [[r.DOF.Gather.AccumulatorQuality:1        ; higher gathering accumulator quality]]
[2019.12.12-06.59.08:065][  0]LogConfig: Setting CVar [[r.DOF.Gather.PostfilterMethod:1          ; Median3x3 postfilering method]]
[2019.12.12-06.59.08:065][  0]LogConfig: Setting CVar [[r.DOF.Gather.EnableBokehSettings:0       ; no bokeh simulation when gathering]]
[2019.12.12-06.59.08:065][  0]LogConfig: Setting CVar [[r.DOF.Gather.RingCount:4                 ; medium number of samples when gathering]]
[2019.12.12-06.59.08:065][  0]LogConfig: Setting CVar [[r.DOF.Scatter.ForegroundCompositing:1    ; additive foreground scattering]]
[2019.12.12-06.59.08:065][  0]LogConfig: Setting CVar [[r.DOF.Scatter.BackgroundCompositing:2    ; additive background scattering]]
[2019.12.12-06.59.08:065][  0]LogConfig: Setting CVar [[r.DOF.Scatter.EnableBokehSettings:1      ; bokeh simulation when scattering]]
[2019.12.12-06.59.08:065][  0]LogConfig: Setting CVar [[r.DOF.Scatter.MaxSpriteRatio:0.1         ; only a maximum of 10% of scattered bokeh]]
[2019.12.12-06.59.08:065][  0]LogConfig: Setting CVar [[r.DOF.Recombine.Quality:1                ; cheap slight out of focus]]
[2019.12.12-06.59.08:065][  0]LogConfig: Setting CVar [[r.DOF.Recombine.EnableBokehSettings:0    ; no bokeh simulation on slight out of focus]]
[2019.12.12-06.59.08:065][  0]LogConfig: Setting CVar [[r.DOF.TemporalAAQuality:1                ; more stable temporal accumulation]]
[2019.12.12-06.59.08:065][  0]LogConfig: Setting CVar [[r.DOF.Kernel.MaxForegroundRadius:0.025]]
[2019.12.12-06.59.08:065][  0]LogConfig: Setting CVar [[r.DOF.Kernel.MaxBackgroundRadius:0.025]]
[2019.12.12-06.59.08:065][  0]LogConfig: Applying CVar settings from Section [TextureQuality@3] File [C:/Users/john/Documents/Unreal Projects/Pacman2/Saved/Config/Windows/Scalability.ini]
[2019.12.12-06.59.08:065][  0]LogConfig: Setting CVar [[r.Streaming.MipBias:0]]
[2019.12.12-06.59.08:065][  0]LogConfig: Setting CVar [[r.Streaming.AmortizeCPUToGPUCopy:0]]
[2019.12.12-06.59.08:065][  0]LogConfig: Setting CVar [[r.Streaming.MaxNumTexturesToStreamPerFrame:0]]
[2019.12.12-06.59.08:065][  0]LogConfig: Setting CVar [[r.Streaming.Boost:1]]
[2019.12.12-06.59.08:065][  0]LogConfig: Setting CVar [[r.MaxAnisotropy:8]]
[2019.12.12-06.59.08:065][  0]LogConfig: Setting CVar [[r.Streaming.LimitPoolSizeToVRAM:0]]
[2019.12.12-06.59.08:065][  0]LogConfig: Setting CVar [[r.Streaming.PoolSize:1000]]
[2019.12.12-06.59.08:065][  0]LogConfig: Setting CVar [[r.Streaming.MaxEffectiveScreenSize:0]]
[2019.12.12-06.59.08:065][  0]LogConfig: Applying CVar settings from Section [EffectsQuality@3] File [C:/Users/john/Documents/Unreal Projects/Pacman2/Saved/Config/Windows/Scalability.ini]
[2019.12.12-06.59.08:065][  0]LogConfig: Setting CVar [[r.TranslucencyLightingVolumeDim:64]]
[2019.12.12-06.59.08:066][  0]LogConfig: Setting CVar [[r.RefractionQuality:2]]
[2019.12.12-06.59.08:066][  0]LogConfig: Setting CVar [[r.SSR.Quality:3]]
[2019.12.12-06.59.08:066][  0]LogConfig: Setting CVar [[r.SceneColorFormat:4]]
[2019.12.12-06.59.08:066][  0]LogConfig: Setting CVar [[r.DetailMode:2]]
[2019.12.12-06.59.08:067][  0]LogConfig: Setting CVar [[r.TranslucencyVolumeBlur:1]]
[2019.12.12-06.59.08:067][  0]LogConfig: Setting CVar [[r.MaterialQualityLevel:1 ; High quality]]
[2019.12.12-06.59.08:067][  0]LogConfig: Setting CVar [[r.SSS.Scale:1]]
[2019.12.12-06.59.08:067][  0]LogConfig: Setting CVar [[r.SSS.SampleSet:2]]
[2019.12.12-06.59.08:067][  0]LogConfig: Setting CVar [[r.SSS.Quality:1]]
[2019.12.12-06.59.08:067][  0]LogConfig: Setting CVar [[r.SSS.HalfRes:1]]
[2019.12.12-06.59.08:067][  0]LogConfig: Setting CVar [[r.EmitterSpawnRateScale:1.0]]
[2019.12.12-06.59.08:067][  0]LogConfig: Setting CVar [[r.ParticleLightQuality:2]]
[2019.12.12-06.59.08:067][  0]LogConfig: Applying CVar settings from Section [FoliageQuality@3] File [C:/Users/john/Documents/Unreal Projects/Pacman2/Saved/Config/Windows/Scalability.ini]
[2019.12.12-06.59.08:067][  0]LogConfig: Setting CVar [[foliage.DensityScale:1.0]]
[2019.12.12-06.59.08:067][  0]LogConfig: Setting CVar [[grass.DensityScale:1.0]]
[2019.12.12-06.59.08:067][  0]LogConfig: Applying CVar settings from Section [Startup] File [../../../Engine/Config/ConsoleVariables.ini]
[2019.12.12-06.59.08:068][  0]LogConfig: Setting CVar [[net.UseAdaptiveNetUpdateFrequency:0]]
[2019.12.12-06.59.08:068][  0]LogConfig: Setting CVar [[p.chaos.AllowCreatePhysxBodies:1]]
[2019.12.12-06.59.08:068][  0]LogConfig: Applying CVar settings from Section [ConsoleVariables] File [C:/Users/john/Documents/Unreal Projects/Pacman2/Saved/Config/Windows/Engine.ini]
[2019.12.12-06.59.08:069][  0]LogInit: Computer: DESKTOP-FOR252Q
[2019.12.12-06.59.08:069][  0]LogInit: User: john
[2019.12.12-06.59.08:069][  0]LogInit: CPU Page size=4096, Cores=2
[2019.12.12-06.59.08:069][  0]LogInit: High frequency timer resolution =10.000000 MHz
[2019.12.12-06.59.08:070][  0]LogMemory: Memory total: Physical=7.9GB (8GB approx)
[2019.12.12-06.59.08:071][  0]LogMemory: Platform Memory Stats for Windows
[2019.12.12-06.59.08:071][  0]LogMemory: Process Physical Memory: 100.25 MB used, 100.26 MB peak
[2019.12.12-06.59.08:071][  0]LogMemory: Process Virtual Memory: 99.55 MB used, 99.55 MB peak
[2019.12.12-06.59.08:071][  0]LogMemory: Physical Memory: 5217.73 MB used,  2861.84 MB free, 8079.57 MB total
[2019.12.12-06.59.08:071][  0]LogMemory: Virtual Memory: 4651.56 MB used,  134213080.00 MB free, 134217728.00 MB total
[2019.12.12-06.59.08:075][  0]LogWindows: WindowsPlatformFeatures enabled
[2019.12.12-06.59.08:183][  0]LogInit: Using OS detected language (en-US).
[2019.12.12-06.59.08:183][  0]LogInit: Using OS detected locale (en-US).
[2019.12.12-06.59.08:187][  0]LogTextLocalizationManager: No specific localization for 'en-US' exists, so the 'en' localization will be used.
[2019.12.12-06.59.09:031][  0]LogInit: Setting process to per monitor DPI aware
[2019.12.12-06.59.09:101][  0]LogSlate: New Slate User Created.  User Index 0, Is Virtual User: 0
[2019.12.12-06.59.09:101][  0]LogSlate: Slate User Registered.  User Index 0, Is Virtual User: 0
[2019.12.12-06.59.12:522][  0]LogHMD: Failed to initialize OpenVR with code 110
[2019.12.12-06.59.12:522][  0]LogD3D11RHI: D3D11 adapters:
[2019.12.12-06.59.12:654][  0]LogD3D11RHI:    0. 'Intel(R) HD Graphics 620' (Feature Level 11_0)
[2019.12.12-06.59.12:654][  0]LogD3D11RHI:       128/0/4039 MB DedicatedVideo/DedicatedSystem/SharedSystem, Outputs:1, VendorId:0x8086
[2019.12.12-06.59.12:660][  0]LogD3D11RHI:    1. 'Microsoft Basic Render Driver' (Feature Level 11_0)
[2019.12.12-06.59.12:660][  0]LogD3D11RHI:       0/0/4039 MB DedicatedVideo/DedicatedSystem/SharedSystem, Outputs:0, VendorId:0x1414
[2019.12.12-06.59.12:660][  0]LogD3D11RHI: Chosen D3D11 Adapter: 0
[2019.12.12-06.59.12:666][  0]LogD3D11RHI: Creating new Direct3DDevice
[2019.12.12-06.59.12:666][  0]LogD3D11RHI:     GPU DeviceId: 0x5916 (for the marketing name, search the web for "GPU Device Id")
[2019.12.12-06.59.12:666][  0]LogWindows: EnumDisplayDevices:
[2019.12.12-06.59.12:667][  0]LogWindows:    0. 'Intel(R) HD Graphics 620' (P:1 D:1)
[2019.12.12-06.59.12:667][  0]LogWindows:    1. 'Intel(R) HD Graphics 620' (P:0 D:0)
[2019.12.12-06.59.12:667][  0]LogWindows:    2. 'Intel(R) HD Graphics 620' (P:0 D:0)
[2019.12.12-06.59.12:668][  0]LogWindows: DebugString: FoundDriverCount:3 
[2019.12.12-06.59.12:668][  0]LogD3D11RHI:     Adapter Name: Intel(R) HD Graphics 620
[2019.12.12-06.59.12:668][  0]LogD3D11RHI:   Driver Version: 26.20.100.7463 (internal:26.20.100.7463, unified:26.20.100.7463)
[2019.12.12-06.59.12:668][  0]LogD3D11RHI:      Driver Date: 11-6-2019
[2019.12.12-06.59.12:668][  0]LogRHI: Texture pool is 1503 MB (70% of 2147 MB)
[2019.12.12-06.59.12:916][  0]LogD3D11RHI: [IntelMetricsDiscovery] Started
[2019.12.12-06.59.12:916][  0]LogD3D11RHI: Async texture creation enabled
[2019.12.12-06.59.12:942][  0]LogD3D11RHI: GPU Timing Frequency: 12.000048 (Debug: 2 0)
[2019.12.12-06.59.13:458][  0]LogTemp: Display: Module 'AllDesktopTargetPlatform' loaded TargetPlatform 'AllDesktop'
[2019.12.12-06.59.13:472][  0]LogTemp: Display: Module 'MacClientTargetPlatform' loaded TargetPlatform 'MacClient'
[2019.12.12-06.59.13:484][  0]LogTemp: Display: Module 'MacNoEditorTargetPlatform' loaded TargetPlatform 'MacNoEditor'
[2019.12.12-06.59.13:495][  0]LogTemp: Display: Module 'MacServerTargetPlatform' loaded TargetPlatform 'MacServer'
[2019.12.12-06.59.13:525][  0]LogTemp: Display: Module 'MacTargetPlatform' loaded TargetPlatform 'Mac'
[2019.12.12-06.59.13:541][  0]LogTemp: Display: Module 'WindowsClientTargetPlatform' loaded TargetPlatform 'WindowsClient'
[2019.12.12-06.59.13:556][  0]LogTemp: Display: Module 'WindowsNoEditorTargetPlatform' loaded TargetPlatform 'WindowsNoEditor'
[2019.12.12-06.59.13:573][  0]LogTemp: Display: Module 'WindowsServerTargetPlatform' loaded TargetPlatform 'WindowsServer'
[2019.12.12-06.59.13:579][  0]LogTemp: Display: Module 'WindowsTargetPlatform' loaded TargetPlatform 'Windows'
[2019.12.12-06.59.13:647][  0]LogTemp: Display: Module 'AndroidTargetPlatform' loaded TargetPlatform 'Android'
[2019.12.12-06.59.13:647][  0]LogTemp: Display: Module 'AndroidTargetPlatform' loaded TargetPlatform 'Android_ASTC'
[2019.12.12-06.59.13:647][  0]LogTemp: Display: Module 'AndroidTargetPlatform' loaded TargetPlatform 'Android_ATC'
[2019.12.12-06.59.13:647][  0]LogTemp: Display: Module 'AndroidTargetPlatform' loaded TargetPlatform 'Android_DXT'
[2019.12.12-06.59.13:647][  0]LogTemp: Display: Module 'AndroidTargetPlatform' loaded TargetPlatform 'Android_ETC1'
[2019.12.12-06.59.13:647][  0]LogTemp: Display: Module 'AndroidTargetPlatform' loaded TargetPlatform 'Android_ETC1a'
[2019.12.12-06.59.13:647][  0]LogTemp: Display: Module 'AndroidTargetPlatform' loaded TargetPlatform 'Android_ETC2'
[2019.12.12-06.59.13:647][  0]LogTemp: Display: Module 'AndroidTargetPlatform' loaded TargetPlatform 'Android_PVRTC'
[2019.12.12-06.59.13:647][  0]LogTemp: Display: Module 'AndroidTargetPlatform' loaded TargetPlatform 'AndroidClient'
[2019.12.12-06.59.13:647][  0]LogTemp: Display: Module 'AndroidTargetPlatform' loaded TargetPlatform 'Android_ASTCClient'
[2019.12.12-06.59.13:647][  0]LogTemp: Display: Module 'AndroidTargetPlatform' loaded TargetPlatform 'Android_ATCClient'
[2019.12.12-06.59.13:648][  0]LogTemp: Display: Module 'AndroidTargetPlatform' loaded TargetPlatform 'Android_DXTClient'
[2019.12.12-06.59.13:648][  0]LogTemp: Display: Module 'AndroidTargetPlatform' loaded TargetPlatform 'Android_ETC1Client'
[2019.12.12-06.59.13:648][  0]LogTemp: Display: Module 'AndroidTargetPlatform' loaded TargetPlatform 'Android_ETC1aClient'
[2019.12.12-06.59.13:648][  0]LogTemp: Display: Module 'AndroidTargetPlatform' loaded TargetPlatform 'Android_ETC2Client'
[2019.12.12-06.59.13:648][  0]LogTemp: Display: Module 'AndroidTargetPlatform' loaded TargetPlatform 'Android_PVRTCClient'
[2019.12.12-06.59.13:648][  0]LogTemp: Display: Module 'AndroidTargetPlatform' loaded TargetPlatform 'Android_Multi'
[2019.12.12-06.59.13:648][  0]LogTemp: Display: Module 'AndroidTargetPlatform' loaded TargetPlatform 'Android_MultiClient'
[2019.12.12-06.59.13:651][  0]LogTemp: Display: Module 'HTML5TargetPlatform' loaded TargetPlatform 'HTML5'
[2019.12.12-06.59.13:690][  0]LogTemp: Display: Module 'IOSTargetPlatform' loaded TargetPlatform 'IOSClient'
[2019.12.12-06.59.13:690][  0]LogTemp: Display: Module 'IOSTargetPlatform' loaded TargetPlatform 'IOS'
[2019.12.12-06.59.13:712][  0]LogTemp: Display: Module 'TVOSTargetPlatform' loaded TargetPlatform 'TVOSClient'
[2019.12.12-06.59.13:712][  0]LogTemp: Display: Module 'TVOSTargetPlatform' loaded TargetPlatform 'TVOS'
[2019.12.12-06.59.13:723][  0]LogTemp: Display: Module 'LinuxClientTargetPlatform' loaded TargetPlatform 'LinuxClient'
[2019.12.12-06.59.13:734][  0]LogTemp: Display: Module 'LinuxNoEditorTargetPlatform' loaded TargetPlatform 'LinuxNoEditor'
[2019.12.12-06.59.13:747][  0]LogTemp: Display: Module 'LinuxServerTargetPlatform' loaded TargetPlatform 'LinuxServer'
[2019.12.12-06.59.13:776][  0]LogTemp: Display: Module 'LinuxTargetPlatform' loaded TargetPlatform 'Linux'
[2019.12.12-06.59.13:815][  0]LogTemp: Display: Module 'LuminTargetPlatform' loaded TargetPlatform 'Lumin'
[2019.12.12-06.59.13:815][  0]LogTemp: Display: Module 'LuminTargetPlatform' loaded TargetPlatform 'LuminClient'
[2019.12.12-06.59.13:815][  0]LogTargetPlatformManager: Display: Building Assets For Windows
[2019.12.12-06.59.13:831][  0]LogAudioDebug: Display: Lib vorbis DLL was dynamically loaded.
[2019.12.12-06.59.13:945][  0]LogShaderCompilers: Guid format shader working directory is -17 characters bigger than the processId version (../../../../../../Users/john/Documents/Unreal Projects/Pacman2/Intermediate/Shaders/WorkingDirectory/7568/).
[2019.12.12-06.59.13:945][  0]LogShaderCompilers: Cleaned the shader compiler working directory 'C:/Users/john/AppData/Local/Temp/UnrealShaderWorkingDir/E82F96824A58B0ADB805CD9CF1ABA7A1/'.
[2019.12.12-06.59.13:948][  0]LogXGEController: Cleaning working directory: C:/Users/john/AppData/Local/Temp/UnrealXGEWorkingDir/
[2019.12.12-06.59.13:950][  0]LogShaderCompilers: Display: Using XGE Shader Compiler (Interception Interface).
[2019.12.12-06.59.17:274][  0]LogDerivedDataCache: Display: Max Cache Size: 512 MB
[2019.12.12-06.59.17:495][  0]LogDerivedDataCache: Loaded boot cache 0.22s 73MB C:/Users/john/AppData/Local/UnrealEngine/4.23/DerivedDataCache/Boot.ddc.
[2019.12.12-06.59.17:495][  0]LogDerivedDataCache: Display: Loaded Boot cache: C:/Users/john/AppData/Local/UnrealEngine/4.23/DerivedDataCache/Boot.ddc
[2019.12.12-06.59.17:495][  0]LogDerivedDataCache: FDerivedDataBackendGraph:  Pak pak cache file ../../../../../../Users/john/Documents/Unreal Projects/Pacman2/DerivedDataCache/DDC.ddp not found, will not use a pak cache.
[2019.12.12-06.59.17:495][  0]LogDerivedDataCache: Unable to find inner node Pak for hierarchical cache Hierarchy.
[2019.12.12-06.59.17:495][  0]LogDerivedDataCache: FDerivedDataBackendGraph:  CompressedPak pak cache file ../../../../../../Users/john/Documents/Unreal Projects/Pacman2/DerivedDataCache/Compressed.ddp not found, will not use a pak cache.
[2019.12.12-06.59.17:495][  0]LogDerivedDataCache: Unable to find inner node CompressedPak for hierarchical cache Hierarchy.
[2019.12.12-06.59.17:527][  0]LogDerivedDataCache: Display: Pak cache opened for reading ../../../Engine/DerivedDataCache/Compressed.ddp.
[2019.12.12-06.59.17:527][  0]LogDerivedDataCache: FDerivedDataBackendGraph:  EnterprisePak pak cache file ../../../Enterprise/DerivedDataCache/Compressed.ddp not found, will not use a pak cache.
[2019.12.12-06.59.17:527][  0]LogDerivedDataCache: Unable to find inner node EnterprisePak for hierarchical cache Hierarchy.
[2019.12.12-06.59.17:529][  0]LogDerivedDataCache: Using Local data cache path C:/Users/john/AppData/Local/UnrealEngine/Common/DerivedDataCache: Writable
[2019.12.12-06.59.17:529][  0]LogDerivedDataCache: Shared data cache path not found in *engine.ini, will not use an Shared cache.
[2019.12.12-06.59.17:529][  0]LogDerivedDataCache: Unable to find inner node Shared for hierarchical cache Hierarchy.
[2019.12.12-06.59.17:558][  0]LogMaterial: Verifying Global Shaders for PCD3D_SM5
[2019.12.12-06.59.17:568][  0]LogSlate: Using FreeType 2.6.0
[2019.12.12-06.59.17:570][  0]LogSlate: SlateFontServices - WITH_FREETYPE: 1, WITH_HARFBUZZ: 1
[2019.12.12-06.59.17:728][  0]LogAssetRegistry: FAssetRegistry took 0.0060 seconds to start up
[2019.12.12-06.59.18:309][  0]LogInit: Selected Device Profile: [Windows]
[2019.12.12-06.59.18:754][  0]LogMeshReduction: Using QuadricMeshReduction for automatic static mesh reduction
[2019.12.12-06.59.18:754][  0]LogMeshReduction: Using SimplygonMeshReduction for automatic skeletal mesh reduction
[2019.12.12-06.59.18:755][  0]LogMeshReduction: Using ProxyLODMeshReduction for automatic mesh merging
[2019.12.12-06.59.18:755][  0]LogMeshReduction: No distributed automatic mesh merging module available
[2019.12.12-06.59.18:756][  0]LogMeshMerging: No distributed automatic mesh merging module available
[2019.12.12-06.59.18:822][  0]LogNetVersion: Pacman2 1.0.0, NetCL: 8386587, EngineNetVer: 11, GameNetVer: 0 (Checksum: 199010827)
[2019.12.12-06.59.20:404][  0]LogPackageLocalizationCache: Processed 12 localized package path(s) for 1 prioritized culture(s) in 0.087333 seconds
[2019.12.12-06.59.20:413][  0]LogUObjectArray: 43444 objects as part of root set at end of initial load.
[2019.12.12-06.59.20:413][  0]LogUObjectAllocator: 7548648 out of 0 bytes used by permanent object pool.
[2019.12.12-06.59.20:413][  0]LogUObjectArray: CloseDisregardForGC: 0/0 objects in disregard for GC pool
[2019.12.12-06.59.25:320][  0]LogTcpMessaging: Initializing TcpMessaging bridge
[2019.12.12-06.59.25:327][  0]LogUdpMessaging: Initializing bridge on interface 0.0.0.0:0 to multicast group 230.0.0.1:6666.
[2019.12.12-06.59.25:693][  0]SourceControl: Source control is disabled
[2019.12.12-06.59.25:694][  0]SourceControl: Source control is disabled
[2019.12.12-06.59.25:706][  0]SourceControl: Source control is disabled
[2019.12.12-06.59.25:712][  0]SourceControl: Source control is disabled
[2019.12.12-06.59.25:992][  0]LogAndroidPermission: UAndroidPermissionCallbackProxy::GetInstance
[2019.12.12-06.59.26:260][  0]LogOcInput: OculusInput pre-init called
[2019.12.12-06.59.26:278][  0]LogWindows: Failed to load 'OVRPlugin.dll' (GetLastError=126)
[2019.12.12-06.59.26:278][  0]LogWindows: File 'OVRPlugin.dll' does not exist
[2019.12.12-06.59.26:523][  0]LogEngine: Initializing Engine...
[2019.12.12-06.59.26:526][  0]LogHMD: Failed to initialize OpenVR with code 110
[2019.12.12-06.59.26:532][  0]LogStats: UGameplayTagsManager::InitializeManager -  0.002 s
[2019.12.12-06.59.27:262][  0]LogInit: Initializing FReadOnlyCVARCache
[2019.12.12-06.59.27:297][  0]LogAIModule: Creating AISystem for world Untitled
[2019.12.12-06.59.27:510][  0]LogInit: XAudio2 using 'Speakers (Realtek High Definition Audio)' : 2 channels at 48 kHz using 32 bits per sample (channel mask 0x3)
[2019.12.12-06.59.27:570][  0]LogInit: FAudioDevice initialized.
[2019.12.12-06.59.27:571][  0]LogNetVersion: Set ProjectVersion to 1.0.0.0. Version Checksum will be recalculated on next use.
[2019.12.12-06.59.27:655][  0]LogDerivedDataCache: Saved boot cache 0.08s 73MB C:/Users/john/AppData/Local/UnrealEngine/4.23/DerivedDataCache/Boot.ddc.
[2019.12.12-06.59.27:668][  0]LogInit: Texture streaming: Enabled
[2019.12.12-06.59.27:719][  0]LogEngineSessionManager: EngineSessionManager initialized
[2019.12.12-06.59.27:719][  0]LogEngineSessionManager: EngineSessionManager sent abnormal shutdown report. Type=Crashed, SessionId={794B902D-4E41-4324-06FD-ACA31D4FF780}
[2019.12.12-06.59.27:720][  0]LogEditorSessionSummary: Verbose: Initializing EditorSessionSummaryWriter for editor session tracking
[2019.12.12-06.59.27:721][  0]LogEditorSessionSummary: EditorSessionSummaryWriter initialized
[2019.12.12-06.59.27:826][  0]LogInit: Transaction tracking system initialized
[2019.12.12-06.59.27:938][  0]BlueprintLog: New page: Editor Load
[2019.12.12-06.59.28:151][  0]LocalizationService: Localization service is disabled
[2019.12.12-06.59.29:241][  0]LogFileCache: Scanning file cache for directory 'C:/Users/john/Documents/Unreal Projects/Pacman2/Content/' took 0.01s
[2019.12.12-06.59.29:241][  0]LogCook: Display: Max memory allowance for cook 16384mb min free memory 0mb
[2019.12.12-06.59.29:241][  0]LogCook: Display: Mobile HDR setting 1
[2019.12.12-06.59.29:915][  0]SourceControl: Source control is disabled
[2019.12.12-06.59.29:917][  0]Cmd: MAP LOAD FILE="../../../../../../Users/john/Documents/Unreal Projects/Pacman2/Content/Levels/NewMap.umap" TEMPLATE=0 SHOWPROGRESS=1 FEATURELEVEL=3
[2019.12.12-06.59.29:919][  0]LightingResults: New page: Lighting Build
[2019.12.12-06.59.29:929][  0]LogWorld: UWorld::CleanupWorld for Untitled, bSessionEnded=true, bCleanupResources=true
[2019.12.12-06.59.29:934][  0]MapCheck: New page: Map Check
[2019.12.12-06.59.29:934][  0]LightingResults: New page: Lighting Build
[2019.12.12-06.59.29:969][  0]LogUObjectHash: Compacting FUObjectHashTables data took   1.98ms
[2019.12.12-06.59.30:297][  0]LogAIModule: Creating AISystem for world NewMap
[2019.12.12-06.59.30:332][  0]LogEditorServer: Finished looking for orphan Actors (0.000 secs)
[2019.12.12-06.59.30:380][  0]LogUObjectHash: Compacting FUObjectHashTables data took   2.31ms
[2019.12.12-06.59.30:381][  0]Cmd: MAP CHECKDEP NOCLEARLOG
[2019.12.12-06.59.30:382][  0]MapCheck: Map check complete: 0 Error(s), 0 Warning(s), took 0.581ms to complete.
[2019.12.12-06.59.30:382][  0]LogFileHelpers: Loading map 'NewMap' took 0.467
[2019.12.12-06.59.30:576][  0]LogSlate: Updating window title bar state: overlay mode, drag disabled, window buttons hidden, title bar hidden
[2019.12.12-06.59.30:585][  0]LogSlate: Updating window title bar state: overlay mode, drag disabled, window buttons hidden, title bar hidden
[2019.12.12-06.59.30:595][  0]LogSlate: Updating window title bar state: overlay mode, drag disabled, window buttons hidden, title bar hidden
[2019.12.12-06.59.30:604][  0]LogSlate: Updating window title bar state: overlay mode, drag disabled, window buttons hidden, title bar hidden
[2019.12.12-06.59.30:641][  0]LogCollectionManager: Loaded 0 collections in 0.002567 seconds
[2019.12.12-06.59.30:671][  0]LogFileCache: Scanning file cache for directory 'C:/Users/john/Documents/Unreal Projects/Pacman2/Saved/Collections/' took 0.00s
[2019.12.12-06.59.30:672][  0]LogFileCache: Scanning file cache for directory 'C:/Users/john/Documents/Unreal Projects/Pacman2/Content/Developers/john/Collections/' took 0.00s
[2019.12.12-06.59.30:672][  0]LogFileCache: Scanning file cache for directory 'C:/Users/john/Documents/Unreal Projects/Pacman2/Content/Collections/' took 0.00s
[2019.12.12-06.59.30:672][  0]LogCollectionManager: Rebuilt the GUID cache for 0 collections in 0.000003 seconds
[2019.12.12-06.59.30:686][  0]LogContentBrowser: Native class hierarchy populated in 0.0128 seconds. Added 2869 classes and 683 folders.
[2019.12.12-06.59.30:707][  0]LogContentBrowser: Native class hierarchy updated for 'WidgetCarousel' in 0.0008 seconds. Added 0 classes and 0 folders.
[2019.12.12-06.59.31:224][  0]LogContentBrowser: Native class hierarchy updated for 'AddContentDialog' in 0.0004 seconds. Added 0 classes and 0 folders.
[2019.12.12-06.59.31:237][  0]LogContentBrowser: Native class hierarchy updated for 'SceneOutliner' in 0.0005 seconds. Added 1 classes and 2 folders.
[2019.12.12-06.59.31:316][  0]LogSlate: Took 0.000248 seconds to synchronously load lazily loaded font '../../../Engine/Content/Slate/Fonts/Roboto-Regular.ttf' (155K)
[2019.12.12-06.59.31:318][  0]LogSlate: Took 0.000214 seconds to synchronously load lazily loaded font '../../../Engine/Content/Slate/Fonts/Roboto-Bold.ttf' (160K)
[2019.12.12-06.59.31:335][  0]LogSlate: Took 0.008853 seconds to synchronously load lazily loaded font '../../../Engine/Content/Editor/Slate/Fonts/FontAwesome.ttf' (139K)
[2019.12.12-06.59.31:620][  0]LogRenderer: Reallocating scene render targets to support 1208x572 Format 10 NumSamples 1 (Frame:1).
[2019.12.12-06.59.32:414][  0]LogContentBrowser: Native class hierarchy updated for 'HierarchicalLODOutliner' in 0.0004 seconds. Added 0 classes and 0 folders.
[2019.12.12-06.59.32:415][  0]LogLoad: (Engine Initialization) Total time: 28.76 seconds
[2019.12.12-06.59.32:415][  0]LogLoad: (Engine Initialization) Total Blueprint compile time: 0.00 seconds
[2019.12.12-06.59.32:490][  0]LogContentStreaming: Texture pool size now 1000 MB
[2019.12.12-06.59.32:519][  0]LogSlate: Took 0.006787 seconds to synchronously load lazily loaded font '../../../Engine/Content/Slate/Fonts/Roboto-Light.ttf' (167K)
[2019.12.12-06.59.34:531][ 25]LogAssetRegistry: Asset discovery search completed in 16.8056 seconds
[2019.12.12-06.59.34:537][ 25]LogCollectionManager: Rebuilt the object cache for 0 collections in 0.000006 seconds (found 0 objects)
[2019.12.12-06.59.34:538][ 25]LogCollectionManager: Fixed up redirectors for 0 collections in 0.000150 seconds (updated 0 objects)
[2019.12.12-07.01.31:141][463]LogSlate: FSceneViewport::OnFocusLost() reason 0
[2019.12.12-07.01.31:318][467]Candidate modules for hot reload:
[2019.12.12-07.01.31:318][467]  Pacman2
[2019.12.12-07.01.31:319][467]Launching UnrealBuildTool... [C:/Program Files/Epic Games/UE_4.23/Engine/Binaries/DotNET/UnrealBuildTool.exe  -ModuleWithSuffix=Pacman2,5234 Win64 Development -TargetType=Editor -Project="C:/Users/john/Documents/Unreal Projects/Pacman2/Pacman2.uproject" "C:/Users/john/Documents/Unreal Projects/Pacman2/Pacman2.uproject"  -IgnoreJunk]
[2019.12.12-07.01.31:325][467]Warning: Starting HotReload took  0.1s.
[2019.12.12-07.01.34:612][531]LogD3D11RHI: Error: Direct3DDevice->CreateBuffer(&Desc,pInitData,StructuredBufferResource.GetInitReference()) failed 
 at D:/Build/++UE4/Sync/Engine/Source/Runtime/Windows/D3D11RHI/Private/D3D11StructuredBuffer.cpp:77 
 with error E_OUTOFMEMORY
[2019.12.12-07.01.42:187][531]LogConsoleResponse:     32 = 32768 KB (2D 4096x4096 PF_ShadowDepth) PreShadowCacheDepthZ
[2019.12.12-07.01.42:187][531]LogConsoleResponse:     33 = 8192 KB (2D 2048x2048 PF_ShadowDepth) ShadowDepthAtlas
[2019.12.12-07.01.42:187][531]LogConsoleResponse:     75 = 6748 KB (2D 1208x572 PF_DepthStencil 4xMSAA) EditorPrimitivesDepth unused(1)
[2019.12.12-07.01.42:187][531]LogConsoleResponse:     77 = 5399 KB (2D 1208x572 PF_B8G8R8A8 RT 4xMSAA) EditorPrimitivesColor unused(1)
[2019.12.12-07.01.42:187][531]LogConsoleResponse:     55 = 5399 KB (2D 1208x572 PF_FloatRGBA RT UAV VRam) SceneColor unused(1) VRamInKB(Start/Size):<NONE>
[2019.12.12-07.01.42:187][531]LogConsoleResponse:     40 = 5399 KB (2D 1208x572 PF_FloatRGBA RT UAV VRam) SceneColor VRamInKB(Start/Size):<NONE>
[2019.12.12-07.01.42:187][531]LogConsoleResponse:     30 = 5399 KB (2D 1208x572 PF_FloatRGBA RT UAV) LightAccumulation
[2019.12.12-07.01.42:187][531]LogConsoleResponse:     46 = 5399 KB (2D 1208x572 PF_FloatRGBA RT) ScreenSpaceReflections unused(1)
[2019.12.12-07.01.42:187][531]LogConsoleResponse:     54 = 5399 KB (2D 1208x572 PF_FloatRGBA RT) SeparateTranslucency unused(1)
[2019.12.12-07.01.42:187][531]LogConsoleResponse:     56 = 5399 KB (2D 1208x572 PF_FloatRGBA RT) TemporalAA
[2019.12.12-07.01.42:187][531]LogConsoleResponse:     86 = 5399 KB (2D 1208x572 PF_FloatRGBA RT) TemporalAA unused(1)
[2019.12.12-07.01.42:187][531]LogConsoleResponse:     21 = 3374 KB (2D 1208x572 PF_DepthStencil VRam) SceneDepthZ VRamInKB(Start/Size):<NONE>
[2019.12.12-07.01.42:187][531]LogConsoleResponse:     34 = 2700 KB (2D 1208x572 PF_A2B10G10R10 RT) GBufferA unused(1)
[2019.12.12-07.01.42:187][531]LogConsoleResponse:     36 = 2700 KB (2D 1208x572 PF_B8G8R8A8 RT sRGB) GBufferC unused(1)
[2019.12.12-07.01.42:187][531]LogConsoleResponse:     35 = 2700 KB (2D 1208x572 PF_B8G8R8A8 RT VRam) GBufferB unused(1) VRamInKB(Start/Size):<NONE>
[2019.12.12-07.01.42:187][531]LogConsoleResponse:     45 = 2700 KB (2D 1208x572 PF_B8G8R8A8 RT VRam) LightAttenuation unused(1) VRamInKB(Start/Size):<NONE>
[2019.12.12-07.01.42:187][531]LogConsoleResponse:     76 = 2700 KB (2D 1208x572 PF_B8G8R8A8 RT VRam) SelectionComposited unused(1) VRamInKB(Start/Size):<NONE>
[2019.12.12-07.01.42:187][531]LogConsoleResponse:     74 = 2700 KB (2D 1208x572 PF_B8G8R8A8 RT VRam) Tonemap unused(1) VRamInKB(Start/Size):<NONE>
[2019.12.12-07.01.42:187][531]LogConsoleResponse:     37 = 2700 KB (2D 1208x572 PF_B8G8R8A8 RT) GBufferD unused(1)
[2019.12.12-07.01.42:187][531]LogConsoleResponse:     38 = 2700 KB (2D 1208x572 PF_B8G8R8A8 RT) GBufferE unused(1)
[2019.12.12-07.01.42:187][531]LogConsoleResponse:     87 = 2700 KB (2D 1208x572 PF_B8G8R8A8 RT) HitProxy unused(77)
[2019.12.12-07.01.42:187][531]LogConsoleResponse:     42 = 2700 KB (2D 1208x572 PF_G16R16 RT) Velocity unused(1)
[2019.12.12-07.01.42:187][531]LogConsoleResponse:     24 = 2048 KB (3D 64x64x64 PF_FloatRGBA RT UAV) TranslucentVolume0
[2019.12.12-07.01.42:187][531]LogConsoleResponse:     26 = 2048 KB (3D 64x64x64 PF_FloatRGBA RT UAV) TranslucentVolume1
[2019.12.12-07.01.42:187][531]LogConsoleResponse:     28 = 2048 KB (3D 64x64x64 PF_FloatRGBA RT UAV) TranslucentVolume2
[2019.12.12-07.01.42:187][531]LogConsoleResponse:     25 = 2048 KB (3D 64x64x64 PF_FloatRGBA RT UAV) TranslucentVolumeDir0
[2019.12.12-07.01.42:187][531]LogConsoleResponse:     27 = 2048 KB (3D 64x64x64 PF_FloatRGBA RT UAV) TranslucentVolumeDir1
[2019.12.12-07.01.42:187][531]LogConsoleResponse:     29 = 2048 KB (3D 64x64x64 PF_FloatRGBA RT UAV) TranslucentVolumeDir2
[2019.12.12-07.01.42:187][531]LogConsoleResponse:     85 = 2048 KB (Cube[2] 128 PF_FloatRGBA) ReflectionEnvs
[2019.12.12-07.01.42:187][531]LogConsoleResponse:     22 = 1687 KB (2D 604x286 PF_DepthStencil) SmallDepthZ
[2019.12.12-07.01.42:187][531]LogConsoleResponse:     39 = 1366 KB (2D 1024x512 PF_R16F RT VRam) HZB unused(1) VRamInKB(Start/Size):<NONE>
[2019.12.12-07.01.42:187][531]LogConsoleResponse:     31 = 1350 KB (2D 1208x286 PF_R32_UINT RT UAV) QuadOverdrawBuffer
[2019.12.12-07.01.42:187][531]LogConsoleResponse:     43 = 1350 KB (2D 604x286 PF_FloatRGBA RT VRam) AmbientOcclusionSetup unused(1) VRamInKB(Start/Size):<NONE>
[2019.12.12-07.01.42:187][531]LogConsoleResponse:     78 = 1024 KB (Cube 128 PF_FloatRGBA RT) ReflectionColorScratchCubemap0
[2019.12.12-07.01.42:187][531]LogConsoleResponse:     79 = 1024 KB (Cube 128 PF_FloatRGBA RT) ReflectionColorScratchCubemap1
[2019.12.12-07.01.42:187][531]LogConsoleResponse:     23 = 675 KB (2D 1208x572 PF_G8 RT UAV) ScreenSpaceAO
[2019.12.12-07.01.42:187][531]LogConsoleResponse:     44 = 675 KB (2D 604x286 PF_B8G8R8A8 RT VRam) AmbientOcclusion unused(1) VRamInKB(Start/Size):<NONE>
[2019.12.12-07.01.42:187][531]LogConsoleResponse:     57 = 675 KB (2D 604x286 PF_FloatRGB RT VRam) BloomBlurY unused(1) VRamInKB(Start/Size):<NONE>
[2019.12.12-07.01.42:187][531]LogConsoleResponse:     72 = 675 KB (2D 604x286 PF_FloatRGB RT) BloomBlurX unused(1)
[2019.12.12-07.01.42:188][531]LogConsoleResponse:     53 = 512 KB (3D 256x128x2 PF_FloatRGBA RT) AtmosphereDeltaJ
[2019.12.12-07.01.42:188][531]LogConsoleResponse:     52 = 512 KB (3D 256x128x2 PF_FloatRGBA RT) AtmosphereDeltaSM
[2019.12.12-07.01.42:188][531]LogConsoleResponse:     51 = 512 KB (3D 256x128x2 PF_FloatRGBA RT) AtmosphereDeltaSR
[2019.12.12-07.01.42:188][531]LogConsoleResponse:     50 = 512 KB (3D 256x128x2 PF_FloatRGBA RT) AtmosphereInscatter
[2019.12.12-07.01.42:188][531]LogConsoleResponse:      3 = 256 KB (2D 256x256 PF_B8G8R8A8) HZBResultsCPU
[2019.12.12-07.01.42:188][531]LogConsoleResponse:      2 = 256 KB (2D 256x256 PF_B8G8R8A8) HZBResultsCPU
[2019.12.12-07.01.42:188][531]LogConsoleResponse:      4 = 256 KB (2D 256x256 PF_B8G8R8A8) HZBResultsCPU
[2019.12.12-07.01.42:188][531]LogConsoleResponse:      1 = 256 KB (2D 256x256 PF_B8G8R8A8) HZBResultsCPU
[2019.12.12-07.01.42:188][531]LogConsoleResponse:     62 = 169 KB (2D 302x143 PF_FloatRGB RT VRam) BloomBlurY unused(1) VRamInKB(Start/Size):<NONE>
[2019.12.12-07.01.42:188][531]LogConsoleResponse:     71 = 169 KB (2D 302x143 PF_FloatRGB RT) BloomBlurX unused(1)
[2019.12.12-07.01.42:188][531]LogConsoleResponse:     47 = 128 KB (2D 256x64 PF_FloatRGBA RT) AtmosphereTransmittance
[2019.12.12-07.01.42:188][531]LogConsoleResponse:     73 = 128 KB (3D 32x32x32 PF_A2B10G10R10 RT VRam) CombineLUTs VRamInKB(Start/Size):<NONE>
[2019.12.12-07.01.42:188][531]LogConsoleResponse:     10 = 64 KB (2D 128x128 PF_B8G8R8A8) PerlinNoiseGradient
[2019.12.12-07.01.42:188][531]LogConsoleResponse:     80 = 64 KB (Cube 32 PF_FloatRGBA RT) DiffuseIrradianceScratchCubemap0
[2019.12.12-07.01.42:188][531]LogConsoleResponse:     81 = 64 KB (Cube 32 PF_FloatRGBA RT) DiffuseIrradianceScratchCubemap1
[2019.12.12-07.01.42:188][531]LogConsoleResponse:     63 = 43 KB (2D 151x72 PF_FloatRGB RT VRam) BloomBlurY unused(1) VRamInKB(Start/Size):<NONE>
[2019.12.12-07.01.42:188][531]LogConsoleResponse:     70 = 43 KB (2D 151x72 PF_FloatRGB RT) BloomBlurX unused(1)
[2019.12.12-07.01.42:188][531]LogConsoleResponse:     41 = 32 KB (2D 64x64 PF_A16B16G16R16) SSProfiles
[2019.12.12-07.01.42:188][531]LogConsoleResponse:     19 = 32 KB (2D 64x64 PF_FloatRGBA VRam) LTCMat VRamInKB(Start/Size):<NONE>
[2019.12.12-07.01.42:188][531]LogConsoleResponse:     18 = 16 KB (2D 128x32 PF_G16R16) PreintegratedGF
[2019.12.12-07.01.42:188][531]LogConsoleResponse:     20 = 16 KB (2D 64x64 PF_G16R16F VRam) LTCAmp VRamInKB(Start/Size):<NONE>
[2019.12.12-07.01.42:188][531]LogConsoleResponse:     16 = 16 KB (3D 16x16x16 PF_B8G8R8A8) PerlinNoise3D
[2019.12.12-07.01.42:188][531]LogConsoleResponse:     58 = 12 KB (2D 16x90 PF_FloatRGBA RT UAV VRam) Histogram unused(1) VRamInKB(Start/Size):<NONE>
[2019.12.12-07.01.42:188][531]LogConsoleResponse:     83 = 11 KB (2D 64x64 PF_R16F RT VRam) HZB unused(528) VRamInKB(Start/Size):<NONE>
[2019.12.12-07.01.42:188][531]LogConsoleResponse:     64 = 11 KB (2D 76x36 PF_FloatRGB RT VRam) BloomBlurY unused(1) VRamInKB(Start/Size):<NONE>
[2019.12.12-07.01.42:188][531]LogConsoleResponse:     69 = 11 KB (2D 76x36 PF_FloatRGB RT) BloomBlurX unused(1)
[2019.12.12-07.01.42:188][531]LogConsoleResponse:     49 = 8 KB (2D 64x16 PF_FloatRGBA RT) AtmosphereDeltaE
[2019.12.12-07.01.42:188][531]LogConsoleResponse:     48 = 8 KB (2D 64x16 PF_FloatRGBA RT) AtmosphereIrradiance
[2019.12.12-07.01.42:188][531]LogConsoleResponse:     17 = 8 KB (2D 64x64 PF_R8G8) SSAORandomization
[2019.12.12-07.01.42:188][531]LogConsoleResponse:     65 = 3 KB (2D 38x18 PF_FloatRGB RT VRam) BloomBlurY unused(1) VRamInKB(Start/Size):<NONE>
[2019.12.12-07.01.42:188][531]LogConsoleResponse:     68 = 3 KB (2D 38x18 PF_FloatRGB RT) BloomBlurX unused(1)
[2019.12.12-07.01.42:188][531]LogConsoleResponse:     59 = 1 KB (2D 16x2 PF_A32B32G32R32F RT VRam) HistogramReduce unused(1) VRamInKB(Start/Size):<NONE>
[2019.12.12-07.01.42:188][531]LogConsoleResponse:     66 = 1 KB (2D 19x9 PF_FloatRGB RT VRam) BloomBlurY unused(1) VRamInKB(Start/Size):<NONE>
[2019.12.12-07.01.42:188][531]LogConsoleResponse:     67 = 1 KB (2D 19x9 PF_FloatRGB RT) BloomBlurX unused(1)
[2019.12.12-07.01.42:188][531]LogConsoleResponse:     61 = 1 KB (2D 1x1 PF_A32B32G32R32F RT UAV) EyeAdaptation
[2019.12.12-07.01.42:188][531]LogConsoleResponse:     60 = 1 KB (2D 1x1 PF_A32B32G32R32F RT UAV) EyeAdaptation
[2019.12.12-07.01.42:188][531]LogConsoleResponse:      7 = 1 KB (2D 1x1 PF_B8G8R8A8 RT) BlackAlphaOneDummy
[2019.12.12-07.01.42:189][531]LogConsoleResponse:      6 = 1 KB (2D 1x1 PF_B8G8R8A8 RT) BlackDummy
[2019.12.12-07.01.42:189][531]LogConsoleResponse:      9 = 1 KB (2D 1x1 PF_B8G8R8A8 RT) DefaultNormal8Bit
[2019.12.12-07.01.42:189][531]LogConsoleResponse:      8 = 1 KB (2D 1x1 PF_B8G8R8A8 RT) GreenDummy
[2019.12.12-07.01.42:189][531]LogConsoleResponse:      5 = 1 KB (2D 1x1 PF_B8G8R8A8 RT) WhiteDummy
[2019.12.12-07.01.42:189][531]LogConsoleResponse:     12 = 1 KB (2D 1x1 PF_DepthStencil) DepthDummy
[2019.12.12-07.01.42:189][531]LogConsoleResponse:     11 = 1 KB (2D 1x1 PF_FloatRGBA RT) MaxFP16Depth
[2019.12.12-07.01.42:189][531]LogConsoleResponse:     13 = 1 KB (2D 1x1 PF_FloatRGBA RT) MidGreyDummy
[2019.12.12-07.01.42:189][531]LogConsoleResponse:     84 = 1 KB (2D 1x1 PF_FloatRGBA RT) ReflectionBrightness unused(528)
[2019.12.12-07.01.42:189][531]LogConsoleResponse:     14 = 1 KB (2D 32x16 PF_R16_UINT) SobolSampling
[2019.12.12-07.01.42:189][531]LogConsoleResponse:     82 = 1 KB (2D 9x1 PF_FloatRGBA RT) SkySHIrradianceMap
[2019.12.12-07.01.42:189][531]LogConsoleResponse:     15 = 1 KB (3D 1x1x1 PF_B8G8R8A8 RT) VolumetricBlackDummy
[2019.12.12-07.01.42:189][531]LogConsoleResponse: 
[2019.12.12-07.01.42:189][531]LogConsoleResponse: Pool: 78/147 MB (referenced/allocated)
[2019.12.12-07.01.42:191][531]Cmd: rhi.DumpMemory
[2019.12.12-07.01.42:351][531]RHI resource memory (not tracked by our allocator)
[2019.12.12-07.01.42:357][531]         2228160  -  Render target memory Cube - STAT_RenderTargetMemoryCube - STATGROUP_RHI - STATCAT_Advanced
[2019.12.12-07.01.42:357][531]        14811140  -  Render target memory 3D - STAT_RenderTargetMemory3D - STATGROUP_RHI - STATCAT_Advanced
[2019.12.12-07.01.42:357][531]         1075872  -  Uniform buffer memory - STAT_UniformBufferMemory - STATGROUP_RHI - STATCAT_Advanced
[2019.12.12-07.01.42:357][531]          630570  -  Texture memory 3D - STAT_TextureMemory3D - STATGROUP_RHI - STATCAT_Advanced
[2019.12.12-07.01.42:357][531]        91552388  -  Texture memory 2D - STAT_TextureMemory2D - STATGROUP_RHI - STATCAT_Advanced
[2019.12.12-07.01.42:357][531]        19988580  -  Texture memory Cube - STAT_TextureMemoryCube - STATGROUP_RHI - STATCAT_Advanced
[2019.12.12-07.01.42:357][531]       256855333  -  Render target memory 2D - STAT_RenderTargetMemory2D - STATGROUP_RHI - STATCAT_Advanced
[2019.12.12-07.01.42:357][531]          297764  -  Structured buffer memory - STAT_StructuredBufferMemory - STATGROUP_RHI - STATCAT_Advanced
[2019.12.12-07.01.42:357][531]        24773708  -  Vertex buffer memory - STAT_VertexBufferMemory - STATGROUP_RHI - STATCAT_Advanced
[2019.12.12-07.01.42:357][531]         3785050  -  Index buffer memory - STAT_IndexBufferMemory - STATGROUP_RHI - STATCAT_Advanced
[2019.12.12-07.01.42:357][531]396.727MB total
[2019.12.12-07.01.42:359][531]Cmd: Mem FromReport
[2019.12.12-07.01.42:363][531]LogWindows: FPlatformMisc::RequestExit(1)
[2019.12.12-07.01.42:363][531]LogMemory: Platform Memory Stats for Windows
[2019.12.12-07.01.42:363][531]LogMemory: Process Physical Memory: 662.30 MB used, 1212.27 MB peak
[2019.12.12-07.01.42:363][531]LogMemory: Process Virtual Memory: 1154.39 MB used, 1187.51 MB peak
[2019.12.12-07.01.42:363][531]LogMemory: Physical Memory: 7399.60 MB used,  679.96 MB free, 8079.57 MB total
[2019.12.12-07.01.42:363][531]LogMemory: Virtual Memory: 6261.61 MB used,  134211464.00 MB free, 134217728.00 MB total
[2019.12.12-07.01.42:363][531]LogMemory: 
[2019.12.12-07.01.42:363][531]Allocator Stats for TBB: (not implemented)
[2019.12.12-07.01.42:363][531]LogMemory: Memory Stats:
[2019.12.12-07.01.42:363][531]LogMemory: FMemStack (gamethread) current size = 0.00 MB
[2019.12.12-07.01.42:363][531]LogMemory: FPageAllocator (all threads) allocation size [used/ unused] = [0.13 / 0.25] MB
[2019.12.12-07.01.42:363][531]LogMemory: Nametable memory usage = 5.45 MB
[2019.12.12-07.01.42:369][531]LogMemory: AssetRegistry memory usage = 9.35 MB
[2019.12.12-07.01.42:383][531]LogMemory:            16352  -  Light interaction memory - STAT_LightInteractionMemory - STATGROUP_SceneMemory - STATCAT_Advanced
[2019.12.12-07.01.42:383][531]LogMemory:           404800  -  Rendering mem stack memory - STAT_RenderingMemStackMemory - STATGROUP_SceneMemory - STATCAT_Advanced
[2019.12.12-07.01.42:383][531]LogMemory:            28904  -  ViewState memory - STAT_ViewStateMemory - STATGROUP_SceneMemory - STATCAT_Advanced
[2019.12.12-07.01.42:383][531]LogMemory:            35624  -  Scene memory - STAT_RenderingSceneMemory - STATGROUP_SceneMemory - STATCAT_Advanced
[2019.12.12-07.01.42:383][531]LogMemory:           260684  -  Primitive memory - STAT_PrimitiveInfoMemory - STATGROUP_SceneMemory - STATCAT_Advanced
[2019.12.12-07.01.42:383][531]LogMemory:          2228160  -  Render target memory Cube - STAT_RenderTargetMemoryCube - STATGROUP_RHI - STATCAT_Advanced
[2019.12.12-07.01.42:383][531]LogMemory:         14811140  -  Render target memory 3D - STAT_RenderTargetMemory3D - STATGROUP_RHI - STATCAT_Advanced
[2019.12.12-07.01.42:383][531]LogMemory:          1075872  -  Uniform buffer memory - STAT_UniformBufferMemory - STATGROUP_RHI - STATCAT_Advanced
[2019.12.12-07.01.42:383][531]LogMemory:           630570  -  Texture memory 3D - STAT_TextureMemory3D - STATGROUP_RHI - STATCAT_Advanced
[2019.12.12-07.01.42:383][531]LogMemory:         91552388  -  Texture memory 2D - STAT_TextureMemory2D - STATGROUP_RHI - STATCAT_Advanced
[2019.12.12-07.01.42:383][531]LogMemory:         19988580  -  Texture memory Cube - STAT_TextureMemoryCube - STATGROUP_RHI - STATCAT_Advanced
[2019.12.12-07.01.42:383][531]LogMemory:        256855333  -  Render target memory 2D - STAT_RenderTargetMemory2D - STATGROUP_RHI - STATCAT_Advanced
[2019.12.12-07.01.42:383][531]LogMemory:           297764  -  Structured buffer memory - STAT_StructuredBufferMemory - STATGROUP_RHI - STATCAT_Advanced
[2019.12.12-07.01.42:383][531]LogMemory:         24773708  -  Vertex buffer memory - STAT_VertexBufferMemory - STATGROUP_RHI - STATCAT_Advanced
[2019.12.12-07.01.42:383][531]LogMemory:          3785050  -  Index buffer memory - STAT_IndexBufferMemory - STATGROUP_RHI - STATCAT_Advanced
[2019.12.12-07.01.42:383][531]LogMemory:            95908  -  Audio Memory Used - STAT_AudioMemory - STATGROUP_Memory - STATCAT_Advanced
[2019.12.12-07.01.42:383][531]LogMemory:                0  -  MemStack Large Block - STAT_MemStackLargeBLock - STATGROUP_Memory - STATCAT_Advanced
[2019.12.12-07.01.42:383][531]LogMemory:                0  -  PageAllocator Used - STAT_PageAllocatorUsed - STATGROUP_Memory - STATCAT_Advanced
[2019.12.12-07.01.42:383][531]LogMemory:           393216  -  PageAllocator Free - STAT_PageAllocatorFree - STATGROUP_Memory - STATCAT_Advanced
[2019.12.12-07.01.42:384][531]LogMemory:           434736  -  Navigation Memory - STAT_NavigationMemory - STATGROUP_Memory - STATCAT_Advanced
[2019.12.12-07.01.42:384][531]LogMemory:          2434660  -  StaticMesh Total Memory - STAT_StaticMeshTotalMemory - STATGROUP_Memory - STATCAT_Advanced
[2019.12.12-07.01.42:384][531]LogMemory:         73273924  -  Texture Memory Used - STAT_TextureMemory - STATGROUP_Memory - STATCAT_Advanced
[2019.12.12-07.01.42:384][531]LogMemory:           705793  -  VertexShader Memory - STAT_VertexShaderMemory - STATGROUP_Memory - STATCAT_Advanced
[2019.12.12-07.01.42:384][531]LogMemory:          4583951  -  PixelShader Memory - STAT_PixelShaderMemory - STATGROUP_Memory - STATCAT_Advanced
[2019.12.12-07.01.42:384][531]LogMemory:         15522195  -  Used Streaming Pool [Wanted] - MCR_UsedStreamingPool - STATGROUP_Memory - STATCAT_Advanced
[2019.12.12-07.01.42:384][531]LogMemory:       1048576000  -  Streaming Texture Pool [Streaming] - MCR_StreamingPool - STATGROUP_Memory - STATCAT_Advanced
[2019.12.12-07.01.42:384][531]LogMemory:       1048576000  -  Texture Memory Pool [Texture] - MCR_TexturePool - STATGROUP_Memory - STATCAT_Advanced
[2019.12.12-07.01.42:384][531]LogMemory:                0  -  GPU Memory Pool [GPU] - MCR_GPU - STATGROUP_Memory - STATCAT_Advanced
[2019.12.12-07.01.42:384][531]LogMemory:                0  -  Total Physical Memory Pool (CPU + GPU) [PhysicalLLM] - MCR_PhysicalLLM - STATGROUP_Memory - STATCAT_Advanced
[2019.12.12-07.01.42:384][531]LogMemory:                0  -  Physical Memory Pool [Physical] - MCR_Physical - STATGROUP_Memory - STATCAT_Advanced
[2019.12.12-07.01.42:384][531]LogMemory:          3940834  -  ICU Data File Memory Used - STAT_MemoryICUDataFileAllocationSize - STATGROUP_Memory - STATCAT_Advanced
[2019.12.12-07.01.42:384][531]LogMemory:                0  -  TEXTUREGROUP_Project10 - STAT_TEXTUREGROUP_Project10 - STATGROUP_TextureGroup - STATCAT_Advanced
[2019.12.12-07.01.42:384][531]LogMemory:                0  -  TEXTUREGROUP_Project09 - STAT_TEXTUREGROUP_Project09 - STATGROUP_TextureGroup - STATCAT_Advanced
[2019.12.12-07.01.42:384][531]LogMemory:                0  -  TEXTUREGROUP_Project08 - STAT_TEXTUREGROUP_Project08 - STATGROUP_TextureGroup - STATCAT_Advanced
[2019.12.12-07.01.42:384][531]LogMemory:                0  -  TEXTUREGROUP_Project07 - STAT_TEXTUREGROUP_Project07 - STATGROUP_TextureGroup - STATCAT_Advanced
[2019.12.12-07.01.42:384][531]LogMemory:                0  -  TEXTUREGROUP_Project06 - STAT_TEXTUREGROUP_Project06 - STATGROUP_TextureGroup - STATCAT_Advanced
[2019.12.12-07.01.42:384][531]LogMemory:                0  -  TEXTUREGROUP_Project05 - STAT_TEXTUREGROUP_Project05 - STATGROUP_TextureGroup - STATCAT_Advanced
[2019.12.12-07.01.42:384][531]LogMemory:                0  -  TEXTUREGROUP_Project04 - STAT_TEXTUREGROUP_Project04 - STATGROUP_TextureGroup - STATCAT_Advanced
[2019.12.12-07.01.42:384][531]LogMemory:                0  -  TEXTUREGROUP_Project03 - STAT_TEXTUREGROUP_Project03 - STATGROUP_TextureGroup - STATCAT_Advanced
[2019.12.12-07.01.42:384][531]LogMemory:                0  -  TEXTUREGROUP_Project02 - STAT_TEXTUREGROUP_Project02 - STATGROUP_TextureGroup - STATCAT_Advanced
[2019.12.12-07.01.42:384][531]LogMemory:                0  -  TEXTUREGROUP_Project01 - STAT_TEXTUREGROUP_Project01 - STATGROUP_TextureGroup - STATCAT_Advanced
[2019.12.12-07.01.42:384][531]LogMemory:                0  -  TEXTUREGROUP_16BitData - STAT_TEXTUREGROUP_16BitData - STATGROUP_TextureGroup - STATCAT_Advanced
[2019.12.12-07.01.42:384][531]LogMemory:                0  -  TEXTUREGROUP_8BitData - STAT_TEXTUREGROUP_8BitData - STATGROUP_TextureGroup - STATCAT_Advanced
[2019.12.12-07.01.42:384][531]LogMemory:                0  -  TEXTUREGROUP_ImpostorNormalDepth - STAT_TEXTUREGROUP_ImpostorNormalDepth - STATGROUP_TextureGroup - STATCAT_Advanced
[2019.12.12-07.01.42:384][531]LogMemory:                0  -  TEXTUREGROUP_Impostor - STAT_TEXTUREGROUP_Impostor - STATGROUP_TextureGroup - STATCAT_Advanced
[2019.12.12-07.01.42:384][531]LogMemory:                0  -  TEXTUREGROUP_HierarchicalLOD - STAT_TEXTUREGROUP_HierarchicalLOD - STATGROUP_TextureGroup - STATCAT_Advanced
[2019.12.12-07.01.42:384][531]LogMemory:                0  -  TEXTUREGROUP_Pixels2D - STAT_TEXTUREGROUP_Pixels2D - STATGROUP_TextureGroup - STATCAT_Advanced
[2019.12.12-07.01.42:385][531]LogMemory:                0  -  TEXTUREGROUP_IESLightProfile - STAT_TEXTUREGROUP_IESLightProfile - STATGROUP_TextureGroup - STATCAT_Advanced
[2019.12.12-07.01.42:385][531]LogMemory:            21844  -  TEXTUREGROUP_Bokeh - STAT_TEXTUREGROUP_Bokeh - STATGROUP_TextureGroup - STATCAT_Advanced
[2019.12.12-07.01.42:385][531]LogMemory:                0  -  TEXTUREGROUP_Terrain_Weightmap - STAT_TEXTUREGROUP_Terrain_Weightmap - STATGROUP_TextureGroup - STATCAT_Advanced
[2019.12.12-07.01.42:385][531]LogMemory:                0  -  TEXTUREGROUP_Terrain_Heightmap - STAT_TEXTUREGROUP_Terrain_Heightmap - STATGROUP_TextureGroup - STATCAT_Advanced
[2019.12.12-07.01.42:385][531]LogMemory:                0  -  TEXTUREGROUP_ColorLookupTable - STAT_TEXTUREGROUP_ColorLookupTable - STATGROUP_TextureGroup - STATCAT_Advanced
[2019.12.12-07.01.42:385][531]LogMemory:           350892  -  TEXTUREGROUP_Shadowmap - STAT_TEXTUREGROUP_Shadowmap - STATGROUP_TextureGroup - STATCAT_Advanced
[2019.12.12-07.01.42:385][531]LogMemory:                0  -  TEXTUREGROUP_ProcBuilding_LightMap - STAT_TEXTUREGROUP_ProcBuilding_LightMap - STATGROUP_TextureGroup - STATCAT_Advanced
[2019.12.12-07.01.42:385][531]LogMemory:                0  -  TEXTUREGROUP_ProcBuilding_Face - STAT_TEXTUREGROUP_ProcBuilding_Face - STATGROUP_TextureGroup - STATCAT_Advanced
[2019.12.12-07.01.42:385][531]LogMemory:                0  -  TEXTUREGROUP_MobileFlattened - STAT_TEXTUREGROUP_MobileFlattened - STATGROUP_TextureGroup - STATCAT_Advanced
[2019.12.12-07.01.42:385][531]LogMemory:                0  -  TEXTUREGROUP_RenderTarget - STAT_TEXTUREGROUP_RenderTarget - STATGROUP_TextureGroup - STATCAT_Advanced
[2019.12.12-07.01.42:385][531]LogMemory:          1409104  -  TEXTUREGROUP_Lightmap - STAT_TEXTUREGROUP_Lightmap - STATGROUP_TextureGroup - STATCAT_Advanced
[2019.12.12-07.01.42:385][531]LogMemory:          3306836  -  TEXTUREGROUP_UI - STAT_TEXTUREGROUP_UI - STATGROUP_TextureGroup - STATCAT_Advanced
[2019.12.12-07.01.42:385][531]LogMemory:          3670044  -  TEXTUREGROUP_Skybox - STAT_TEXTUREGROUP_Skybox - STATGROUP_TextureGroup - STATCAT_Advanced
[2019.12.12-07.01.42:385][531]LogMemory:                0  -  TEXTUREGROUP_EffectsNotFiltered - STAT_TEXTUREGROUP_EffectsNotFiltered - STATGROUP_TextureGroup - STATCAT_Advanced
[2019.12.12-07.01.42:385][531]LogMemory:            32764  -  TEXTUREGROUP_Effects - STAT_TEXTUREGROUP_Effects - STATGROUP_TextureGroup - STATCAT_Advanced
[2019.12.12-07.01.42:385][531]LogMemory:                0  -  TEXTUREGROUP_Cinematic - STAT_TEXTUREGROUP_Cinematic - STATGROUP_TextureGroup - STATCAT_Advanced
[2019.12.12-07.01.42:385][531]LogMemory:                0  -  TEXTUREGROUP_VehicleSpecular - STAT_TEXTUREGROUP_VehicleSpecular - STATGROUP_TextureGroup - STATCAT_Advanced
[2019.12.12-07.01.42:385][531]LogMemory:                0  -  TEXTUREGROUP_VehicleNormalMap - STAT_TEXTUREGROUP_VehicleNormalMap - STATGROUP_TextureGroup - STATCAT_Advanced
[2019.12.12-07.01.42:385][531]LogMemory:                0  -  TEXTUREGROUP_Vehicle - STAT_TEXTUREGROUP_Vehicle - STATGROUP_TextureGroup - STATCAT_Advanced
[2019.12.12-07.01.42:387][531]LogMemory:                0  -  TEXTUREGROUP_WeaponSpecular - STAT_TEXTUREGROUP_WeaponSpecular - STATGROUP_TextureGroup - STATCAT_Advanced
[2019.12.12-07.01.42:387][531]LogMemory:                0  -  TEXTUREGROUP_WeaponNormalMap - STAT_TEXTUREGROUP_WeaponNormalMap - STATGROUP_TextureGroup - STATCAT_Advanced
[2019.12.12-07.01.42:387][531]LogMemory:                0  -  TEXTUREGROUP_Weapon - STAT_TEXTUREGROUP_Weapon - STATGROUP_TextureGroup - STATCAT_Advanced
[2019.12.12-07.01.42:387][531]LogMemory:                0  -  TEXTUREGROUP_CharacterSpecular - STAT_TEXTUREGROUP_CharacterSpecular - STATGROUP_TextureGroup - STATCAT_Advanced
[2019.12.12-07.01.42:387][531]LogMemory:                0  -  TEXTUREGROUP_CharacterNormalMap - STAT_TEXTUREGROUP_CharacterNormalMap - STATGROUP_TextureGroup - STATCAT_Advanced
[2019.12.12-07.01.42:387][531]LogMemory:                0  -  TEXTUREGROUP_Character - STAT_TEXTUREGROUP_Character - STATGROUP_TextureGroup - STATCAT_Advanced
[2019.12.12-07.01.42:387][531]LogMemory:                0  -  TEXTUREGROUP_WorldSpecular - STAT_TEXTUREGROUP_WorldSpecular - STATGROUP_TextureGroup - STATCAT_Advanced
[2019.12.12-07.01.42:387][531]LogMemory:          5696308  -  TEXTUREGROUP_WorldNormalMap - STAT_TEXTUREGROUP_WorldNormalMap - STATGROUP_TextureGroup - STATCAT_Advanced
[2019.12.12-07.01.42:387][531]LogMemory:         58786132  -  TEXTUREGROUP_World - STAT_TEXTUREGROUP_World - STATGROUP_TextureGroup - STATCAT_Advanced
[2019.12.12-07.01.42:405][531]Log file closed, 12/12/19 16:01:42
