Log file open, 12/16/19 07:04:40
LogWindows: Failed to load 'aqProf.dll' (GetLastError=126)
LogWindows: File 'aqProf.dll' does not exist
LogWindows: Failed to load 'VtuneApi.dll' (GetLastError=126)
LogWindows: File 'VtuneApi.dll' does not exist
LogWindows: Failed to load 'VtuneApi32e.dll' (GetLastError=126)
LogWindows: File 'VtuneApi32e.dll' does not exist
LogConsoleResponse: Display: Failed to find resolution value strings in scalability ini. Falling back to default.
LogInit: Display: Running engine for game: Pacman2
LogPlatformFile: Not using cached read wrapper
LogTaskGraph: Started task graph with 5 named threads and 11 total threads with 3 sets of task threads.
LogStats: Stats thread started at 0.081300
LogD3D11RHI: Loaded GFSDK_Aftermath_Lib.x64.dll
LogICUInternationalization: ICU TimeZone Detection - Raw Offset: +9:00, Platform Override: ''
LogPluginManager: Mounting plugin Paper2D
LogPluginManager: Mounting plugin AISupport
LogPluginManager: Mounting plugin LightPropagationVolume
LogPluginManager: Mounting plugin ActorLayerUtilities
LogPluginManager: Mounting plugin AnimationSharing
LogPluginManager: Mounting plugin CLionSourceCodeAccess
LogPluginManager: Mounting plugin CodeLiteSourceCodeAccess
LogPluginManager: Mounting plugin GitSourceControl
LogPluginManager: Mounting plugin KDevelopSourceCodeAccess
LogPluginManager: Mounting plugin NullSourceCodeAccess
LogPluginManager: Mounting plugin PerforceSourceControl
LogPluginManager: Mounting plugin SubversionSourceControl
LogPluginManager: Mounting plugin UObjectPlugin
LogPluginManager: Mounting plugin VisualStudioCodeSourceCodeAccess
LogPluginManager: Mounting plugin VisualStudioSourceCodeAccess
LogPluginManager: Mounting plugin XCodeSourceCodeAccess
LogPluginManager: Mounting plugin AssetManagerEditor
LogPluginManager: Mounting plugin CryptoKeys
LogPluginManager: Mounting plugin CurveEditorTools
LogPluginManager: Mounting plugin DataValidation
LogPluginManager: Mounting plugin FacialAnimation
LogPluginManager: Mounting plugin GameplayTagsEditor
LogPluginManager: Mounting plugin MacGraphicsSwitching
LogPluginManager: Mounting plugin MaterialAnalyzer
LogPluginManager: Mounting plugin MobileLauncherProfileWizard
LogPluginManager: Mounting plugin PluginBrowser
LogPluginManager: Mounting plugin SpeedTreeImporter
LogPluginManager: Mounting plugin DatasmithContent
LogPluginManager: Mounting plugin VariantManagerContent
LogPluginManager: Mounting plugin AlembicImporter
LogPluginManager: Mounting plugin AutomationUtils
LogPluginManager: Mounting plugin BackChannel
LogPluginManager: Mounting plugin CharacterAI
LogPluginManager: Mounting plugin GeometryCache
LogPluginManager: Mounting plugin HTML5Networking
LogPluginManager: Mounting plugin PlatformCrypto
LogPluginManager: Mounting plugin ProxyLODPlugin
LogPluginManager: Mounting plugin SkeletalReduction
LogPluginManager: Mounting plugin MagicLeap
LogPluginManager: Mounting plugin MagicLeapMedia
LogPluginManager: Mounting plugin AndroidMedia
LogPluginManager: Mounting plugin AvfMedia
LogPluginManager: Mounting plugin ImgMedia
LogPluginManager: Mounting plugin MediaCompositing
LogPluginManager: Mounting plugin MediaPlayerEditor
LogPluginManager: Mounting plugin WebMMedia
LogPluginManager: Mounting plugin WmfMedia
LogPluginManager: Mounting plugin TcpMessaging
LogPluginManager: Mounting plugin UdpMessaging
LogPluginManager: Mounting plugin ActorSequence
LogPluginManager: Mounting plugin LevelSequenceEditor
LogPluginManager: Mounting plugin MatineeToLevelSequence
LogPluginManager: Mounting plugin NetcodeUnitTest
LogPluginManager: Mounting plugin NUTUnrealEngine4
LogPluginManager: Mounting plugin OnlineSubsystemGooglePlay
LogPluginManager: Mounting plugin OnlineSubsystemIOS
LogPluginManager: Mounting plugin OnlineSubsystem
LogPluginManager: Mounting plugin OnlineSubsystemNull
LogPluginManager: Mounting plugin OnlineSubsystemUtils
LogPluginManager: Mounting plugin LauncherChunkInstaller
LogPluginManager: Mounting plugin AndroidDeviceProfileSelector
LogPluginManager: Mounting plugin AndroidMoviePlayer
LogPluginManager: Mounting plugin AndroidPermission
LogPluginManager: Mounting plugin AppleImageUtils
LogPluginManager: Mounting plugin AppleMoviePlayer
LogPluginManager: Mounting plugin ArchVisCharacter
LogPluginManager: Mounting plugin AudioCapture
LogPluginManager: Mounting plugin CableComponent
LogPluginManager: Mounting plugin CustomMeshComponent
LogPluginManager: Mounting plugin EditableMesh
LogPluginManager: Mounting plugin ExampleDeviceProfileSelector
LogPluginManager: Mounting plugin GoogleCloudMessaging
LogPluginManager: Mounting plugin IOSDeviceProfileSelector
LogPluginManager: Mounting plugin LinuxDeviceProfileSelector
LogPluginManager: Mounting plugin LocationServicesBPLibrary
LogPluginManager: Mounting plugin MobilePatchingUtils
LogPluginManager: Mounting plugin OculusVR
LogPluginManager: Mounting plugin PhysXVehicles
LogPluginManager: Mounting plugin ProceduralMeshComponent
LogPluginManager: Mounting plugin RuntimePhysXCooking
LogPluginManager: Mounting plugin SignificanceManager
LogPluginManager: Mounting plugin SteamVR
LogPluginManager: Mounting plugin WebMMoviePlayer
LogPluginManager: Mounting plugin WindowsMoviePlayer
LogPluginManager: Mounting plugin ScreenshotTools
LogInit: Using libcurl 7.55.1-DEV
LogInit:  - built for x86_64-pc-win32
LogInit:  - supports SSL with OpenSSL/1.1.1
LogInit:  - supports HTTP deflate (compression) using libz 1.2.8
LogInit:  - other features:
LogInit:      CURL_VERSION_SSL
LogInit:      CURL_VERSION_LIBZ
LogInit:      CURL_VERSION_IPV6
LogInit:      CURL_VERSION_ASYNCHDNS
LogInit:      CURL_VERSION_LARGEFILE
LogInit:      CURL_VERSION_IDN
LogInit:  CurlRequestOptions (configurable via config and command line):
LogInit:  - bVerifyPeer = true  - Libcurl will verify peer certificate
LogInit:  - bUseHttpProxy = false  - Libcurl will NOT use HTTP proxy
LogInit:  - bDontReuseConnections = false  - Libcurl will reuse connections
LogInit:  - MaxHostConnections = 16  - Libcurl will limit the number of connections to a host
LogInit:  - LocalHostAddr = Default
LogInit:  - BufferSize = 65536
LogOnline: OSS: Creating online subsystem instance for: NULL
LogInit: WinSock: version 1.1 (2.2), MaxSocks=32767, MaxUdp=65467
LogInit: Build: ++UE4+Release-4.23-CL-9631420
LogInit: Engine Version: 4.23.1-9631420+++UE4+Release-4.23
LogInit: Compatible Engine Version: 4.23.0-8386587+++UE4+Release-4.23
LogInit: Net CL: 8386587
LogInit: OS: Windows 10 (Release 1903) (), CPU: Intel(R) Core(TM) i5-7200U CPU @ 2.50GHz, GPU: Intel(R) HD Graphics 620
LogInit: Compiled (64-bit): Oct 18 2019 02:07:44
LogInit: Compiled with Visual C++: 19.16.27030.01
LogInit: Build Configuration: Development
LogInit: Branch Name: ++UE4+Release-4.23
LogInit: Command Line:  -EpicPortal -epicusername=DarthIt0 -epicuserid=09e10e81f244499b944931ec94eda32f -epiclocale=en-US
LogInit: Base Directory: C:/Program Files/Epic Games/UE_4.23/Engine/Binaries/Win64/
LogInit: Installed Engine Build: 1
LogDevObjectVersion: Number of dev versions registered: 23
LogDevObjectVersion:   Dev-Blueprints (B0D832E4-1F89-4F0D-ACCF-7EB736FD4AA2): 10
LogDevObjectVersion:   Dev-Build (E1C64328-A22C-4D53-A36C-8E866417BD8C): 0
LogDevObjectVersion:   Dev-Core (375EC13C-06E4-48FB-B500-84F0262A717E): 3
LogDevObjectVersion:   Dev-Editor (E4B068ED-F494-42E9-A231-DA0B2E46BB41): 34
LogDevObjectVersion:   Dev-Framework (CFFC743F-43B0-4480-9391-14DF171D2073): 35
LogDevObjectVersion:   Dev-Mobile (B02B49B5-BB20-44E9-A304-32B752E40360): 2
LogDevObjectVersion:   Dev-Networking (A4E4105C-59A1-49B5-A7C5-40C4547EDFEE): 0
LogDevObjectVersion:   Dev-Online (39C831C9-5AE6-47DC-9A44-9C173E1C8E7C): 0
LogDevObjectVersion:   Dev-Physics (78F01B33-EBEA-4F98-B9B4-84EACCB95AA2): 0
LogDevObjectVersion:   Dev-Platform (6631380F-2D4D-43E0-8009-CF276956A95A): 0
LogDevObjectVersion:   Dev-Rendering (12F88B9F-8875-4AFC-A67C-D90C383ABD29): 31
LogDevObjectVersion:   Dev-Sequencer (7B5AE74C-D270-4C10-A958-57980B212A5A): 11
LogDevObjectVersion:   Dev-VR (D7296918-1DD6-4BDD-9DE2-64A83CC13884): 2
LogDevObjectVersion:   Dev-LoadTimes (C2A15278-BFE7-4AFE-6C17-90FF531DF755): 1
LogDevObjectVersion:   Private-Geometry (6EACA3D4-40EC-4CC1-B786-8BED09428FC5): 3
LogDevObjectVersion:   Dev-AnimPhys (29E575DD-E0A3-4627-9D10-D276232CDCEA): 17
LogDevObjectVersion:   Dev-Anim (AF43A65D-7FD3-4947-9873-3E8ED9C1BB05): 2
LogDevObjectVersion:   Dev-ReflectionCapture (6B266CEC-1EC7-4B8F-A30B-E4D90942FC07): 1
LogDevObjectVersion:   Dev-Automation (0DF73D61-A23F-47EA-B727-89E90C41499A): 1
LogDevObjectVersion:   FortniteMain (601D1886-AC64-4F84-AA16-D3DE0DEAC7D6): 27
LogDevObjectVersion:   Dev-Enterprise (9DFFBCD6-494F-0158-E221-12823C92A888): 6
LogDevObjectVersion:   Dev-Niagara (F2AED0AC-9AFE-416F-8664-AA7FFA26D6FC): 1
LogDevObjectVersion:   Dev-Destruction (174F1F0B-B4C6-45A5-B13F-2EE8D0FB917D): 9
LogInit: Presizing for max 16777216 objects, including 0 objects not considered by GC, pre-allocating 0 bytes for permanent pool.
LogInit: Object subsystem initialized
LogConfig: Setting CVar [[con.DebugEarlyDefault:1]]
LogConfig: Setting CVar [[r.setres:1280x720]]
[2019.12.15-22.04.40:309][  0]LogConfig: Setting CVar [[r.VSync:0]]
[2019.12.15-22.04.40:309][  0]LogConfig: Setting CVar [[r.RHICmdBypass:0]]
[2019.12.15-22.04.40:309][  0]LogConfig: Applying CVar settings from Section [/Script/Engine.RendererSettings] File [C:/Users/john/Documents/Unreal Projects/Pacman2/Saved/Config/Windows/Engine.ini]
[2019.12.15-22.04.40:309][  0]LogConfig: Setting CVar [[r.GPUCrashDebugging:0]]
[2019.12.15-22.04.40:309][  0]LogConfig: Setting CVar [[r.DefaultFeature.AutoExposure.ExtendDefaultLuminanceRange:1]]
[2019.12.15-22.04.40:309][  0]LogConfig: Applying CVar settings from Section [/Script/Engine.RendererOverrideSettings] File [C:/Users/john/Documents/Unreal Projects/Pacman2/Saved/Config/Windows/Engine.ini]
[2019.12.15-22.04.40:309][  0]LogConfig: Applying CVar settings from Section [/Script/Engine.StreamingSettings] File [C:/Users/john/Documents/Unreal Projects/Pacman2/Saved/Config/Windows/Engine.ini]
[2019.12.15-22.04.40:309][  0]LogConfig: Setting CVar [[s.MinBulkDataSizeForAsyncLoading:131072]]
[2019.12.15-22.04.40:309][  0]LogConfig: Setting CVar [[s.AsyncLoadingThreadEnabled:0]]
[2019.12.15-22.04.40:309][  0]LogConfig: Setting CVar [[s.EventDrivenLoaderEnabled:1]]
[2019.12.15-22.04.40:309][  0]LogConfig: Setting CVar [[s.WarnIfTimeLimitExceeded:0]]
[2019.12.15-22.04.40:309][  0]LogConfig: Setting CVar [[s.TimeLimitExceededMultiplier:1.5]]
[2019.12.15-22.04.40:309][  0]LogConfig: Setting CVar [[s.TimeLimitExceededMinTime:0.005]]
[2019.12.15-22.04.40:309][  0]LogConfig: Setting CVar [[s.UseBackgroundLevelStreaming:1]]
[2019.12.15-22.04.40:309][  0]LogConfig: Setting CVar [[s.PriorityAsyncLoadingExtraTime:15.0]]
[2019.12.15-22.04.40:309][  0]LogConfig: Setting CVar [[s.LevelStreamingActorsUpdateTimeLimit:5.0]]
[2019.12.15-22.04.40:309][  0]LogConfig: Setting CVar [[s.PriorityLevelStreamingActorsUpdateExtraTime:5.0]]
[2019.12.15-22.04.40:309][  0]LogConfig: Setting CVar [[s.LevelStreamingComponentsRegistrationGranularity:10]]
[2019.12.15-22.04.40:309][  0]LogConfig: Setting CVar [[s.UnregisterComponentsTimeLimit:1.0]]
[2019.12.15-22.04.40:309][  0]LogConfig: Setting CVar [[s.LevelStreamingComponentsUnregistrationGranularity:5]]
[2019.12.15-22.04.40:309][  0]LogConfig: Applying CVar settings from Section [/Script/Engine.GarbageCollectionSettings] File [C:/Users/john/Documents/Unreal Projects/Pacman2/Saved/Config/Windows/Engine.ini]
[2019.12.15-22.04.40:309][  0]LogConfig: Setting CVar [[gc.MaxObjectsNotConsideredByGC:1]]
[2019.12.15-22.04.40:309][  0]LogConfig: Setting CVar [[gc.SizeOfPermanentObjectPool:0]]
[2019.12.15-22.04.40:309][  0]LogConfig: Setting CVar [[gc.FlushStreamingOnGC:0]]
[2019.12.15-22.04.40:309][  0]LogConfig: Setting CVar [[gc.NumRetriesBeforeForcingGC:10]]
[2019.12.15-22.04.40:309][  0]LogConfig: Setting CVar [[gc.AllowParallelGC:1]]
[2019.12.15-22.04.40:309][  0]LogConfig: Setting CVar [[gc.TimeBetweenPurgingPendingKillObjects:61.1]]
[2019.12.15-22.04.40:310][  0]LogConfig: Setting CVar [[gc.MaxObjectsInEditor:16777216]]
[2019.12.15-22.04.40:310][  0]LogConfig: Setting CVar [[gc.IncrementalBeginDestroyEnabled:1]]
[2019.12.15-22.04.40:310][  0]LogConfig: Setting CVar [[gc.CreateGCClusters:1]]
[2019.12.15-22.04.40:310][  0]LogConfig: Setting CVar [[gc.MinGCClusterSize:5]]
[2019.12.15-22.04.40:310][  0]LogConfig: Setting CVar [[gc.ActorClusteringEnabled:0]]
[2019.12.15-22.04.40:310][  0]LogConfig: Setting CVar [[gc.BlueprintClusteringEnabled:0]]
[2019.12.15-22.04.40:310][  0]LogConfig: Setting CVar [[gc.UseDisregardForGCOnDedicatedServers:0]]
[2019.12.15-22.04.40:310][  0]LogConfig: Applying CVar settings from Section [/Script/Engine.NetworkSettings] File [C:/Users/john/Documents/Unreal Projects/Pacman2/Saved/Config/Windows/Engine.ini]
[2019.12.15-22.04.40:310][  0]LogConfig: Applying CVar settings from Section [/Script/UnrealEd.CookerSettings] File [C:/Users/john/Documents/Unreal Projects/Pacman2/Saved/Config/Windows/Engine.ini]
[2019.12.15-22.04.40:312][  0]LogConfig: Applying CVar settings from Section [ViewDistanceQuality@3] File [C:/Users/john/Documents/Unreal Projects/Pacman2/Saved/Config/Windows/Scalability.ini]
[2019.12.15-22.04.40:312][  0]LogConfig: Setting CVar [[r.SkeletalMeshLODBias:0]]
[2019.12.15-22.04.40:312][  0]LogConfig: Setting CVar [[r.ViewDistanceScale:1.0]]
[2019.12.15-22.04.40:312][  0]LogConfig: Applying CVar settings from Section [AntiAliasingQuality@3] File [C:/Users/john/Documents/Unreal Projects/Pacman2/Saved/Config/Windows/Scalability.ini]
[2019.12.15-22.04.40:312][  0]LogConfig: Setting CVar [[r.PostProcessAAQuality:4]]
[2019.12.15-22.04.40:312][  0]LogConfig: Applying CVar settings from Section [ShadowQuality@3] File [C:/Users/john/Documents/Unreal Projects/Pacman2/Saved/Config/Windows/Scalability.ini]
[2019.12.15-22.04.40:312][  0]LogConfig: Setting CVar [[r.LightFunctionQuality:1]]
[2019.12.15-22.04.40:312][  0]LogConfig: Setting CVar [[r.ShadowQuality:5]]
[2019.12.15-22.04.40:312][  0]LogConfig: Setting CVar [[r.Shadow.CSM.MaxCascades:10]]
[2019.12.15-22.04.40:312][  0]LogConfig: Setting CVar [[r.Shadow.MaxResolution:2048]]
[2019.12.15-22.04.40:312][  0]LogConfig: Setting CVar [[r.Shadow.MaxCSMResolution:2048]]
[2019.12.15-22.04.40:312][  0]LogConfig: Setting CVar [[r.Shadow.RadiusThreshold:0.01]]
[2019.12.15-22.04.40:312][  0]LogConfig: Setting CVar [[r.Shadow.DistanceScale:1.0]]
[2019.12.15-22.04.40:312][  0]LogConfig: Setting CVar [[r.Shadow.CSM.TransitionScale:1.0]]
[2019.12.15-22.04.40:312][  0]LogConfig: Setting CVar [[r.Shadow.PreShadowResolutionFactor:1.0]]
[2019.12.15-22.04.40:312][  0]LogConfig: Setting CVar [[r.DistanceFieldShadowing:1]]
[2019.12.15-22.04.40:312][  0]LogConfig: Setting CVar [[r.DistanceFieldAO:1]]
[2019.12.15-22.04.40:312][  0]LogConfig: Setting CVar [[r.AOQuality:2]]
[2019.12.15-22.04.40:312][  0]LogConfig: Setting CVar [[r.VolumetricFog:1]]
[2019.12.15-22.04.40:312][  0]LogConfig: Setting CVar [[r.VolumetricFog.GridPixelSize:8]]
[2019.12.15-22.04.40:312][  0]LogConfig: Setting CVar [[r.VolumetricFog.GridSizeZ:128]]
[2019.12.15-22.04.40:312][  0]LogConfig: Setting CVar [[r.VolumetricFog.HistoryMissSupersampleCount:4]]
[2019.12.15-22.04.40:312][  0]LogConfig: Setting CVar [[r.LightMaxDrawDistanceScale:1]]
[2019.12.15-22.04.40:312][  0]LogConfig: Setting CVar [[r.CapsuleShadows:1]]
[2019.12.15-22.04.40:312][  0]LogConfig: Applying CVar settings from Section [PostProcessQuality@3] File [C:/Users/john/Documents/Unreal Projects/Pacman2/Saved/Config/Windows/Scalability.ini]
[2019.12.15-22.04.40:312][  0]LogConfig: Setting CVar [[r.MotionBlurQuality:4]]
[2019.12.15-22.04.40:312][  0]LogConfig: Setting CVar [[r.AmbientOcclusionMipLevelFactor:0.4]]
[2019.12.15-22.04.40:312][  0]LogConfig: Setting CVar [[r.AmbientOcclusionMaxQuality:100]]
[2019.12.15-22.04.40:312][  0]LogConfig: Setting CVar [[r.AmbientOcclusionLevels:-1]]
[2019.12.15-22.04.40:312][  0]LogConfig: Setting CVar [[r.AmbientOcclusionRadiusScale:1.0]]
[2019.12.15-22.04.40:312][  0]LogConfig: Setting CVar [[r.DepthOfFieldQuality:2]]
[2019.12.15-22.04.40:312][  0]LogConfig: Setting CVar [[r.RenderTargetPoolMin:400]]
[2019.12.15-22.04.40:312][  0]LogConfig: Setting CVar [[r.LensFlareQuality:2]]
[2019.12.15-22.04.40:313][  0]LogConfig: Setting CVar [[r.SceneColorFringeQuality:1]]
[2019.12.15-22.04.40:313][  0]LogConfig: Setting CVar [[r.EyeAdaptationQuality:2]]
[2019.12.15-22.04.40:313][  0]LogConfig: Setting CVar [[r.BloomQuality:5]]
[2019.12.15-22.04.40:313][  0]LogConfig: Setting CVar [[r.FastBlurThreshold:100]]
[2019.12.15-22.04.40:313][  0]LogConfig: Setting CVar [[r.Upscale.Quality:3]]
[2019.12.15-22.04.40:313][  0]LogConfig: Setting CVar [[r.Tonemapper.GrainQuantization:1]]
[2019.12.15-22.04.40:313][  0]LogConfig: Setting CVar [[r.LightShaftQuality:1]]
[2019.12.15-22.04.40:313][  0]LogConfig: Setting CVar [[r.Filter.SizeScale:1]]
[2019.12.15-22.04.40:313][  0]LogConfig: Setting CVar [[r.Tonemapper.Quality:5]]
[2019.12.15-22.04.40:313][  0]LogConfig: Setting CVar [[r.DOF.Gather.AccumulatorQuality:1        ; higher gathering accumulator quality]]
[2019.12.15-22.04.40:313][  0]LogConfig: Setting CVar [[r.DOF.Gather.PostfilterMethod:1          ; Median3x3 postfilering method]]
[2019.12.15-22.04.40:313][  0]LogConfig: Setting CVar [[r.DOF.Gather.EnableBokehSettings:0       ; no bokeh simulation when gathering]]
[2019.12.15-22.04.40:313][  0]LogConfig: Setting CVar [[r.DOF.Gather.RingCount:4                 ; medium number of samples when gathering]]
[2019.12.15-22.04.40:313][  0]LogConfig: Setting CVar [[r.DOF.Scatter.ForegroundCompositing:1    ; additive foreground scattering]]
[2019.12.15-22.04.40:313][  0]LogConfig: Setting CVar [[r.DOF.Scatter.BackgroundCompositing:2    ; additive background scattering]]
[2019.12.15-22.04.40:313][  0]LogConfig: Setting CVar [[r.DOF.Scatter.EnableBokehSettings:1      ; bokeh simulation when scattering]]
[2019.12.15-22.04.40:313][  0]LogConfig: Setting CVar [[r.DOF.Scatter.MaxSpriteRatio:0.1         ; only a maximum of 10% of scattered bokeh]]
[2019.12.15-22.04.40:313][  0]LogConfig: Setting CVar [[r.DOF.Recombine.Quality:1                ; cheap slight out of focus]]
[2019.12.15-22.04.40:313][  0]LogConfig: Setting CVar [[r.DOF.Recombine.EnableBokehSettings:0    ; no bokeh simulation on slight out of focus]]
[2019.12.15-22.04.40:313][  0]LogConfig: Setting CVar [[r.DOF.TemporalAAQuality:1                ; more stable temporal accumulation]]
[2019.12.15-22.04.40:313][  0]LogConfig: Setting CVar [[r.DOF.Kernel.MaxForegroundRadius:0.025]]
[2019.12.15-22.04.40:313][  0]LogConfig: Setting CVar [[r.DOF.Kernel.MaxBackgroundRadius:0.025]]
[2019.12.15-22.04.40:313][  0]LogConfig: Applying CVar settings from Section [TextureQuality@3] File [C:/Users/john/Documents/Unreal Projects/Pacman2/Saved/Config/Windows/Scalability.ini]
[2019.12.15-22.04.40:313][  0]LogConfig: Setting CVar [[r.Streaming.MipBias:0]]
[2019.12.15-22.04.40:313][  0]LogConfig: Setting CVar [[r.Streaming.AmortizeCPUToGPUCopy:0]]
[2019.12.15-22.04.40:313][  0]LogConfig: Setting CVar [[r.Streaming.MaxNumTexturesToStreamPerFrame:0]]
[2019.12.15-22.04.40:313][  0]LogConfig: Setting CVar [[r.Streaming.Boost:1]]
[2019.12.15-22.04.40:313][  0]LogConfig: Setting CVar [[r.MaxAnisotropy:8]]
[2019.12.15-22.04.40:313][  0]LogConfig: Setting CVar [[r.Streaming.LimitPoolSizeToVRAM:0]]
[2019.12.15-22.04.40:313][  0]LogConfig: Setting CVar [[r.Streaming.PoolSize:1000]]
[2019.12.15-22.04.40:313][  0]LogConfig: Setting CVar [[r.Streaming.MaxEffectiveScreenSize:0]]
[2019.12.15-22.04.40:313][  0]LogConfig: Applying CVar settings from Section [EffectsQuality@3] File [C:/Users/john/Documents/Unreal Projects/Pacman2/Saved/Config/Windows/Scalability.ini]
[2019.12.15-22.04.40:313][  0]LogConfig: Setting CVar [[r.TranslucencyLightingVolumeDim:64]]
[2019.12.15-22.04.40:313][  0]LogConfig: Setting CVar [[r.RefractionQuality:2]]
[2019.12.15-22.04.40:313][  0]LogConfig: Setting CVar [[r.SSR.Quality:3]]
[2019.12.15-22.04.40:313][  0]LogConfig: Setting CVar [[r.SceneColorFormat:4]]
[2019.12.15-22.04.40:313][  0]LogConfig: Setting CVar [[r.DetailMode:2]]
[2019.12.15-22.04.40:314][  0]LogConfig: Setting CVar [[r.TranslucencyVolumeBlur:1]]
[2019.12.15-22.04.40:314][  0]LogConfig: Setting CVar [[r.MaterialQualityLevel:1 ; High quality]]
[2019.12.15-22.04.40:314][  0]LogConfig: Setting CVar [[r.SSS.Scale:1]]
[2019.12.15-22.04.40:314][  0]LogConfig: Setting CVar [[r.SSS.SampleSet:2]]
[2019.12.15-22.04.40:314][  0]LogConfig: Setting CVar [[r.SSS.Quality:1]]
[2019.12.15-22.04.40:314][  0]LogConfig: Setting CVar [[r.SSS.HalfRes:1]]
[2019.12.15-22.04.40:314][  0]LogConfig: Setting CVar [[r.EmitterSpawnRateScale:1.0]]
[2019.12.15-22.04.40:314][  0]LogConfig: Setting CVar [[r.ParticleLightQuality:2]]
[2019.12.15-22.04.40:314][  0]LogConfig: Applying CVar settings from Section [FoliageQuality@3] File [C:/Users/john/Documents/Unreal Projects/Pacman2/Saved/Config/Windows/Scalability.ini]
[2019.12.15-22.04.40:314][  0]LogConfig: Setting CVar [[foliage.DensityScale:1.0]]
[2019.12.15-22.04.40:314][  0]LogConfig: Setting CVar [[grass.DensityScale:1.0]]
[2019.12.15-22.04.40:314][  0]LogInit: Selected Device Profile: [Windows]
[2019.12.15-22.04.40:314][  0]LogInit: Applying CVar settings loaded from the selected device profile: [Windows]
[2019.12.15-22.04.40:317][  0]LogHAL: Display: Platform has ~ 8 GB [8472039424 / 8589934592 / 8], which maps to Default [LargestMinGB=32, LargerMinGB=12, DefaultMinGB=8, SmallerMinGB=6, SmallestMinGB=0)
[2019.12.15-22.04.40:317][  0]LogInit: Going up to parent DeviceProfile []
[2019.12.15-22.04.40:317][  0]LogConfig: Applying CVar settings from Section [ViewDistanceQuality@3] File [C:/Users/john/Documents/Unreal Projects/Pacman2/Saved/Config/Windows/Scalability.ini]
[2019.12.15-22.04.40:317][  0]LogConfig: Setting CVar [[r.SkeletalMeshLODBias:0]]
[2019.12.15-22.04.40:317][  0]LogConfig: Setting CVar [[r.ViewDistanceScale:1.0]]
[2019.12.15-22.04.40:317][  0]LogConfig: Applying CVar settings from Section [AntiAliasingQuality@3] File [C:/Users/john/Documents/Unreal Projects/Pacman2/Saved/Config/Windows/Scalability.ini]
[2019.12.15-22.04.40:317][  0]LogConfig: Setting CVar [[r.PostProcessAAQuality:4]]
[2019.12.15-22.04.40:317][  0]LogConfig: Applying CVar settings from Section [ShadowQuality@3] File [C:/Users/john/Documents/Unreal Projects/Pacman2/Saved/Config/Windows/Scalability.ini]
[2019.12.15-22.04.40:317][  0]LogConfig: Setting CVar [[r.LightFunctionQuality:1]]
[2019.12.15-22.04.40:317][  0]LogConfig: Setting CVar [[r.ShadowQuality:5]]
[2019.12.15-22.04.40:317][  0]LogConfig: Setting CVar [[r.Shadow.CSM.MaxCascades:10]]
[2019.12.15-22.04.40:317][  0]LogConfig: Setting CVar [[r.Shadow.MaxResolution:2048]]
[2019.12.15-22.04.40:317][  0]LogConfig: Setting CVar [[r.Shadow.MaxCSMResolution:2048]]
[2019.12.15-22.04.40:317][  0]LogConfig: Setting CVar [[r.Shadow.RadiusThreshold:0.01]]
[2019.12.15-22.04.40:317][  0]LogConfig: Setting CVar [[r.Shadow.DistanceScale:1.0]]
[2019.12.15-22.04.40:318][  0]LogConfig: Setting CVar [[r.Shadow.CSM.TransitionScale:1.0]]
[2019.12.15-22.04.40:318][  0]LogConfig: Setting CVar [[r.Shadow.PreShadowResolutionFactor:1.0]]
[2019.12.15-22.04.40:318][  0]LogConfig: Setting CVar [[r.DistanceFieldShadowing:1]]
[2019.12.15-22.04.40:318][  0]LogConfig: Setting CVar [[r.DistanceFieldAO:1]]
[2019.12.15-22.04.40:318][  0]LogConfig: Setting CVar [[r.AOQuality:2]]
[2019.12.15-22.04.40:318][  0]LogConfig: Setting CVar [[r.VolumetricFog:1]]
[2019.12.15-22.04.40:318][  0]LogConfig: Setting CVar [[r.VolumetricFog.GridPixelSize:8]]
[2019.12.15-22.04.40:318][  0]LogConfig: Setting CVar [[r.VolumetricFog.GridSizeZ:128]]
[2019.12.15-22.04.40:318][  0]LogConfig: Setting CVar [[r.VolumetricFog.HistoryMissSupersampleCount:4]]
[2019.12.15-22.04.40:318][  0]LogConfig: Setting CVar [[r.LightMaxDrawDistanceScale:1]]
[2019.12.15-22.04.40:318][  0]LogConfig: Setting CVar [[r.CapsuleShadows:1]]
[2019.12.15-22.04.40:318][  0]LogConfig: Applying CVar settings from Section [PostProcessQuality@3] File [C:/Users/john/Documents/Unreal Projects/Pacman2/Saved/Config/Windows/Scalability.ini]
[2019.12.15-22.04.40:318][  0]LogConfig: Setting CVar [[r.MotionBlurQuality:4]]
[2019.12.15-22.04.40:318][  0]LogConfig: Setting CVar [[r.AmbientOcclusionMipLevelFactor:0.4]]
[2019.12.15-22.04.40:318][  0]LogConfig: Setting CVar [[r.AmbientOcclusionMaxQuality:100]]
[2019.12.15-22.04.40:318][  0]LogConfig: Setting CVar [[r.AmbientOcclusionLevels:-1]]
[2019.12.15-22.04.40:318][  0]LogConfig: Setting CVar [[r.AmbientOcclusionRadiusScale:1.0]]
[2019.12.15-22.04.40:318][  0]LogConfig: Setting CVar [[r.DepthOfFieldQuality:2]]
[2019.12.15-22.04.40:318][  0]LogConfig: Setting CVar [[r.RenderTargetPoolMin:400]]
[2019.12.15-22.04.40:318][  0]LogConfig: Setting CVar [[r.LensFlareQuality:2]]
[2019.12.15-22.04.40:318][  0]LogConfig: Setting CVar [[r.SceneColorFringeQuality:1]]
[2019.12.15-22.04.40:318][  0]LogConfig: Setting CVar [[r.EyeAdaptationQuality:2]]
[2019.12.15-22.04.40:318][  0]LogConfig: Setting CVar [[r.BloomQuality:5]]
[2019.12.15-22.04.40:318][  0]LogConfig: Setting CVar [[r.FastBlurThreshold:100]]
[2019.12.15-22.04.40:318][  0]LogConfig: Setting CVar [[r.Upscale.Quality:3]]
[2019.12.15-22.04.40:318][  0]LogConfig: Setting CVar [[r.Tonemapper.GrainQuantization:1]]
[2019.12.15-22.04.40:318][  0]LogConfig: Setting CVar [[r.LightShaftQuality:1]]
[2019.12.15-22.04.40:318][  0]LogConfig: Setting CVar [[r.Filter.SizeScale:1]]
[2019.12.15-22.04.40:318][  0]LogConfig: Setting CVar [[r.Tonemapper.Quality:5]]
[2019.12.15-22.04.40:318][  0]LogConfig: Setting CVar [[r.DOF.Gather.AccumulatorQuality:1        ; higher gathering accumulator quality]]
[2019.12.15-22.04.40:318][  0]LogConfig: Setting CVar [[r.DOF.Gather.PostfilterMethod:1          ; Median3x3 postfilering method]]
[2019.12.15-22.04.40:318][  0]LogConfig: Setting CVar [[r.DOF.Gather.EnableBokehSettings:0       ; no bokeh simulation when gathering]]
[2019.12.15-22.04.40:318][  0]LogConfig: Setting CVar [[r.DOF.Gather.RingCount:4                 ; medium number of samples when gathering]]
[2019.12.15-22.04.40:318][  0]LogConfig: Setting CVar [[r.DOF.Scatter.ForegroundCompositing:1    ; additive foreground scattering]]
[2019.12.15-22.04.40:318][  0]LogConfig: Setting CVar [[r.DOF.Scatter.BackgroundCompositing:2    ; additive background scattering]]
[2019.12.15-22.04.40:318][  0]LogConfig: Setting CVar [[r.DOF.Scatter.EnableBokehSettings:1      ; bokeh simulation when scattering]]
[2019.12.15-22.04.40:318][  0]LogConfig: Setting CVar [[r.DOF.Scatter.MaxSpriteRatio:0.1         ; only a maximum of 10% of scattered bokeh]]
[2019.12.15-22.04.40:318][  0]LogConfig: Setting CVar [[r.DOF.Recombine.Quality:1                ; cheap slight out of focus]]
[2019.12.15-22.04.40:318][  0]LogConfig: Setting CVar [[r.DOF.Recombine.EnableBokehSettings:0    ; no bokeh simulation on slight out of focus]]
[2019.12.15-22.04.40:318][  0]LogConfig: Setting CVar [[r.DOF.TemporalAAQuality:1                ; more stable temporal accumulation]]
[2019.12.15-22.04.40:318][  0]LogConfig: Setting CVar [[r.DOF.Kernel.MaxForegroundRadius:0.025]]
[2019.12.15-22.04.40:318][  0]LogConfig: Setting CVar [[r.DOF.Kernel.MaxBackgroundRadius:0.025]]
[2019.12.15-22.04.40:318][  0]LogConfig: Applying CVar settings from Section [TextureQuality@3] File [C:/Users/john/Documents/Unreal Projects/Pacman2/Saved/Config/Windows/Scalability.ini]
[2019.12.15-22.04.40:318][  0]LogConfig: Setting CVar [[r.Streaming.MipBias:0]]
[2019.12.15-22.04.40:318][  0]LogConfig: Setting CVar [[r.Streaming.AmortizeCPUToGPUCopy:0]]
[2019.12.15-22.04.40:318][  0]LogConfig: Setting CVar [[r.Streaming.MaxNumTexturesToStreamPerFrame:0]]
[2019.12.15-22.04.40:318][  0]LogConfig: Setting CVar [[r.Streaming.Boost:1]]
[2019.12.15-22.04.40:318][  0]LogConfig: Setting CVar [[r.MaxAnisotropy:8]]
[2019.12.15-22.04.40:318][  0]LogConfig: Setting CVar [[r.Streaming.LimitPoolSizeToVRAM:0]]
[2019.12.15-22.04.40:318][  0]LogConfig: Setting CVar [[r.Streaming.PoolSize:1000]]
[2019.12.15-22.04.40:318][  0]LogConfig: Setting CVar [[r.Streaming.MaxEffectiveScreenSize:0]]
[2019.12.15-22.04.40:318][  0]LogConfig: Applying CVar settings from Section [EffectsQuality@3] File [C:/Users/john/Documents/Unreal Projects/Pacman2/Saved/Config/Windows/Scalability.ini]
[2019.12.15-22.04.40:318][  0]LogConfig: Setting CVar [[r.TranslucencyLightingVolumeDim:64]]
[2019.12.15-22.04.40:318][  0]LogConfig: Setting CVar [[r.RefractionQuality:2]]
[2019.12.15-22.04.40:318][  0]LogConfig: Setting CVar [[r.SSR.Quality:3]]
[2019.12.15-22.04.40:318][  0]LogConfig: Setting CVar [[r.SceneColorFormat:4]]
[2019.12.15-22.04.40:318][  0]LogConfig: Setting CVar [[r.DetailMode:2]]
[2019.12.15-22.04.40:318][  0]LogConfig: Setting CVar [[r.TranslucencyVolumeBlur:1]]
[2019.12.15-22.04.40:318][  0]LogConfig: Setting CVar [[r.MaterialQualityLevel:1 ; High quality]]
[2019.12.15-22.04.40:318][  0]LogConfig: Setting CVar [[r.SSS.Scale:1]]
[2019.12.15-22.04.40:318][  0]LogConfig: Setting CVar [[r.SSS.SampleSet:2]]
[2019.12.15-22.04.40:318][  0]LogConfig: Setting CVar [[r.SSS.Quality:1]]
[2019.12.15-22.04.40:318][  0]LogConfig: Setting CVar [[r.SSS.HalfRes:1]]
[2019.12.15-22.04.40:319][  0]LogConfig: Setting CVar [[r.EmitterSpawnRateScale:1.0]]
[2019.12.15-22.04.40:319][  0]LogConfig: Setting CVar [[r.ParticleLightQuality:2]]
[2019.12.15-22.04.40:319][  0]LogConfig: Applying CVar settings from Section [FoliageQuality@3] File [C:/Users/john/Documents/Unreal Projects/Pacman2/Saved/Config/Windows/Scalability.ini]
[2019.12.15-22.04.40:319][  0]LogConfig: Setting CVar [[foliage.DensityScale:1.0]]
[2019.12.15-22.04.40:319][  0]LogConfig: Setting CVar [[grass.DensityScale:1.0]]
[2019.12.15-22.04.40:319][  0]LogConfig: Applying CVar settings from Section [Startup] File [../../../Engine/Config/ConsoleVariables.ini]
[2019.12.15-22.04.40:319][  0]LogConfig: Setting CVar [[net.UseAdaptiveNetUpdateFrequency:0]]
[2019.12.15-22.04.40:319][  0]LogConfig: Setting CVar [[p.chaos.AllowCreatePhysxBodies:1]]
[2019.12.15-22.04.40:319][  0]LogConfig: Applying CVar settings from Section [ConsoleVariables] File [C:/Users/john/Documents/Unreal Projects/Pacman2/Saved/Config/Windows/Engine.ini]
[2019.12.15-22.04.40:319][  0]LogInit: Computer: DESKTOP-FOR252Q
[2019.12.15-22.04.40:319][  0]LogInit: User: john
[2019.12.15-22.04.40:319][  0]LogInit: CPU Page size=4096, Cores=2
[2019.12.15-22.04.40:319][  0]LogInit: High frequency timer resolution =10.000000 MHz
[2019.12.15-22.04.40:319][  0]LogMemory: Memory total: Physical=7.9GB (8GB approx)
[2019.12.15-22.04.40:319][  0]LogMemory: Platform Memory Stats for Windows
[2019.12.15-22.04.40:319][  0]LogMemory: Process Physical Memory: 100.57 MB used, 100.58 MB peak
[2019.12.15-22.04.40:319][  0]LogMemory: Process Virtual Memory: 99.55 MB used, 99.55 MB peak
[2019.12.15-22.04.40:319][  0]LogMemory: Physical Memory: 3871.29 MB used,  4208.28 MB free, 8079.57 MB total
[2019.12.15-22.04.40:319][  0]LogMemory: Virtual Memory: 4651.56 MB used,  134213080.00 MB free, 134217728.00 MB total
[2019.12.15-22.04.40:322][  0]LogWindows: WindowsPlatformFeatures enabled
[2019.12.15-22.04.40:348][  0]LogInit: Using OS detected language (en-US).
[2019.12.15-22.04.40:348][  0]LogInit: Using OS detected locale (en-US).
[2019.12.15-22.04.40:349][  0]LogTextLocalizationManager: No specific localization for 'en-US' exists, so the 'en' localization will be used.
[2019.12.15-22.04.40:561][  0]LogInit: Setting process to per monitor DPI aware
[2019.12.15-22.04.40:602][  0]LogSlate: New Slate User Created.  User Index 0, Is Virtual User: 0
[2019.12.15-22.04.40:602][  0]LogSlate: Slate User Registered.  User Index 0, Is Virtual User: 0
[2019.12.15-22.04.40:827][  0]LogHMD: Failed to initialize OpenVR with code 110
[2019.12.15-22.04.40:827][  0]LogD3D11RHI: D3D11 adapters:
[2019.12.15-22.04.40:913][  0]LogD3D11RHI:    0. 'Intel(R) HD Graphics 620' (Feature Level 11_0)
[2019.12.15-22.04.40:913][  0]LogD3D11RHI:       128/0/4039 MB DedicatedVideo/DedicatedSystem/SharedSystem, Outputs:1, VendorId:0x8086
[2019.12.15-22.04.40:916][  0]LogD3D11RHI:    1. 'Microsoft Basic Render Driver' (Feature Level 11_0)
[2019.12.15-22.04.40:916][  0]LogD3D11RHI:       0/0/4039 MB DedicatedVideo/DedicatedSystem/SharedSystem, Outputs:0, VendorId:0x1414
[2019.12.15-22.04.40:916][  0]LogD3D11RHI: Chosen D3D11 Adapter: 0
[2019.12.15-22.04.40:921][  0]LogD3D11RHI: Creating new Direct3DDevice
[2019.12.15-22.04.40:921][  0]LogD3D11RHI:     GPU DeviceId: 0x5916 (for the marketing name, search the web for "GPU Device Id")
[2019.12.15-22.04.40:921][  0]LogWindows: EnumDisplayDevices:
[2019.12.15-22.04.40:921][  0]LogWindows:    0. 'Intel(R) HD Graphics 620' (P:1 D:1)
[2019.12.15-22.04.40:922][  0]LogWindows:    1. 'Intel(R) HD Graphics 620' (P:0 D:0)
[2019.12.15-22.04.40:922][  0]LogWindows:    2. 'Intel(R) HD Graphics 620' (P:0 D:0)
[2019.12.15-22.04.40:922][  0]LogWindows: DebugString: FoundDriverCount:3 
[2019.12.15-22.04.40:922][  0]LogD3D11RHI:     Adapter Name: Intel(R) HD Graphics 620
[2019.12.15-22.04.40:922][  0]LogD3D11RHI:   Driver Version: 26.20.100.7463 (internal:26.20.100.7463, unified:26.20.100.7463)
[2019.12.15-22.04.40:922][  0]LogD3D11RHI:      Driver Date: 11-6-2019
[2019.12.15-22.04.40:922][  0]LogRHI: Texture pool is 1503 MB (70% of 2147 MB)
[2019.12.15-22.04.41:013][  0]LogD3D11RHI: [IntelMetricsDiscovery] Started
[2019.12.15-22.04.41:013][  0]LogD3D11RHI: Async texture creation enabled
[2019.12.15-22.04.41:029][  0]LogD3D11RHI: GPU Timing Frequency: 12.000048 (Debug: 2 0)
[2019.12.15-22.04.41:401][  0]LogTemp: Display: Module 'AllDesktopTargetPlatform' loaded TargetPlatform 'AllDesktop'
[2019.12.15-22.04.41:412][  0]LogTemp: Display: Module 'MacClientTargetPlatform' loaded TargetPlatform 'MacClient'
[2019.12.15-22.04.41:422][  0]LogTemp: Display: Module 'MacNoEditorTargetPlatform' loaded TargetPlatform 'MacNoEditor'
[2019.12.15-22.04.41:432][  0]LogTemp: Display: Module 'MacServerTargetPlatform' loaded TargetPlatform 'MacServer'
[2019.12.15-22.04.41:447][  0]LogTemp: Display: Module 'MacTargetPlatform' loaded TargetPlatform 'Mac'
[2019.12.15-22.04.41:457][  0]LogTemp: Display: Module 'WindowsClientTargetPlatform' loaded TargetPlatform 'WindowsClient'
[2019.12.15-22.04.41:467][  0]LogTemp: Display: Module 'WindowsNoEditorTargetPlatform' loaded TargetPlatform 'WindowsNoEditor'
[2019.12.15-22.04.41:477][  0]LogTemp: Display: Module 'WindowsServerTargetPlatform' loaded TargetPlatform 'WindowsServer'
[2019.12.15-22.04.41:482][  0]LogTemp: Display: Module 'WindowsTargetPlatform' loaded TargetPlatform 'Windows'
[2019.12.15-22.04.41:524][  0]LogTemp: Display: Module 'AndroidTargetPlatform' loaded TargetPlatform 'Android'
[2019.12.15-22.04.41:524][  0]LogTemp: Display: Module 'AndroidTargetPlatform' loaded TargetPlatform 'Android_ASTC'
[2019.12.15-22.04.41:524][  0]LogTemp: Display: Module 'AndroidTargetPlatform' loaded TargetPlatform 'Android_ATC'
[2019.12.15-22.04.41:524][  0]LogTemp: Display: Module 'AndroidTargetPlatform' loaded TargetPlatform 'Android_DXT'
[2019.12.15-22.04.41:524][  0]LogTemp: Display: Module 'AndroidTargetPlatform' loaded TargetPlatform 'Android_ETC1'
[2019.12.15-22.04.41:524][  0]LogTemp: Display: Module 'AndroidTargetPlatform' loaded TargetPlatform 'Android_ETC1a'
[2019.12.15-22.04.41:524][  0]LogTemp: Display: Module 'AndroidTargetPlatform' loaded TargetPlatform 'Android_ETC2'
[2019.12.15-22.04.41:524][  0]LogTemp: Display: Module 'AndroidTargetPlatform' loaded TargetPlatform 'Android_PVRTC'
[2019.12.15-22.04.41:524][  0]LogTemp: Display: Module 'AndroidTargetPlatform' loaded TargetPlatform 'AndroidClient'
[2019.12.15-22.04.41:524][  0]LogTemp: Display: Module 'AndroidTargetPlatform' loaded TargetPlatform 'Android_ASTCClient'
[2019.12.15-22.04.41:524][  0]LogTemp: Display: Module 'AndroidTargetPlatform' loaded TargetPlatform 'Android_ATCClient'
[2019.12.15-22.04.41:524][  0]LogTemp: Display: Module 'AndroidTargetPlatform' loaded TargetPlatform 'Android_DXTClient'
[2019.12.15-22.04.41:524][  0]LogTemp: Display: Module 'AndroidTargetPlatform' loaded TargetPlatform 'Android_ETC1Client'
[2019.12.15-22.04.41:524][  0]LogTemp: Display: Module 'AndroidTargetPlatform' loaded TargetPlatform 'Android_ETC1aClient'
[2019.12.15-22.04.41:524][  0]LogTemp: Display: Module 'AndroidTargetPlatform' loaded TargetPlatform 'Android_ETC2Client'
[2019.12.15-22.04.41:524][  0]LogTemp: Display: Module 'AndroidTargetPlatform' loaded TargetPlatform 'Android_PVRTCClient'
[2019.12.15-22.04.41:524][  0]LogTemp: Display: Module 'AndroidTargetPlatform' loaded TargetPlatform 'Android_Multi'
[2019.12.15-22.04.41:524][  0]LogTemp: Display: Module 'AndroidTargetPlatform' loaded TargetPlatform 'Android_MultiClient'
[2019.12.15-22.04.41:526][  0]LogTemp: Display: Module 'HTML5TargetPlatform' loaded TargetPlatform 'HTML5'
[2019.12.15-22.04.41:551][  0]LogTemp: Display: Module 'IOSTargetPlatform' loaded TargetPlatform 'IOSClient'
[2019.12.15-22.04.41:551][  0]LogTemp: Display: Module 'IOSTargetPlatform' loaded TargetPlatform 'IOS'
[2019.12.15-22.04.41:568][  0]LogTemp: Display: Module 'TVOSTargetPlatform' loaded TargetPlatform 'TVOSClient'
[2019.12.15-22.04.41:568][  0]LogTemp: Display: Module 'TVOSTargetPlatform' loaded TargetPlatform 'TVOS'
[2019.12.15-22.04.41:576][  0]LogTemp: Display: Module 'LinuxClientTargetPlatform' loaded TargetPlatform 'LinuxClient'
[2019.12.15-22.04.41:584][  0]LogTemp: Display: Module 'LinuxNoEditorTargetPlatform' loaded TargetPlatform 'LinuxNoEditor'
[2019.12.15-22.04.41:592][  0]LogTemp: Display: Module 'LinuxServerTargetPlatform' loaded TargetPlatform 'LinuxServer'
[2019.12.15-22.04.41:606][  0]LogTemp: Display: Module 'LinuxTargetPlatform' loaded TargetPlatform 'Linux'
[2019.12.15-22.04.41:633][  0]LogTemp: Display: Module 'LuminTargetPlatform' loaded TargetPlatform 'Lumin'
[2019.12.15-22.04.41:633][  0]LogTemp: Display: Module 'LuminTargetPlatform' loaded TargetPlatform 'LuminClient'
[2019.12.15-22.04.41:633][  0]LogTargetPlatformManager: Display: Building Assets For Windows
[2019.12.15-22.04.41:643][  0]LogAudioDebug: Display: Lib vorbis DLL was dynamically loaded.
[2019.12.15-22.04.41:701][  0]LogShaderCompilers: Guid format shader working directory is -17 characters bigger than the processId version (../../../../../../Users/john/Documents/Unreal Projects/Pacman2/Intermediate/Shaders/WorkingDirectory/6020/).
[2019.12.15-22.04.41:702][  0]LogShaderCompilers: Cleaned the shader compiler working directory 'C:/Users/john/AppData/Local/Temp/UnrealShaderWorkingDir/E8235B364B214D798A4C10B2BAD0FAFA/'.
[2019.12.15-22.04.41:705][  0]LogShaderCompilers: Display: Using XGE Shader Compiler (Interception Interface).
[2019.12.15-22.04.42:462][  0]LogDerivedDataCache: Display: Max Cache Size: 512 MB
[2019.12.15-22.04.42:516][  0]LogDerivedDataCache: Loaded boot cache 0.05s 73MB C:/Users/john/AppData/Local/UnrealEngine/4.23/DerivedDataCache/Boot.ddc.
[2019.12.15-22.04.42:516][  0]LogDerivedDataCache: Display: Loaded Boot cache: C:/Users/john/AppData/Local/UnrealEngine/4.23/DerivedDataCache/Boot.ddc
[2019.12.15-22.04.42:516][  0]LogDerivedDataCache: FDerivedDataBackendGraph:  Pak pak cache file ../../../../../../Users/john/Documents/Unreal Projects/Pacman2/DerivedDataCache/DDC.ddp not found, will not use a pak cache.
[2019.12.15-22.04.42:516][  0]LogDerivedDataCache: Unable to find inner node Pak for hierarchical cache Hierarchy.
[2019.12.15-22.04.42:516][  0]LogDerivedDataCache: FDerivedDataBackendGraph:  CompressedPak pak cache file ../../../../../../Users/john/Documents/Unreal Projects/Pacman2/DerivedDataCache/Compressed.ddp not found, will not use a pak cache.
[2019.12.15-22.04.42:516][  0]LogDerivedDataCache: Unable to find inner node CompressedPak for hierarchical cache Hierarchy.
[2019.12.15-22.04.42:529][  0]LogDerivedDataCache: Display: Pak cache opened for reading ../../../Engine/DerivedDataCache/Compressed.ddp.
[2019.12.15-22.04.42:529][  0]LogDerivedDataCache: FDerivedDataBackendGraph:  EnterprisePak pak cache file ../../../Enterprise/DerivedDataCache/Compressed.ddp not found, will not use a pak cache.
[2019.12.15-22.04.42:529][  0]LogDerivedDataCache: Unable to find inner node EnterprisePak for hierarchical cache Hierarchy.
[2019.12.15-22.04.42:530][  0]LogDerivedDataCache: Using Local data cache path C:/Users/john/AppData/Local/UnrealEngine/Common/DerivedDataCache: Writable
[2019.12.15-22.04.42:530][  0]LogDerivedDataCache: Shared data cache path not found in *engine.ini, will not use an Shared cache.
[2019.12.15-22.04.42:530][  0]LogDerivedDataCache: Unable to find inner node Shared for hierarchical cache Hierarchy.
[2019.12.15-22.04.42:556][  0]LogMaterial: Verifying Global Shaders for PCD3D_SM5
[2019.12.15-22.04.42:558][  0]LogSlate: Using FreeType 2.6.0
[2019.12.15-22.04.42:559][  0]LogSlate: SlateFontServices - WITH_FREETYPE: 1, WITH_HARFBUZZ: 1
[2019.12.15-22.04.42:617][  0]LogAssetRegistry: FAssetRegistry took 0.0026 seconds to start up
[2019.12.15-22.04.42:927][  0]LogInit: Selected Device Profile: [Windows]
[2019.12.15-22.04.43:087][  0]LogMeshReduction: Using QuadricMeshReduction for automatic static mesh reduction
[2019.12.15-22.04.43:087][  0]LogMeshReduction: Using SimplygonMeshReduction for automatic skeletal mesh reduction
[2019.12.15-22.04.43:087][  0]LogMeshReduction: Using ProxyLODMeshReduction for automatic mesh merging
[2019.12.15-22.04.43:087][  0]LogMeshReduction: No distributed automatic mesh merging module available
[2019.12.15-22.04.43:087][  0]LogMeshMerging: No distributed automatic mesh merging module available
[2019.12.15-22.04.43:097][  0]LogNetVersion: Pacman2 1.0.0, NetCL: 8386587, EngineNetVer: 11, GameNetVer: 0 (Checksum: 199010827)
[2019.12.15-22.04.43:554][  0]LogPackageLocalizationCache: Processed 12 localized package path(s) for 1 prioritized culture(s) in 0.069144 seconds
[2019.12.15-22.04.43:561][  0]LogUObjectArray: 43444 objects as part of root set at end of initial load.
[2019.12.15-22.04.43:561][  0]LogUObjectAllocator: 7548648 out of 0 bytes used by permanent object pool.
[2019.12.15-22.04.43:561][  0]LogUObjectArray: CloseDisregardForGC: 0/0 objects in disregard for GC pool
[2019.12.15-22.04.44:447][  0]LogTcpMessaging: Initializing TcpMessaging bridge
[2019.12.15-22.04.44:451][  0]LogUdpMessaging: Initializing bridge on interface 0.0.0.0:0 to multicast group 230.0.0.1:6666.
[2019.12.15-22.04.44:659][  0]SourceControl: Source control is disabled
[2019.12.15-22.04.44:660][  0]SourceControl: Source control is disabled
[2019.12.15-22.04.44:661][  0]SourceControl: Source control is disabled
[2019.12.15-22.04.44:662][  0]SourceControl: Source control is disabled
[2019.12.15-22.04.44:751][  0]LogAndroidPermission: UAndroidPermissionCallbackProxy::GetInstance
[2019.12.15-22.04.44:854][  0]LogOcInput: OculusInput pre-init called
[2019.12.15-22.04.44:861][  0]LogWindows: Failed to load 'OVRPlugin.dll' (GetLastError=126)
[2019.12.15-22.04.44:861][  0]LogWindows: File 'OVRPlugin.dll' does not exist
[2019.12.15-22.04.44:932][  0]LogEngine: Initializing Engine...
[2019.12.15-22.04.44:933][  0]LogHMD: Failed to initialize OpenVR with code 110
[2019.12.15-22.04.44:934][  0]LogStats: UGameplayTagsManager::InitializeManager -  0.000 s
[2019.12.15-22.04.45:383][  0]LogInit: Initializing FReadOnlyCVARCache
[2019.12.15-22.04.45:405][  0]LogAIModule: Creating AISystem for world Untitled
[2019.12.15-22.04.45:413][  0]LogInit: XAudio2 using 'Speakers (Realtek High Definition Audio)' : 2 channels at 48 kHz using 32 bits per sample (channel mask 0x3)
[2019.12.15-22.04.45:454][  0]LogInit: FAudioDevice initialized.
[2019.12.15-22.04.45:454][  0]LogNetVersion: Set ProjectVersion to 1.0.0.0. Version Checksum will be recalculated on next use.
[2019.12.15-22.04.45:572][  0]LogDerivedDataCache: Saved boot cache 0.12s 73MB C:/Users/john/AppData/Local/UnrealEngine/4.23/DerivedDataCache/Boot.ddc.
[2019.12.15-22.04.45:588][  0]LogInit: Texture streaming: Enabled
[2019.12.15-22.04.45:620][  0]LogEngineSessionManager: EngineSessionManager initialized
[2019.12.15-22.04.45:620][  0]LogEditorSessionSummary: Verbose: Initializing EditorSessionSummaryWriter for editor session tracking
[2019.12.15-22.04.45:621][  0]LogEditorSessionSummary: EditorSessionSummaryWriter initialized
[2019.12.15-22.04.45:685][  0]LogInit: Transaction tracking system initialized
[2019.12.15-22.04.45:724][  0]BlueprintLog: New page: Editor Load
[2019.12.15-22.04.45:814][  0]LocalizationService: Localization service is disabled
[2019.12.15-22.04.46:117][  0]LogFileCache: Scanning file cache for directory 'C:/Users/john/Documents/Unreal Projects/Pacman2/Content/' took 0.01s
[2019.12.15-22.04.46:117][  0]LogCook: Display: Max memory allowance for cook 16384mb min free memory 0mb
[2019.12.15-22.04.46:117][  0]LogCook: Display: Mobile HDR setting 1
[2019.12.15-22.04.46:325][  0]SourceControl: Source control is disabled
[2019.12.15-22.04.46:325][  0]Cmd: MAP LOAD FILE="../../../../../../Users/john/Documents/Unreal Projects/Pacman2/Content/Levels/NewMap.umap" TEMPLATE=0 SHOWPROGRESS=1 FEATURELEVEL=3
[2019.12.15-22.04.46:330][  0]LightingResults: New page: Lighting Build
[2019.12.15-22.04.46:334][  0]LogWorld: UWorld::CleanupWorld for Untitled, bSessionEnded=true, bCleanupResources=true
[2019.12.15-22.04.46:334][  0]MapCheck: New page: Map Check
[2019.12.15-22.04.46:334][  0]LightingResults: New page: Lighting Build
[2019.12.15-22.04.46:355][  0]LogUObjectHash: Compacting FUObjectHashTables data took   1.80ms
[2019.12.15-22.04.46:743][  0]LogAIModule: Creating AISystem for world NewMap
[2019.12.15-22.04.46:753][  0]LogEditorServer: Finished looking for orphan Actors (0.000 secs)
[2019.12.15-22.04.46:810][  0]LogUObjectHash: Compacting FUObjectHashTables data took   2.15ms
[2019.12.15-22.04.46:810][  0]Cmd: MAP CHECKDEP NOCLEARLOG
[2019.12.15-22.04.46:810][  0]MapCheck: Map check complete: 0 Error(s), 0 Warning(s), took 0.187ms to complete.
[2019.12.15-22.04.46:810][  0]LogFileHelpers: Loading map 'NewMap' took 0.486
[2019.12.15-22.04.47:008][  0]LogSlate: Updating window title bar state: overlay mode, drag disabled, window buttons hidden, title bar hidden
[2019.12.15-22.04.47:016][  0]LogSlate: Updating window title bar state: overlay mode, drag disabled, window buttons hidden, title bar hidden
[2019.12.15-22.04.47:024][  0]LogSlate: Updating window title bar state: overlay mode, drag disabled, window buttons hidden, title bar hidden
[2019.12.15-22.04.47:032][  0]LogSlate: Updating window title bar state: overlay mode, drag disabled, window buttons hidden, title bar hidden
[2019.12.15-22.04.47:044][  0]LogCollectionManager: Loaded 0 collections in 0.002182 seconds
[2019.12.15-22.04.47:055][  0]LogFileCache: Scanning file cache for directory 'C:/Users/john/Documents/Unreal Projects/Pacman2/Saved/Collections/' took 0.00s
[2019.12.15-22.04.47:055][  0]LogFileCache: Scanning file cache for directory 'C:/Users/john/Documents/Unreal Projects/Pacman2/Content/Developers/john/Collections/' took 0.00s
[2019.12.15-22.04.47:055][  0]LogFileCache: Scanning file cache for directory 'C:/Users/john/Documents/Unreal Projects/Pacman2/Content/Collections/' took 0.00s
[2019.12.15-22.04.47:055][  0]LogCollectionManager: Rebuilt the GUID cache for 0 collections in 0.000002 seconds
[2019.12.15-22.04.47:064][  0]LogContentBrowser: Native class hierarchy populated in 0.0090 seconds. Added 2868 classes and 683 folders.
[2019.12.15-22.04.47:080][  0]LogContentBrowser: Native class hierarchy updated for 'WidgetCarousel' in 0.0006 seconds. Added 0 classes and 0 folders.
[2019.12.15-22.04.47:485][  0]LogContentBrowser: Native class hierarchy updated for 'AddContentDialog' in 0.0004 seconds. Added 0 classes and 0 folders.
[2019.12.15-22.04.47:494][  0]LogContentBrowser: Native class hierarchy updated for 'SceneOutliner' in 0.0004 seconds. Added 1 classes and 2 folders.
[2019.12.15-22.04.47:516][  0]LogSlate: Took 0.000189 seconds to synchronously load lazily loaded font '../../../Engine/Content/Slate/Fonts/Roboto-Regular.ttf' (155K)
[2019.12.15-22.04.47:520][  0]LogSlate: Took 0.000252 seconds to synchronously load lazily loaded font '../../../Engine/Content/Slate/Fonts/Roboto-Bold.ttf' (160K)
[2019.12.15-22.04.47:536][  0]LogSlate: Took 0.008216 seconds to synchronously load lazily loaded font '../../../Engine/Content/Editor/Slate/Fonts/FontAwesome.ttf' (139K)
[2019.12.15-22.04.47:718][  0]LogRenderer: Reallocating scene render targets to support 1208x572 Format 10 NumSamples 1 (Frame:1).
[2019.12.15-22.04.48:265][  0]LogSlate: Took 0.010241 seconds to synchronously load lazily loaded font '../../../Engine/Content/Slate/Fonts/Roboto-Light.ttf' (167K)
[2019.12.15-22.04.48:403][  0]LogContentBrowser: Native class hierarchy updated for 'HierarchicalLODOutliner' in 0.0003 seconds. Added 0 classes and 0 folders.
[2019.12.15-22.04.48:403][  0]LogLoad: (Engine Initialization) Total time: 9.29 seconds
[2019.12.15-22.04.48:403][  0]LogLoad: (Engine Initialization) Total Blueprint compile time: 0.00 seconds
[2019.12.15-22.04.48:477][  0]LogContentStreaming: Texture pool size now 1000 MB
[2019.12.15-22.04.48:922][  2]LogAssetRegistry: Asset discovery search completed in 6.3068 seconds
[2019.12.15-22.04.48:926][  2]LogCollectionManager: Rebuilt the object cache for 0 collections in 0.000006 seconds (found 0 objects)
[2019.12.15-22.04.48:926][  2]LogCollectionManager: Fixed up redirectors for 0 collections in 0.000069 seconds (updated 0 objects)
[2019.12.15-22.04.58:610][249]LogSlate: FSceneViewport::OnFocusLost() reason 0
[2019.12.15-22.04.58:821][255]LogSlate: Took 0.000188 seconds to synchronously load lazily loaded font '../../../Engine/Content/Slate/Fonts/Roboto-Light.ttf' (167K)
[2019.12.15-22.04.58:858][255]LogAssetEditorManager: Opening Asset editor for Class /Script/Pacman2.Pacman2GameModeBase
[2019.12.15-22.05.37:698][623]Candidate modules for hot reload:
[2019.12.15-22.05.37:698][623]  Pacman2
[2019.12.15-22.05.37:698][623]Launching UnrealBuildTool... [C:/Program Files/Epic Games/UE_4.23/Engine/Binaries/DotNET/UnrealBuildTool.exe  -ModuleWithSuffix=Pacman2,2272 Win64 Development -TargetType=Editor -Project="C:/Users/john/Documents/Unreal Projects/Pacman2/Pacman2.uproject" "C:/Users/john/Documents/Unreal Projects/Pacman2/Pacman2.uproject"  -IgnoreJunk]
[2019.12.15-22.05.37:710][623]Warning: Starting HotReload took  0.1s.
[2019.12.15-22.07.02:811][491]CompilerResultsLog: New page: Compilation - Dec 16, 2019, 4:07:02 PM
[2019.12.15-22.07.02:812][491]CompilerResultsLog: Parsing headers for Pacman2Editor
[2019.12.15-22.07.02:813][491]CompilerResultsLog:   Running UnrealHeaderTool "C:\Users\john\Documents\Unreal Projects\Pacman2\Pacman2.uproject" "C:\Users\john\Documents\Unreal Projects\Pacman2\Intermediate\Build\Win64\Pacman2Editor\Development\Pacman2Editor.uhtmanifest" -LogCmds="loginit warning, logexit warning, logdatabase error" -Unattended -WarningsAsErrors -installed
[2019.12.15-22.07.02:813][491]CompilerResultsLog: Reflection code generated for Pacman2Editor in 74.5816351 seconds
[2019.12.15-22.07.02:813][491]CompilerResultsLog: Using Visual Studio 2019 14.24.28314 toolchain (C:\Program Files (x86)\Microsoft Visual Studio\2019\Community\VC\Tools\MSVC\14.24.28314) and Windows 10.0.18362.0 SDK (C:\Program Files (x86)\Windows Kits\10).
[2019.12.15-22.07.02:813][491]CompilerResultsLog: Distributing 3 actions to XGE
[2019.12.15-22.07.02:813][491]CompilerResultsLog: --------------------Build System Warning---------------------------------------
[2019.12.15-22.07.02:813][491]CompilerResultsLog: License is invalid:
[2019.12.15-22.07.02:813][491]CompilerResultsLog:     License information is invalid. Please try reloading your license file using the Coordinator Monitor application on the Coordinator machine, or reinstall IncrediBuild.
[2019.12.15-22.07.02:813][491]CompilerResultsLog:     This build will run in standalone mode.
[2019.12.15-22.07.02:813][491]CompilerResultsLog: 
[2019.12.15-22.07.02:813][491]CompilerResultsLog: -------------------------------------------------------------------------------
[2019.12.15-22.07.02:813][491]CompilerResultsLog: --------------------Project: Default-------------------------------------------
[2019.12.15-22.07.02:813][491]CompilerResultsLog: UE4Editor-Pacman2-2272.dll (0:03.20 at +0:00)
[2019.12.15-22.07.02:813][491]CompilerResultsLog:    Creating library C:\Users\john\Documents\Unreal Projects\Pacman2\Intermediate\Build\Win64\UE4Editor\Development\Pacman2\UE4Editor-Pacman2-2272.suppressed.lib and object C:\Users\john\Documents\Unreal Projects\Pacman2\Intermediate\Build\Win64\UE4Editor\Development\Pacman2\UE4Editor-Pacman2-2272.suppressed.exp
[2019.12.15-22.07.02:813][491]CompilerResultsLog: UE4Editor-Pacman2-2272.lib (0:00.37 at +0:03)
[2019.12.15-22.07.02:813][491]CompilerResultsLog:    Creating library C:\Users\john\Documents\Unreal Projects\Pacman2\Intermediate\Build\Win64\UE4Editor\Development\Pacman2\UE4Editor-Pacman2-2272.lib and object C:\Users\john\Documents\Unreal Projects\Pacman2\Intermediate\Build\Win64\UE4Editor\Development\Pacman2\UE4Editor-Pacman2-2272.exp
[2019.12.15-22.07.02:813][491]CompilerResultsLog: Pacman2Editor.target (0:00.71 at +0:03)
[2019.12.15-22.07.02:813][491]CompilerResultsLog: ---------------------- Done ----------------------
[2019.12.15-22.07.02:813][491]CompilerResultsLog: 
[2019.12.15-22.07.02:814][491]CompilerResultsLog:     Rebuild All: 1 succeeded, 0 failed, 0 skipped
[2019.12.15-22.07.02:814][491]CompilerResultsLog: 
[2019.12.15-22.07.02:814][491]CompilerResultsLog: 1 build system warning(s):
[2019.12.15-22.07.02:814][491]CompilerResultsLog:    - License is invalid
[2019.12.15-22.07.02:814][491]CompilerResultsLog: 
[2019.12.15-22.07.02:814][491]CompilerResultsLog: Total time in XGE executor: 4.90 seconds
[2019.12.15-22.07.02:814][491]CompilerResultsLog: Total execution time: 84.89 seconds
[2019.12.15-22.07.02:814][491]LogMainFrame: MainFrame: Module compiling took 85.124 seconds
[2019.12.15-22.07.02:868][491]LogUObjectHash: Compacting FUObjectHashTables data took   2.25ms
[2019.12.15-22.07.02:912][491]LogContentBrowser: Native class hierarchy updated for 'Pacman2' in 0.0005 seconds. Added 5 classes and 3 folders.
[2019.12.15-22.07.02:915][491]Display: HotReload successful (2 functions remapped  0 scriptstructs remapped)
[2019.12.15-22.07.03:002][491]LogUObjectHash: Compacting FUObjectHashTables data took   1.46ms
[2019.12.15-22.07.03:017][491]LogContentBrowser: Native class hierarchy populated in 0.0089 seconds. Added 2869 classes and 685 folders.
[2019.12.15-22.07.03:018][491]Display: HotReload took 85.4s.
[2019.12.15-22.07.11:519][705]LogTemp: Repeating last play command: Selected Viewport
[2019.12.15-22.07.11:542][705]LogBlueprintUserMessages: Early PlayInEditor Detection: Level '/Game/Levels/NewMap.NewMap:PersistentLevel' has LevelScriptBlueprint '/Game/Levels/NewMap.NewMap:PersistentLevel.NewMap' with GeneratedClass '/Game/Levels/NewMap.NewMap_C' with ClassGeneratedBy '/Game/Levels/NewMap.NewMap:PersistentLevel.NewMap'
[2019.12.15-22.07.11:542][705]LogPlayLevel: PlayLevel: No blueprints needed recompiling
[2019.12.15-22.07.11:542][705]PIE: New page: PIE session: NewMap (Dec 16, 2019, 4:07:11 PM)
[2019.12.15-22.07.11:543][705]LogOnline: OSS: Creating online subsystem instance for: NULL
[2019.12.15-22.07.11:544][705]LogPlayLevel: Creating play world package: /Game/Levels/UEDPIE_0_NewMap
[2019.12.15-22.07.11:557][705]LogPlayLevel: PIE: StaticDuplicateObject took: (0.012513s)
[2019.12.15-22.07.11:558][705]LogAIModule: Creating AISystem for world NewMap
[2019.12.15-22.07.11:559][705]LogPlayLevel: PIE: World Init took: (0.001232s)
[2019.12.15-22.07.11:559][705]LogPlayLevel: PIE: Created PIE world by copying editor world from /Game/Levels/NewMap.NewMap to /Game/Levels/UEDPIE_0_NewMap.NewMap (0.014135s)
[2019.12.15-22.07.11:580][705]LogUObjectHash: Compacting FUObjectHashTables data took   1.67ms
[2019.12.15-22.07.11:582][705]LogInit: XAudio2 using 'Speakers (Realtek High Definition Audio)' : 2 channels at 48 kHz using 32 bits per sample (channel mask 0x3)
[2019.12.15-22.07.11:596][705]LogInit: FAudioDevice initialized.
[2019.12.15-22.07.11:604][705]LogLoad: Game class is 'Pacman2GameModeBase'
[2019.12.15-22.07.11:610][705]LogWorld: Bringing World /Game/Levels/UEDPIE_0_NewMap.NewMap up for play (max tick rate 60) at 2019.12.16-07.07.11
[2019.12.15-22.07.11:613][705]LogWorld: Bringing up level for play took: 0.007507
[2019.12.15-22.07.11:613][705]LogOnline: OSS: Creating online subsystem instance for: :Context_1
[2019.12.15-22.07.11:643][705]LogContentBrowser: Native class hierarchy updated for 'MovieSceneCapture' in 0.0004 seconds. Added 20 classes and 0 folders.
[2019.12.15-22.07.11:645][705]PIE: Play in editor start time for /Game/Levels/UEDPIE_0_NewMap 0.376
[2019.12.15-22.07.11:645][705]LogBlueprintUserMessages: Late PlayInEditor Detection: Level '/Game/Levels/NewMap.NewMap:PersistentLevel' has LevelScriptBlueprint '/Game/Levels/NewMap.NewMap:PersistentLevel.NewMap' with GeneratedClass '/Game/Levels/NewMap.NewMap_C' with ClassGeneratedBy '/Game/Levels/NewMap.NewMap:PersistentLevel.NewMap'
[2019.12.15-22.10.07:368][ 61]Cmd: RestartLevel
[2019.12.15-22.10.07:395][ 62]LogNet: Browse: /Game/Levels/NewMap?restart
[2019.12.15-22.10.07:395][ 62]LogLoad: LoadMap: /Game/Levels/NewMap
[2019.12.15-22.10.07:395][ 62]LogWorld: BeginTearingDown for /Game/Levels/UEDPIE_0_NewMap
[2019.12.15-22.10.07:397][ 62]LogWorld: UWorld::CleanupWorld for NewMap, bSessionEnded=true, bCleanupResources=true
[2019.12.15-22.10.07:455][ 62]LogUObjectHash: Compacting FUObjectHashTables data took   3.69ms
[2019.12.15-22.10.07:455][ 62]LogPlayLevel: Creating play world package: /Game/Levels/UEDPIE_0_NewMap
[2019.12.15-22.10.07:468][ 62]LogPlayLevel: PIE: StaticDuplicateObject took: (0.012831s)
[2019.12.15-22.10.07:469][ 62]LogAIModule: Creating AISystem for world NewMap
[2019.12.15-22.10.07:469][ 62]LogPlayLevel: PIE: World Init took: (0.001084s)
[2019.12.15-22.10.07:469][ 62]LogPlayLevel: PIE: Created PIE world by copying editor world from /Game/Levels/NewMap.NewMap to /Game/Levels/UEDPIE_0_NewMap.NewMap (0.014127s)
[2019.12.15-22.10.07:469][ 62]LogLoad: Game class is 'Pacman2GameModeBase'
[2019.12.15-22.10.07:474][ 62]LogWorld: Bringing World /Game/Levels/UEDPIE_0_NewMap.NewMap up for play (max tick rate 60) at 2019.12.16-07.10.07
[2019.12.15-22.10.07:478][ 62]LogWorld: Bringing up level for play took: 0.007590
[2019.12.15-22.10.07:480][ 62]LogLoad: Took 0.084796 seconds to LoadMap(/Game/Levels/UEDPIE_0_NewMap)
[2019.12.15-22.10.13:380][264]LogBlueprintUserMessages: Early EndPlayMap Detection: Level '/Game/Levels/NewMap.NewMap:PersistentLevel' has LevelScriptBlueprint '/Game/Levels/NewMap.NewMap:PersistentLevel.NewMap' with GeneratedClass '/Game/Levels/NewMap.NewMap_C' with ClassGeneratedBy '/Game/Levels/NewMap.NewMap:PersistentLevel.NewMap'
[2019.12.15-22.10.13:380][264]LogSlate: Updating window title bar state: overlay mode, drag disabled, window buttons hidden, title bar hidden
[2019.12.15-22.10.13:380][264]LogWorld: BeginTearingDown for /Game/Levels/UEDPIE_0_NewMap
[2019.12.15-22.10.13:381][264]LogWorld: UWorld::CleanupWorld for NewMap, bSessionEnded=true, bCleanupResources=true
[2019.12.15-22.10.13:459][264]LogPlayLevel: Display: Shutting down PIE online subsystems
[2019.12.15-22.10.13:459][264]LogBlueprintUserMessages: Late EndPlayMap Detection: Level '/Game/Levels/NewMap.NewMap:PersistentLevel' has LevelScriptBlueprint '/Game/Levels/NewMap.NewMap:PersistentLevel.NewMap' with GeneratedClass '/Game/Levels/NewMap.NewMap_C' with ClassGeneratedBy '/Game/Levels/NewMap.NewMap:PersistentLevel.NewMap'
[2019.12.15-22.10.13:487][264]LogSlate: Updating window title bar state: overlay mode, drag disabled, window buttons hidden, title bar hidden
[2019.12.15-22.10.13:491][264]LogUObjectHash: Compacting FUObjectHashTables data took   1.88ms
[2019.12.15-22.10.13:514][265]LogPlayLevel: Display: Destroying online subsystem :Context_1
[2019.12.15-22.10.29:208][458]LogSlate: FSceneViewport::OnFocusLost() reason 0
[2019.12.15-22.10.29:478][458]LogUObjectHash: Compacting FUObjectHashTables data took   0.68ms
[2019.12.15-22.10.29:564][458]LogSlate: Window 'Pacman2 - Unreal Editor' being destroyed
[2019.12.15-22.10.29:565][458]LogWindowsTextInputMethodSystem: Display: IME system now deactivated.
[2019.12.15-22.10.29:688][459]Cmd: QUIT_EDITOR
[2019.12.15-22.10.30:082][459]LogExit: Preparing to exit.
[2019.12.15-22.10.30:674][459]LogDemo: Cleaned up 0 splitscreen connections with owner deletion
[2019.12.15-22.10.30:692][459]LogWorld: UWorld::CleanupWorld for None, bSessionEnded=true, bCleanupResources=true
[2019.12.15-22.10.30:692][459]LogExit: Editor shut down
[2019.12.15-22.10.30:692][459]LogExit: Transaction tracking system shut down
[2019.12.15-22.10.30:973][459]LogExit: Object subsystem successfully closed.
[2019.12.15-22.10.30:992][459]LogShaderCompilers: Display: Shaders left to compile 0
[2019.12.15-22.10.31:033][459]LogModuleManager: Shutting down and abandoning module MovieSceneCapture (675)
[2019.12.15-22.10.31:033][459]LogModuleManager: Shutting down and abandoning module Voice (673)
[2019.12.15-22.10.31:033][459]LogModuleManager: Shutting down and abandoning module Pacman2 (671)
[2019.12.15-22.10.31:033][459]LogModuleManager: Shutting down and abandoning module HierarchicalLODOutliner (670)
[2019.12.15-22.10.31:033][459]LogModuleManager: Shutting down and abandoning module SceneOutliner (668)
[2019.12.15-22.10.31:033][459]LogModuleManager: Shutting down and abandoning module AddContentDialog (666)
[2019.12.15-22.10.31:033][459]LogModuleManager: Shutting down and abandoning module WidgetCarousel (665)
[2019.12.15-22.10.31:033][459]LogModuleManager: Shutting down and abandoning module EditorWidgets (662)
[2019.12.15-22.10.31:033][459]LogModuleManager: Shutting down and abandoning module CollectionManager (660)
[2019.12.15-22.10.31:034][459]LogModuleManager: Shutting down and abandoning module StatsViewer (658)
[2019.12.15-22.10.31:034][459]LogModuleManager: Shutting down and abandoning module VirtualTexturingEditor (656)
[2019.12.15-22.10.31:034][459]LogModuleManager: Shutting down and abandoning module FoliageEdit (654)
[2019.12.15-22.10.31:034][459]LogModuleManager: Shutting down and abandoning module LandscapeEditor (652)
[2019.12.15-22.10.31:034][459]LogModuleManager: Shutting down and abandoning module MeshPaintMode (650)
[2019.12.15-22.10.31:034][459]LogModuleManager: Shutting down and abandoning module SceneDepthPickerMode (648)
[2019.12.15-22.10.31:034][459]LogModuleManager: Shutting down and abandoning module ActorPickerMode (646)
[2019.12.15-22.10.31:034][459]LogModuleManager: Shutting down and abandoning module GeometryMode (644)
[2019.12.15-22.10.31:034][459]LogModuleManager: Shutting down and abandoning module TextureAlignMode (642)
[2019.12.15-22.10.31:034][459]LogModuleManager: Shutting down and abandoning module BspMode (640)
[2019.12.15-22.10.31:034][459]LogModuleManager: Shutting down and abandoning module PIEPreviewDeviceProfileSelector (638)
[2019.12.15-22.10.31:034][459]LogModuleManager: Shutting down and abandoning module SequenceRecorderSections (636)
[2019.12.15-22.10.31:034][459]LogModuleManager: Shutting down and abandoning module AutomationWorker (634)
[2019.12.15-22.10.31:034][459]LogModuleManager: Shutting down and abandoning module OculusMR (632)
[2019.12.15-22.10.31:034][459]LogModuleManager: Shutting down and abandoning module AudioCaptureEditor (630)
[2019.12.15-22.10.31:034][459]LogModuleManager: Shutting down and abandoning module MatineeToLevelSequence (628)
[2019.12.15-22.10.31:034][459]LogModuleManager: Shutting down and abandoning module LevelSequenceEditor (626)
[2019.12.15-22.10.31:034][459]LogModuleManager: Shutting down and abandoning module PlacementMode (625)
[2019.12.15-22.10.31:034][459]LogModuleManager: Shutting down and abandoning module MaterialEditor (624)
[2019.12.15-22.10.31:034][459]LogModuleManager: Shutting down and abandoning module ActorSequenceEditor (620)
[2019.12.15-22.10.31:035][459]LogModuleManager: Shutting down and abandoning module WmfMediaFactory (618)
[2019.12.15-22.10.31:035][459]LogModuleManager: Shutting down and abandoning module WmfMediaEditor (616)
[2019.12.15-22.10.31:035][459]LogModuleManager: Shutting down and abandoning module WebMMediaFactory (614)
[2019.12.15-22.10.31:035][459]LogModuleManager: Shutting down and abandoning module WebMMediaEditor (612)
[2019.12.15-22.10.31:035][459]LogModuleManager: Shutting down and abandoning module WebMMedia (610)
[2019.12.15-22.10.31:035][459]LogModuleManager: Shutting down and abandoning module MediaPlayerEditor (608)
[2019.12.15-22.10.31:035][459]LogModuleManager: Shutting down and abandoning module MediaCompositingEditor (606)
[2019.12.15-22.10.31:035][459]LogModuleManager: Shutting down and abandoning module SequenceRecorder (605)
[2019.12.15-22.10.31:035][459]LogModuleManager: Shutting down and abandoning module OpenExrWrapper (602)
[2019.12.15-22.10.31:035][459]LogModuleManager: Shutting down and abandoning module ImgMediaFactory (600)
[2019.12.15-22.10.31:035][459]LogModuleManager: Shutting down and abandoning module ImgMediaEditor (598)
[2019.12.15-22.10.31:035][459]LogModuleManager: Shutting down and abandoning module AvfMediaFactory (596)
[2019.12.15-22.10.31:035][459]LogModuleManager: Shutting down and abandoning module AvfMediaEditor (594)
[2019.12.15-22.10.31:035][459]LogModuleManager: Shutting down and abandoning module AndroidMediaFactory (592)
[2019.12.15-22.10.31:035][459]LogModuleManager: Shutting down and abandoning module AndroidMediaEditor (590)
[2019.12.15-22.10.31:035][459]LogModuleManager: Shutting down and abandoning module MagicLeapCameraPreviewFactory (588)
[2019.12.15-22.10.31:035][459]LogModuleManager: Shutting down and abandoning module MagicLeapMediaCodecFactory (586)
[2019.12.15-22.10.31:035][459]LogModuleManager: Shutting down and abandoning module MagicLeapMediaFactory (584)
[2019.12.15-22.10.31:035][459]LogModuleManager: Shutting down and abandoning module MagicLeapMediaEditor (582)
[2019.12.15-22.10.31:035][459]LogModuleManager: Shutting down and abandoning module CharacterAI (580)
[2019.12.15-22.10.31:035][459]LogModuleManager: Shutting down and abandoning module SmartSnapping (578)
[2019.12.15-22.10.31:035][459]LogModuleManager: Shutting down and abandoning module SessionServices (576)
[2019.12.15-22.10.31:035][459]LogModuleManager: Shutting down and abandoning module MeshPaint (574)
[2019.12.15-22.10.31:035][459]LogModuleManager: Shutting down and abandoning module ViewportSnapping (572)
[2019.12.15-22.10.31:035][459]LogModuleManager: Shutting down and abandoning module ViewportInteraction (570)
[2019.12.15-22.10.31:035][459]LogModuleManager: Shutting down and abandoning module ClothPainter (568)
[2019.12.15-22.10.31:035][459]LogModuleManager: Shutting down and abandoning module SkeletalMeshEditor (567)
[2019.12.15-22.10.31:035][459]LogModuleManager: Shutting down and abandoning module LogVisualizer (564)
[2019.12.15-22.10.31:036][459]LogModuleManager: Shutting down and abandoning module IntroTutorials (562)
[2019.12.15-22.10.31:036][459]LogModuleManager: Shutting down and abandoning module GameProjectGeneration (561)
[2019.12.15-22.10.31:036][459]LogModuleManager: Shutting down and abandoning module LuminPlatformEditor (558)
[2019.12.15-22.10.31:036][459]LogModuleManager: Shutting down and abandoning module IOSPlatformEditor (556)
[2019.12.15-22.10.31:036][459]LogModuleManager: Shutting down and abandoning module HTML5PlatformEditor (554)
[2019.12.15-22.10.31:036][459]LogModuleManager: Shutting down and abandoning module AndroidPlatformEditor (552)
[2019.12.15-22.10.31:036][459]LogModuleManager: Shutting down and abandoning module AndroidDeviceDetection (551)
[2019.12.15-22.10.31:066][459]LogModuleManager: Shutting down and abandoning module WindowsPlatformEditor (548)
[2019.12.15-22.10.31:066][459]LogModuleManager: Shutting down and abandoning module LuminRuntimeSettings (546)
[2019.12.15-22.10.31:066][459]LogModuleManager: Shutting down and abandoning module IOSRuntimeSettings (544)
[2019.12.15-22.10.31:066][459]LogModuleManager: Shutting down and abandoning module AndroidRuntimeSettings (542)
[2019.12.15-22.10.31:066][459]LogModuleManager: Shutting down and abandoning module TimeManagementEditor (540)
[2019.12.15-22.10.31:066][459]LogModuleManager: Shutting down and abandoning module InputBindingEditor (538)
[2019.12.15-22.10.31:066][459]LogModuleManager: Shutting down and abandoning module MergeActors (536)
[2019.12.15-22.10.31:066][459]LogModuleManager: Shutting down and abandoning module LocalizationDashboard (534)
[2019.12.15-22.10.31:066][459]LogModuleManager: Shutting down and abandoning module LocalizationService (533)
[2019.12.15-22.10.31:066][459]LogModuleManager: Shutting down and abandoning module HardwareTargeting (530)
[2019.12.15-22.10.31:066][459]LogModuleManager: Shutting down and abandoning module DeviceProfileEditor (528)
[2019.12.15-22.10.31:066][459]LogModuleManager: Shutting down and abandoning module UndoHistory (526)
[2019.12.15-22.10.31:066][459]LogModuleManager: Shutting down and abandoning module XmlParser (524)
[2019.12.15-22.10.31:066][459]LogModuleManager: Shutting down and abandoning module Blutility (522)
[2019.12.15-22.10.31:066][459]LogModuleManager: Shutting down and abandoning module ProjectSettingsViewer (520)
[2019.12.15-22.10.31:066][459]LogModuleManager: Shutting down and abandoning module ProjectTargetPlatformEditor (519)
[2019.12.15-22.10.31:066][459]LogModuleManager: Shutting down and abandoning module EditorSettingsViewer (516)
[2019.12.15-22.10.31:066][459]LogModuleManager: Shutting down and abandoning module SettingsEditor (514)
[2019.12.15-22.10.31:066][459]LogModuleManager: Shutting down and abandoning module ProjectLauncher (512)
[2019.12.15-22.10.31:066][459]LogModuleManager: Shutting down and abandoning module SessionFrontend (510)
[2019.12.15-22.10.31:067][459]LogModuleManager: Shutting down and abandoning module ProfilerClient (508)
[2019.12.15-22.10.31:067][459]LogModuleManager: Shutting down and abandoning module DeviceManager (506)
[2019.12.15-22.10.31:067][459]LogModuleManager: Shutting down and abandoning module TargetDeviceServices (505)
[2019.12.15-22.10.31:099][459]LogModuleManager: Shutting down and abandoning module AutomationController (502)
[2019.12.15-22.10.31:099][459]LogModuleManager: Shutting down and abandoning module AutomationWindow (500)
[2019.12.15-22.10.31:099][459]LogModuleManager: Shutting down and abandoning module Layers (498)
[2019.12.15-22.10.31:099][459]LogModuleManager: Shutting down and abandoning module ComponentVisualizers (496)
[2019.12.15-22.10.31:099][459]LogModuleManager: Shutting down and abandoning module DetailCustomizations (494)
[2019.12.15-22.10.31:099][459]LogModuleManager: Shutting down and abandoning module PackagesDialog (492)
[2019.12.15-22.10.31:099][459]LogModuleManager: Shutting down and abandoning module AnimationBlueprintEditor (490)
[2019.12.15-22.10.31:099][459]LogModuleManager: Shutting down and abandoning module Persona (488)
[2019.12.15-22.10.31:099][459]LogModuleManager: Shutting down and abandoning module AdvancedPreviewScene (487)
[2019.12.15-22.10.31:099][459]LogModuleManager: Shutting down and abandoning module AnimGraph (485)
[2019.12.15-22.10.31:099][459]LogModuleManager: Shutting down and abandoning module Kismet (482)
[2019.12.15-22.10.31:100][459]LogModuleManager: Shutting down and abandoning module KismetWidgets (481)
[2019.12.15-22.10.31:100][459]LogModuleManager: Shutting down and abandoning module GraphEditor (478)
[2019.12.15-22.10.31:100][459]LogModuleManager: Shutting down and abandoning module StructViewer (476)
[2019.12.15-22.10.31:100][459]LogModuleManager: Shutting down and abandoning module ClassViewer (474)
[2019.12.15-22.10.31:100][459]LogModuleManager: Shutting down and abandoning module Toolbox (472)
[2019.12.15-22.10.31:101][459]LogModuleManager: Shutting down and abandoning module DesktopPlatform (471)
[2019.12.15-22.10.31:101][459]LogModuleManager: Shutting down and abandoning module ModuleUI (468)
[2019.12.15-22.10.31:101][459]LogModuleManager: Shutting down and abandoning module MovieSceneTools (466)
[2019.12.15-22.10.31:101][459]LogModuleManager: Shutting down and abandoning module OutputLog (464)
[2019.12.15-22.10.31:101][459]LogModuleManager: Shutting down and abandoning module GammaUI (462)
[2019.12.15-22.10.31:101][459]LogModuleManager: Shutting down and abandoning module Documentation (460)
[2019.12.15-22.10.31:101][459]LogModuleManager: Shutting down and abandoning module LiveCoding (458)
[2019.12.15-22.10.31:102][459]LogModuleManager: Shutting down and abandoning module LevelSequence (456)
[2019.12.15-22.10.31:102][459]LogModuleManager: Shutting down and abandoning module MovieSceneTracks (454)
[2019.12.15-22.10.31:102][459]LogModuleManager: Shutting down and abandoning module MovieScene (452)
[2019.12.15-22.10.31:102][459]LogModuleManager: Shutting down and abandoning module StreamingPauseRendering (450)
[2019.12.15-22.10.31:102][459]LogModuleManager: Shutting down and abandoning module LauncherPlatform (448)
[2019.12.15-22.10.31:102][459]LogModuleManager: Shutting down and abandoning module AnalyticsET (446)
[2019.12.15-22.10.31:102][459]LogModuleManager: Shutting down and abandoning module PortalServices (444)
[2019.12.15-22.10.31:102][459]LogModuleManager: Shutting down and abandoning module PortalRpc (442)
[2019.12.15-22.10.31:102][459]LogModuleManager: Shutting down and abandoning module MessagingRpc (440)
[2019.12.15-22.10.31:102][459]LogModuleManager: Shutting down and abandoning module AIModule (438)
[2019.12.15-22.10.31:102][459]LogModuleManager: Shutting down and abandoning module GameplayDebugger (437)
[2019.12.15-22.10.31:102][459]LogModuleManager: Shutting down and abandoning module AITestSuite (435)
[2019.12.15-22.10.31:102][459]LogModuleManager: Shutting down and abandoning module NavigationSystem (433)
[2019.12.15-22.10.31:102][459]LogModuleManager: Shutting down and abandoning module ImageWriteQueue (430)
[2019.12.15-22.10.31:111][459]LogModuleManager: Shutting down and abandoning module ProfilerService (428)
[2019.12.15-22.10.31:197][459]LogModuleManager: Shutting down and abandoning module TaskGraph (426)
[2019.12.15-22.10.31:197][459]LogModuleManager: Shutting down and abandoning module ScreenshotTools (424)
[2019.12.15-22.10.31:197][459]LogModuleManager: Shutting down and abandoning module SteamVRController (422)
[2019.12.15-22.10.31:197][459]LogModuleManager: Shutting down and abandoning module ProceduralMeshComponentEditor (420)
[2019.12.15-22.10.31:197][459]LogModuleManager: Shutting down and abandoning module ProceduralMeshComponent (418)
[2019.12.15-22.10.31:197][459]LogModuleManager: Shutting down and abandoning module OculusEditor (416)
[2019.12.15-22.10.31:198][459]LogModuleManager: Shutting down and abandoning module OculusInput (414)
[2019.12.15-22.10.31:198][459]LogModuleManager: Shutting down and abandoning module MobilePatchingUtils (412)
[2019.12.15-22.10.31:198][459]LogModuleManager: Shutting down and abandoning module EditableMesh (410)
[2019.12.15-22.10.31:198][459]LogModuleManager: Shutting down and abandoning module CustomMeshComponent (408)
[2019.12.15-22.10.31:198][459]LogModuleManager: Shutting down and abandoning module CableComponent (406)
[2019.12.15-22.10.31:198][459]LogModuleManager: Shutting down and abandoning module AudioCapture (404)
[2019.12.15-22.10.31:198][459]LogModuleManager: Shutting down and abandoning module ArchVisCharacter (402)
[2019.12.15-22.10.31:198][459]LogModuleManager: Shutting down and abandoning module AppleImageUtilsBlueprintSupport (400)
[2019.12.15-22.10.31:198][459]LogModuleManager: Shutting down and abandoning module AppleImageUtils (398)
[2019.12.15-22.10.31:198][459]LogModuleManager: Shutting down and abandoning module AndroidPermission (396)
[2019.12.15-22.10.31:198][459]LogModuleManager: Shutting down and abandoning module NUTUnrealEngine4 (394)
[2019.12.15-22.10.31:198][459]LogModuleManager: Shutting down and abandoning module NetcodeUnitTest (392)
[2019.12.15-22.10.31:198][459]LogModuleManager: Shutting down and abandoning module MediaCompositing (390)
[2019.12.15-22.10.31:198][459]LogModuleManager: Shutting down and abandoning module ImgMedia (388)
[2019.12.15-22.10.31:198][459]LogModuleManager: Shutting down and abandoning module MagicLeapHelperVulkan (386)
[2019.12.15-22.10.31:198][459]LogModuleManager: Shutting down and abandoning module MagicLeapHelperOpenGL (384)
[2019.12.15-22.10.31:198][459]LogModuleManager: Shutting down and abandoning module MagicLeapAudio (382)
[2019.12.15-22.10.31:198][459]LogModuleManager: Shutting down and abandoning module HTML5Networking (380)
[2019.12.15-22.10.31:199][459]LogModuleManager: Shutting down and abandoning module GeometryCacheTracks (378)
[2019.12.15-22.10.31:199][459]LogModuleManager: Shutting down and abandoning module GeometryCacheSequencer (376)
[2019.12.15-22.10.31:199][459]LogModuleManager: Shutting down and abandoning module BackChannel (374)
[2019.12.15-22.10.31:199][459]LogModuleManager: Shutting down and abandoning module AutomationUtilsEditor (372)
[2019.12.15-22.10.31:199][459]LogModuleManager: Shutting down and abandoning module AutomationUtils (370)
[2019.12.15-22.10.31:199][459]LogModuleManager: Shutting down and abandoning module AlembicImporter (368)
[2019.12.15-22.10.31:199][459]LogModuleManager: Shutting down and abandoning module AlembicLibrary (367)
[2019.12.15-22.10.31:199][459]LogModuleManager: Shutting down and abandoning module GeometryCache (366)
[2019.12.15-22.10.31:199][459]LogModuleManager: Shutting down and abandoning module GeometryCacheEd (365)
[2019.12.15-22.10.31:199][459]LogModuleManager: Shutting down and abandoning module VariantManagerContent (360)
[2019.12.15-22.10.31:199][459]LogModuleManager: Shutting down and abandoning module DatasmithContentEditor (358)
[2019.12.15-22.10.31:199][459]LogModuleManager: Shutting down and abandoning module SpeedTreeImporter (356)
[2019.12.15-22.10.31:199][459]LogModuleManager: Shutting down and abandoning module PluginBrowser (354)
[2019.12.15-22.10.31:199][459]LogModuleManager: Shutting down and abandoning module MobileLauncherProfileWizard (352)
[2019.12.15-22.10.31:199][459]LogModuleManager: Shutting down and abandoning module MaterialAnalyzer (350)
[2019.12.15-22.10.31:200][459]LogModuleManager: Shutting down and abandoning module CurveEditorTools (348)
[2019.12.15-22.10.31:200][459]LogModuleManager: Shutting down and abandoning module CurveEditor (347)
[2019.12.15-22.10.31:200][459]LogModuleManager: Shutting down and abandoning module CryptoKeysOpenSSL (344)
[2019.12.15-22.10.31:200][459]LogModuleManager: Shutting down and abandoning module CryptoKeys (342)
[2019.12.15-22.10.31:200][459]LogModuleManager: Shutting down and abandoning module VisualStudioSourceCodeAccess (340)
[2019.12.15-22.10.31:200][459]LogModuleManager: Shutting down and abandoning module VisualStudioCodeSourceCodeAccess (338)
[2019.12.15-22.10.31:200][459]LogModuleManager: Shutting down and abandoning module UObjectPlugin (336)
[2019.12.15-22.10.31:200][459]LogModuleManager: Shutting down and abandoning module SubversionSourceControl (334)
[2019.12.15-22.10.31:200][459]LogModuleManager: Shutting down and abandoning module PerforceSourceControl (332)
[2019.12.15-22.10.31:200][459]LogModuleManager: Shutting down and abandoning module GitSourceControl (330)
[2019.12.15-22.10.31:200][459]LogModuleManager: Shutting down and abandoning module SourceControl (329)
[2019.12.15-22.10.31:201][459]LogModuleManager: Shutting down and abandoning module CLionSourceCodeAccess (326)
[2019.12.15-22.10.31:201][459]LogModuleManager: Shutting down and abandoning module AnimationSharingEd (324)
[2019.12.15-22.10.31:201][459]LogModuleManager: Shutting down and abandoning module ActorLayerUtilitiesEditor (322)
[2019.12.15-22.10.31:201][459]LogModuleManager: Shutting down and abandoning module ActorLayerUtilities (320)
[2019.12.15-22.10.31:201][459]LogModuleManager: Shutting down and abandoning module LightPropagationVolumeEditor (318)
[2019.12.15-22.10.31:201][459]LogModuleManager: Shutting down and abandoning module PaperTiledImporter (316)
[2019.12.15-22.10.31:201][459]LogModuleManager: Shutting down and abandoning module PaperSpriteSheetImporter (314)
[2019.12.15-22.10.31:201][459]LogModuleManager: Shutting down and abandoning module Paper2DEditor (312)
[2019.12.15-22.10.31:201][459]LogModuleManager: Shutting down and abandoning module SignificanceManager (308)
[2019.12.15-22.10.31:201][459]LogModuleManager: Shutting down and abandoning module RuntimePhysXCooking (306)
[2019.12.15-22.10.31:201][459]LogModuleManager: Shutting down and abandoning module PhysXVehiclesEditor (304)
[2019.12.15-22.10.31:201][459]LogModuleManager: Shutting down and abandoning module LocationServicesBPLibrary (300)
[2019.12.15-22.10.31:201][459]LogModuleManager: Shutting down and abandoning module ActorSequence (298)
[2019.12.15-22.10.31:201][459]LogModuleManager: Shutting down and abandoning module UdpMessaging (296)
[2019.12.15-22.10.31:303][459]LogModuleManager: Shutting down and abandoning module TcpMessaging (294)
[2019.12.15-22.10.31:403][459]LogModuleManager: Shutting down and abandoning module MagicLeapIdentity (292)
[2019.12.15-22.10.31:403][459]LogModuleManager: Shutting down and abandoning module MagicLeapSecureStorage (290)
[2019.12.15-22.10.31:403][459]LogModuleManager: Shutting down and abandoning module MagicLeapHandTracking (288)
[2019.12.15-22.10.31:403][459]LogModuleManager: Shutting down and abandoning module MagicLeapEyeTracker (286)
[2019.12.15-22.10.31:403][459]LogModuleManager: Shutting down and abandoning module MagicLeapController (284)
[2019.12.15-22.10.31:403][459]LogSlate: Slate User Destroyed.  User Index 0, Is Virtual User: 0
[2019.12.15-22.10.31:403][459]LogModuleManager: Shutting down and abandoning module MagicLeapAR (282)
[2019.12.15-22.10.31:404][459]LogModuleManager: Shutting down and abandoning module AugmentedReality (281)
[2019.12.15-22.10.31:404][459]LogModuleManager: Shutting down and abandoning module GameplayTagsEditor (278)
[2019.12.15-22.10.31:404][459]LogModuleManager: Shutting down and abandoning module FacialAnimationEditor (276)
[2019.12.15-22.10.31:404][459]LogModuleManager: Shutting down and abandoning module FacialAnimation (274)
[2019.12.15-22.10.31:404][459]LogModuleManager: Shutting down and abandoning module DataValidation (272)
[2019.12.15-22.10.31:404][459]LogModuleManager: Shutting down and abandoning module AssetManagerEditor (270)
[2019.12.15-22.10.31:404][459]LogModuleManager: Shutting down and abandoning module LevelEditor (269)
[2019.12.15-22.10.31:406][459]LogModuleManager: Shutting down and abandoning module PixelInspectorModule (268)
[2019.12.15-22.10.31:406][459]LogModuleManager: Shutting down and abandoning module CommonMenuExtensions (266)
[2019.12.15-22.10.31:406][459]LogModuleManager: Shutting down and abandoning module MainFrame (264)
[2019.12.15-22.10.31:406][459]LogModuleManager: Shutting down and abandoning module HotReload (263)
[2019.12.15-22.10.31:408][459]LogModuleManager: Shutting down and abandoning module ContentBrowser (259)
[2019.12.15-22.10.31:410][459]LogModuleManager: Shutting down and abandoning module TreeMap (257)
[2019.12.15-22.10.31:410][459]LogModuleManager: Shutting down and abandoning module AnimationSharing (254)
[2019.12.15-22.10.31:410][459]LogModuleManager: Shutting down and abandoning module LightPropagationVolumeRuntime (252)
[2019.12.15-22.10.31:410][459]LogModuleManager: Shutting down and abandoning module Paper2D (250)
[2019.12.15-22.10.31:410][459]LogModuleManager: Shutting down and abandoning module WindowsMoviePlayer (248)
[2019.12.15-22.10.31:416][459]LogModuleManager: Shutting down and abandoning module WebMMoviePlayer (246)
[2019.12.15-22.10.31:416][459]LogModuleManager: Shutting down and abandoning module NetworkReplayStreaming (244)
[2019.12.15-22.10.31:416][459]LogModuleManager: Shutting down and abandoning module PacketHandler (242)
[2019.12.15-22.10.31:416][459]LogModuleManager: Shutting down and abandoning module ClothingSystemEditor (240)
[2019.12.15-22.10.31:416][459]LogModuleManager: Shutting down and abandoning module ClothingSystemRuntime (238)
[2019.12.15-22.10.31:416][459]LogModuleManager: Shutting down and abandoning module MediaAssets (236)
[2019.12.15-22.10.31:416][459]LogModuleManager: Shutting down and abandoning module Overlay (234)
[2019.12.15-22.10.31:416][459]LogModuleManager: Shutting down and abandoning module OverlayEditor (233)
[2019.12.15-22.10.31:416][459]LogModuleManager: Shutting down and abandoning module VREditor (230)
[2019.12.15-22.10.31:416][459]LogModuleManager: Shutting down and abandoning module StringTableEditor (228)
[2019.12.15-22.10.31:416][459]LogModuleManager: Shutting down and abandoning module GameplayTasksEditor (226)
[2019.12.15-22.10.31:416][459]LogModuleManager: Shutting down and abandoning module BehaviorTreeEditor (224)
[2019.12.15-22.10.31:416][459]LogModuleManager: Shutting down and abandoning module FunctionalTesting (222)
[2019.12.15-22.10.31:417][459]LogModuleManager: Shutting down and abandoning module CollisionAnalyzer (220)
[2019.12.15-22.10.31:417][459]LogModuleManager: Shutting down and abandoning module WorkspaceMenuStructure (219)
[2019.12.15-22.10.31:417][459]LogModuleManager: Shutting down and abandoning module UMG (216)
[2019.12.15-22.10.31:417][459]LogModuleManager: Shutting down and abandoning module UMGEditor (215)
[2019.12.15-22.10.31:417][459]LogModuleManager: Shutting down and abandoning module Sequencer (214)
[2019.12.15-22.10.31:417][459]LogModuleManager: Shutting down and abandoning module MessageLog (211)
[2019.12.15-22.10.31:417][459]LogModuleManager: Shutting down and abandoning module SlateReflector (206)
[2019.12.15-22.10.31:417][459]LogModuleManager: Shutting down and abandoning module Slate (204)
[2019.12.15-22.10.31:417][459]LogModuleManager: Shutting down and abandoning module LandscapeEditorUtilities (202)
[2019.12.15-22.10.31:418][459]LogModuleManager: Shutting down and abandoning module EditorStyle (200)
[2019.12.15-22.10.31:421][459]LogModuleManager: Shutting down and abandoning module UnrealEd (198)
[2019.12.15-22.10.31:421][459]LogModuleManager: Shutting down and abandoning module MRMesh (196)
[2019.12.15-22.10.31:421][459]LogModuleManager: Shutting down and abandoning module SourceCodeAccess (194)
[2019.12.15-22.10.31:421][459]LogModuleManager: Shutting down and abandoning module HeadMountedDisplay (192)
[2019.12.15-22.10.31:421][459]LogModuleManager: Shutting down and abandoning module XAudio2 (190)
[2019.12.15-22.10.31:421][459]LogModuleManager: Shutting down and abandoning module Networking (188)
[2019.12.15-22.10.31:421][459]LogModuleManager: Shutting down and abandoning module Core (186)
[2019.12.15-22.10.31:421][459]LogModuleManager: Shutting down and abandoning module KismetCompiler (184)
[2019.12.15-22.10.31:421][459]LogModuleManager: Shutting down and abandoning module MeshUtilities (182)
[2019.12.15-22.10.31:421][459]LogModuleManager: Shutting down and abandoning module MeshMergeUtilities (181)
[2019.12.15-22.10.31:421][459]LogModuleManager: Shutting down and abandoning module MeshReductionInterface (180)
[2019.12.15-22.10.31:421][459]LogModuleManager: Shutting down and abandoning module SkeletalMeshReduction (179)
[2019.12.15-22.10.31:421][459]LogModuleManager: Shutting down and abandoning module ProxyLODMeshReduction (177)
[2019.12.15-22.10.31:421][459]LogModuleManager: Shutting down and abandoning module QuadricMeshReduction (175)
[2019.12.15-22.10.31:422][459]LogModuleManager: Shutting down and abandoning module MaterialBaking (171)
[2019.12.15-22.10.31:422][459]LogModuleManager: Shutting down and abandoning module NullInstallBundleManager (166)
[2019.12.15-22.10.31:422][459]LogModuleManager: Shutting down and abandoning module DerivedDataCache (164)
[2019.12.15-22.10.31:468][459]LogDerivedDataCache: Shutdown
[2019.12.15-22.10.31:469][459]LogModuleManager: Shutting down and abandoning module XGEController (162)
[2019.12.15-22.10.31:470][459]LogModuleManager: Shutting down and abandoning module TargetPlatform (160)
[2019.12.15-22.10.31:470][459]LogModuleManager: Shutting down and abandoning module VulkanShaderFormat (159)
[2019.12.15-22.10.31:470][459]LogModuleManager: Shutting down and abandoning module ShaderFormatVectorVM (157)
[2019.12.15-22.10.31:470][459]LogModuleManager: Shutting down and abandoning module ShaderFormatOpenGL (155)
[2019.12.15-22.10.31:470][459]LogModuleManager: Shutting down and abandoning module ShaderFormatD3D (153)
[2019.12.15-22.10.31:470][459]LogModuleManager: Shutting down and abandoning module MetalShaderFormat (151)
[2019.12.15-22.10.31:470][459]LogModuleManager: Shutting down and abandoning module TextureFormatUncompressed (149)
[2019.12.15-22.10.31:470][459]LogModuleManager: Shutting down and abandoning module TextureFormatPVR (147)
[2019.12.15-22.10.31:470][459]LogModuleManager: Shutting down and abandoning module TextureFormatDXT (145)
[2019.12.15-22.10.31:470][459]LogModuleManager: Shutting down and abandoning module TextureFormatIntelISPCTexComp (143)
[2019.12.15-22.10.31:471][459]LogModuleManager: Shutting down and abandoning module TextureFormatASTC (141)
[2019.12.15-22.10.31:471][459]LogModuleManager: Shutting down and abandoning module ImageWrapper (140)
[2019.12.15-22.10.31:471][459]LogModuleManager: Shutting down and abandoning module TextureFormatAndroid (137)
[2019.12.15-22.10.31:471][459]LogModuleManager: Shutting down and abandoning module AudioFormatOpus (135)
[2019.12.15-22.10.31:472][459]LogModuleManager: Shutting down and abandoning module AudioFormatOgg (133)
[2019.12.15-22.10.31:472][459]LogModuleManager: Shutting down and abandoning module AudioFormatADPCM (131)
[2019.12.15-22.10.31:472][459]LogModuleManager: Shutting down and abandoning module LuminTargetPlatform (129)
[2019.12.15-22.10.31:474][459]LogModuleManager: Shutting down and abandoning module LinuxTargetPlatform (127)
[2019.12.15-22.10.31:474][459]LogModuleManager: Shutting down and abandoning module LinuxServerTargetPlatform (125)
[2019.12.15-22.10.31:474][459]LogModuleManager: Shutting down and abandoning module LinuxNoEditorTargetPlatform (123)
[2019.12.15-22.10.31:474][459]LogModuleManager: Shutting down and abandoning module LinuxClientTargetPlatform (121)
[2019.12.15-22.10.31:474][459]LogModuleManager: Shutting down and abandoning module TVOSTargetPlatform (119)
[2019.12.15-22.10.31:476][459]LogModuleManager: Shutting down and abandoning module Messaging (117)
[2019.12.15-22.10.31:476][459]LogModuleManager: Shutting down and abandoning module IOSTargetPlatform (115)
[2019.12.15-22.10.31:478][459]LogModuleManager: Shutting down and abandoning module HTML5TargetPlatform (113)
[2019.12.15-22.10.31:478][459]LogModuleManager: Shutting down and abandoning module AndroidTargetPlatform (111)
[2019.12.15-22.10.31:499][459]LogModuleManager: Shutting down and abandoning module WindowsTargetPlatform (109)
[2019.12.15-22.10.31:499][459]LogModuleManager: Shutting down and abandoning module WindowsServerTargetPlatform (107)
[2019.12.15-22.10.31:499][459]LogModuleManager: Shutting down and abandoning module WindowsNoEditorTargetPlatform (105)
[2019.12.15-22.10.31:500][459]LogModuleManager: Shutting down and abandoning module WindowsClientTargetPlatform (103)
[2019.12.15-22.10.31:500][459]LogModuleManager: Shutting down and abandoning module MacTargetPlatform (101)
[2019.12.15-22.10.31:500][459]LogModuleManager: Shutting down and abandoning module MacServerTargetPlatform (99)
[2019.12.15-22.10.31:500][459]LogModuleManager: Shutting down and abandoning module MacNoEditorTargetPlatform (97)
[2019.12.15-22.10.31:500][459]LogModuleManager: Shutting down and abandoning module MacClientTargetPlatform (95)
[2019.12.15-22.10.31:500][459]LogModuleManager: Shutting down and abandoning module AllDesktopTargetPlatform (93)
[2019.12.15-22.10.31:500][459]LogModuleManager: Shutting down and abandoning module InputCore (90)
[2019.12.15-22.10.31:500][459]LogModuleManager: Shutting down and abandoning module Settings (88)
[2019.12.15-22.10.31:500][459]LogModuleManager: Shutting down and abandoning module DirectoryWatcher (86)
[2019.12.15-22.10.31:501][459]LogModuleManager: Shutting down and abandoning module PhysXCooking (84)
[2019.12.15-22.10.31:501][459]LogModuleManager: Shutting down and abandoning module WindowsPlatformFeatures (82)
[2019.12.15-22.10.31:501][459]LogModuleManager: Shutting down and abandoning module GameplayMediaEncoder (81)
[2019.12.15-22.10.31:501][459]LogModuleManager: Shutting down and abandoning module SteamVR (78)
[2019.12.15-22.10.31:501][459]LogHMD: Freeing OpenVRDLLHandle.
[2019.12.15-22.10.31:501][459]LogModuleManager: Shutting down and abandoning module OculusHMD (76)
[2019.12.15-22.10.31:501][459]LogModuleManager: Shutting down and abandoning module ExampleDeviceProfileSelector (74)
[2019.12.15-22.10.31:501][459]LogModuleManager: Shutting down and abandoning module LauncherChunkInstaller (72)
[2019.12.15-22.10.31:501][459]LogModuleManager: Shutting down and abandoning module OnlineBlueprintSupport (70)
[2019.12.15-22.10.31:501][459]LogModuleManager: Shutting down and abandoning module OnlineSubsystem (66)
[2019.12.15-22.10.31:503][459]LogModuleManager: Shutting down and abandoning module XMPP (61)
[2019.12.15-22.10.31:503][459]LogModuleManager: Shutting down and abandoning module WebSockets (60)
[2019.12.15-22.10.31:529][459]LogModuleManager: Shutting down and abandoning module HTTP (57)
[2019.12.15-22.10.31:529][459]LogHttp: Display: Http module shutting down, but needs to wait on 1 outstanding Http requests:
[2019.12.15-22.10.31:529][459]LogHttp: Display: 	verb=[POST] url=[https://datarouter.ol.epicgames.com/datarouter/api/v1/public/data?SessionID=%7B03FCE4AB-4B0C-5F1C-7140-7491CD5F3C9D%7D&AppID=UEEditor.Rocket.Release&AppVersion=4.23.1-9631420%2B%2B%2BUE4%2BRelease-4.23&UserID=aa5f5be140252537c5050abaada1c046%7C09e10e81f244499b944931ec94eda32f%7Cf6132e6c-f03e-4dc6-8f89-7f856703eb75&AppEnvironment=datacollector-binary&UploadType=eteventstream] status=Processing
[2019.12.15-22.10.31:536][459]LogModuleManager: Shutting down and abandoning module SSL (56)
[2019.12.15-22.10.31:539][459]LogModuleManager: Shutting down and abandoning module WmfMedia (52)
[2019.12.15-22.10.31:543][459]LogModuleManager: Shutting down and abandoning module Media (51)
[2019.12.15-22.10.31:545][459]LogModuleManager: Shutting down and abandoning module MagicLeap (48)
[2019.12.15-22.10.31:545][459]LogModuleManager: Shutting down and abandoning module DatasmithContent (46)
[2019.12.15-22.10.31:546][459]LogModuleManager: Shutting down and abandoning module AISupportModule (44)
[2019.12.15-22.10.31:546][459]LogModuleManager: Shutting down and abandoning module PlatformCryptoOpenSSL (42)
[2019.12.15-22.10.31:546][459]LogModuleManager: Shutting down and abandoning module PlatformCrypto (40)
[2019.12.15-22.10.31:546][459]LogModuleManager: Shutting down and abandoning module AnimationModifiers (38)
[2019.12.15-22.10.31:546][459]LogModuleManager: Shutting down and abandoning module PropertyEditor (37)
[2019.12.15-22.10.31:546][459]LogModuleManager: Shutting down and abandoning module AudioEditor (34)
[2019.12.15-22.10.31:547][459]LogModuleManager: Shutting down and abandoning module TextureCompressor (32)
[2019.12.15-22.10.31:547][459]LogModuleManager: Shutting down and abandoning module RenderCore (30)
[2019.12.15-22.10.31:547][459]LogModuleManager: Shutting down and abandoning module Landscape (28)
[2019.12.15-22.10.31:547][459]LogModuleManager: Shutting down and abandoning module SlateRHIRenderer (26)
[2019.12.15-22.10.31:549][459]LogModuleManager: Shutting down and abandoning module OpenGLDrv (24)
[2019.12.15-22.10.31:549][459]LogModuleManager: Shutting down and abandoning module D3D11RHI (22)
[2019.12.15-22.10.31:549][459]LogModuleManager: Shutting down and abandoning module AnimGraphRuntime (20)
[2019.12.15-22.10.31:549][459]LogModuleManager: Shutting down and abandoning module Renderer (18)
[2019.12.15-22.10.31:550][459]LogModuleManager: Shutting down and abandoning module Engine (16)
[2019.12.15-22.10.31:550][459]LogModuleManager: Shutting down and abandoning module CoreUObject (14)
[2019.12.15-22.10.31:550][459]LogModuleManager: Shutting down and abandoning module NetworkFile (12)
[2019.12.15-22.10.31:550][459]LogModuleManager: Shutting down and abandoning module CookedIterativeFile (10)
[2019.12.15-22.10.31:550][459]LogModuleManager: Shutting down and abandoning module StreamingFile (8)
[2019.12.15-22.10.31:550][459]LogModuleManager: Shutting down and abandoning module SandboxFile (6)
[2019.12.15-22.10.31:550][459]LogModuleManager: Shutting down and abandoning module PakFile (4)
[2019.12.15-22.10.31:550][459]LogModuleManager: Shutting down and abandoning module RSA (3)
[2019.12.15-22.10.31:551][459]LogD3D11RHI: Shutdown
[2019.12.15-22.10.31:552][459]LogD3D11RHI: CleanupD3DDevice
[2019.12.15-22.10.31:554][459]LogRendererCore: FGlobalDynamicReadBuffer::Cleanup()
[2019.12.15-22.10.31:554][459]LogRendererCore: FGlobalDynamicReadBuffer::Cleanup()
[2019.12.15-22.10.31:554][459]LogRendererCore: FGlobalDynamicReadBuffer::Cleanup()
[2019.12.15-22.10.31:580][459]LogD3D11RHI: [IntelMetricsDiscovery] Stopped
[2019.12.15-22.10.31:678][459]LogD3D11RHI: ~FD3D11DynamicRHI
[2019.12.15-22.10.31:682][459]LogExit: Exiting.
[2019.12.15-22.10.31:695][459]Log file closed, 12/16/19 07:10:31
