Log file open, 12/16/19 01:25:44
LogWindows: Failed to load 'aqProf.dll' (GetLastError=126)
LogWindows: File 'aqProf.dll' does not exist
LogWindows: Failed to load 'VtuneApi.dll' (GetLastError=126)
LogWindows: File 'VtuneApi.dll' does not exist
LogWindows: Failed to load 'VtuneApi32e.dll' (GetLastError=126)
LogWindows: File 'VtuneApi32e.dll' does not exist
LogConsoleResponse: Display: Failed to find resolution value strings in scalability ini. Falling back to default.
LogInit: Display: Running engine for game: Pacman2
LogPlatformFile: Not using cached read wrapper
LogTaskGraph: Started task graph with 5 named threads and 11 total threads with 3 sets of task threads.
LogStats: Stats thread started at 0.086122
LogD3D11RHI: Loaded GFSDK_Aftermath_Lib.x64.dll
LogICUInternationalization: ICU TimeZone Detection - Raw Offset: +9:00, Platform Override: ''
LogPluginManager: Mounting plugin Paper2D
LogPluginManager: Mounting plugin AISupport
LogPluginManager: Mounting plugin LightPropagationVolume
LogPluginManager: Mounting plugin ActorLayerUtilities
LogPluginManager: Mounting plugin AnimationSharing
LogPluginManager: Mounting plugin CLionSourceCodeAccess
LogPluginManager: Mounting plugin CodeLiteSourceCodeAccess
LogPluginManager: Mounting plugin GitSourceControl
LogPluginManager: Mounting plugin KDevelopSourceCodeAccess
LogPluginManager: Mounting plugin NullSourceCodeAccess
LogPluginManager: Mounting plugin PerforceSourceControl
LogPluginManager: Mounting plugin SubversionSourceControl
LogPluginManager: Mounting plugin UObjectPlugin
LogPluginManager: Mounting plugin VisualStudioCodeSourceCodeAccess
LogPluginManager: Mounting plugin VisualStudioSourceCodeAccess
LogPluginManager: Mounting plugin XCodeSourceCodeAccess
LogPluginManager: Mounting plugin AssetManagerEditor
LogPluginManager: Mounting plugin CryptoKeys
LogPluginManager: Mounting plugin CurveEditorTools
LogPluginManager: Mounting plugin DataValidation
LogPluginManager: Mounting plugin FacialAnimation
LogPluginManager: Mounting plugin GameplayTagsEditor
LogPluginManager: Mounting plugin MacGraphicsSwitching
LogPluginManager: Mounting plugin MaterialAnalyzer
LogPluginManager: Mounting plugin MobileLauncherProfileWizard
LogPluginManager: Mounting plugin PluginBrowser
LogPluginManager: Mounting plugin SpeedTreeImporter
LogPluginManager: Mounting plugin DatasmithContent
LogPluginManager: Mounting plugin VariantManagerContent
LogPluginManager: Mounting plugin AlembicImporter
LogPluginManager: Mounting plugin AutomationUtils
LogPluginManager: Mounting plugin BackChannel
LogPluginManager: Mounting plugin CharacterAI
LogPluginManager: Mounting plugin GeometryCache
LogPluginManager: Mounting plugin HTML5Networking
LogPluginManager: Mounting plugin PlatformCrypto
LogPluginManager: Mounting plugin ProxyLODPlugin
LogPluginManager: Mounting plugin SkeletalReduction
LogPluginManager: Mounting plugin MagicLeap
LogPluginManager: Mounting plugin MagicLeapMedia
LogPluginManager: Mounting plugin AndroidMedia
LogPluginManager: Mounting plugin AvfMedia
LogPluginManager: Mounting plugin ImgMedia
LogPluginManager: Mounting plugin MediaCompositing
LogPluginManager: Mounting plugin MediaPlayerEditor
LogPluginManager: Mounting plugin WebMMedia
LogPluginManager: Mounting plugin WmfMedia
LogPluginManager: Mounting plugin TcpMessaging
LogPluginManager: Mounting plugin UdpMessaging
LogPluginManager: Mounting plugin ActorSequence
LogPluginManager: Mounting plugin LevelSequenceEditor
LogPluginManager: Mounting plugin MatineeToLevelSequence
LogPluginManager: Mounting plugin NetcodeUnitTest
LogPluginManager: Mounting plugin NUTUnrealEngine4
LogPluginManager: Mounting plugin OnlineSubsystemGooglePlay
LogPluginManager: Mounting plugin OnlineSubsystemIOS
LogPluginManager: Mounting plugin OnlineSubsystem
LogPluginManager: Mounting plugin OnlineSubsystemNull
LogPluginManager: Mounting plugin OnlineSubsystemUtils
LogPluginManager: Mounting plugin LauncherChunkInstaller
LogPluginManager: Mounting plugin AndroidDeviceProfileSelector
LogPluginManager: Mounting plugin AndroidMoviePlayer
LogPluginManager: Mounting plugin AndroidPermission
LogPluginManager: Mounting plugin AppleImageUtils
LogPluginManager: Mounting plugin AppleMoviePlayer
LogPluginManager: Mounting plugin ArchVisCharacter
LogPluginManager: Mounting plugin AudioCapture
LogPluginManager: Mounting plugin CableComponent
LogPluginManager: Mounting plugin CustomMeshComponent
LogPluginManager: Mounting plugin EditableMesh
LogPluginManager: Mounting plugin ExampleDeviceProfileSelector
LogPluginManager: Mounting plugin GoogleCloudMessaging
LogPluginManager: Mounting plugin IOSDeviceProfileSelector
LogPluginManager: Mounting plugin LinuxDeviceProfileSelector
LogPluginManager: Mounting plugin LocationServicesBPLibrary
LogPluginManager: Mounting plugin MobilePatchingUtils
LogPluginManager: Mounting plugin OculusVR
LogPluginManager: Mounting plugin PhysXVehicles
LogPluginManager: Mounting plugin ProceduralMeshComponent
LogPluginManager: Mounting plugin RuntimePhysXCooking
LogPluginManager: Mounting plugin SignificanceManager
LogPluginManager: Mounting plugin SteamVR
LogPluginManager: Mounting plugin WebMMoviePlayer
LogPluginManager: Mounting plugin WindowsMoviePlayer
LogPluginManager: Mounting plugin ScreenshotTools
LogInit: Using libcurl 7.55.1-DEV
LogInit:  - built for x86_64-pc-win32
LogInit:  - supports SSL with OpenSSL/1.1.1
LogInit:  - supports HTTP deflate (compression) using libz 1.2.8
LogInit:  - other features:
LogInit:      CURL_VERSION_SSL
LogInit:      CURL_VERSION_LIBZ
LogInit:      CURL_VERSION_IPV6
LogInit:      CURL_VERSION_ASYNCHDNS
LogInit:      CURL_VERSION_LARGEFILE
LogInit:      CURL_VERSION_IDN
LogInit:  CurlRequestOptions (configurable via config and command line):
LogInit:  - bVerifyPeer = true  - Libcurl will verify peer certificate
LogInit:  - bUseHttpProxy = false  - Libcurl will NOT use HTTP proxy
LogInit:  - bDontReuseConnections = false  - Libcurl will reuse connections
LogInit:  - MaxHostConnections = 16  - Libcurl will limit the number of connections to a host
LogInit:  - LocalHostAddr = Default
LogInit:  - BufferSize = 65536
LogOnline: OSS: Creating online subsystem instance for: NULL
LogInit: WinSock: version 1.1 (2.2), MaxSocks=32767, MaxUdp=65467
LogInit: Build: ++UE4+Release-4.23-CL-9631420
LogInit: Engine Version: 4.23.1-9631420+++UE4+Release-4.23
LogInit: Compatible Engine Version: 4.23.0-8386587+++UE4+Release-4.23
LogInit: Net CL: 8386587
LogInit: OS: Windows 10 (Release 1903) (), CPU: Intel(R) Core(TM) i5-7200U CPU @ 2.50GHz, GPU: Intel(R) HD Graphics 620
LogInit: Compiled (64-bit): Oct 18 2019 02:07:44
LogInit: Compiled with Visual C++: 19.16.27030.01
LogInit: Build Configuration: Development
LogInit: Branch Name: ++UE4+Release-4.23
LogInit: Command Line: 
LogInit: Base Directory: C:/Program Files/Epic Games/UE_4.23/Engine/Binaries/Win64/
LogInit: Installed Engine Build: 1
LogDevObjectVersion: Number of dev versions registered: 23
LogDevObjectVersion:   Dev-Blueprints (B0D832E4-1F89-4F0D-ACCF-7EB736FD4AA2): 10
LogDevObjectVersion:   Dev-Build (E1C64328-A22C-4D53-A36C-8E866417BD8C): 0
LogDevObjectVersion:   Dev-Core (375EC13C-06E4-48FB-B500-84F0262A717E): 3
LogDevObjectVersion:   Dev-Editor (E4B068ED-F494-42E9-A231-DA0B2E46BB41): 34
LogDevObjectVersion:   Dev-Framework (CFFC743F-43B0-4480-9391-14DF171D2073): 35
LogDevObjectVersion:   Dev-Mobile (B02B49B5-BB20-44E9-A304-32B752E40360): 2
LogDevObjectVersion:   Dev-Networking (A4E4105C-59A1-49B5-A7C5-40C4547EDFEE): 0
LogDevObjectVersion:   Dev-Online (39C831C9-5AE6-47DC-9A44-9C173E1C8E7C): 0
LogDevObjectVersion:   Dev-Physics (78F01B33-EBEA-4F98-B9B4-84EACCB95AA2): 0
LogDevObjectVersion:   Dev-Platform (6631380F-2D4D-43E0-8009-CF276956A95A): 0
LogDevObjectVersion:   Dev-Rendering (12F88B9F-8875-4AFC-A67C-D90C383ABD29): 31
LogDevObjectVersion:   Dev-Sequencer (7B5AE74C-D270-4C10-A958-57980B212A5A): 11
LogDevObjectVersion:   Dev-VR (D7296918-1DD6-4BDD-9DE2-64A83CC13884): 2
LogDevObjectVersion:   Dev-LoadTimes (C2A15278-BFE7-4AFE-6C17-90FF531DF755): 1
LogDevObjectVersion:   Private-Geometry (6EACA3D4-40EC-4CC1-B786-8BED09428FC5): 3
LogDevObjectVersion:   Dev-AnimPhys (29E575DD-E0A3-4627-9D10-D276232CDCEA): 17
LogDevObjectVersion:   Dev-Anim (AF43A65D-7FD3-4947-9873-3E8ED9C1BB05): 2
LogDevObjectVersion:   Dev-ReflectionCapture (6B266CEC-1EC7-4B8F-A30B-E4D90942FC07): 1
LogDevObjectVersion:   Dev-Automation (0DF73D61-A23F-47EA-B727-89E90C41499A): 1
LogDevObjectVersion:   FortniteMain (601D1886-AC64-4F84-AA16-D3DE0DEAC7D6): 27
LogDevObjectVersion:   Dev-Enterprise (9DFFBCD6-494F-0158-E221-12823C92A888): 6
LogDevObjectVersion:   Dev-Niagara (F2AED0AC-9AFE-416F-8664-AA7FFA26D6FC): 1
LogDevObjectVersion:   Dev-Destruction (174F1F0B-B4C6-45A5-B13F-2EE8D0FB917D): 9
LogInit: Presizing for max 16777216 objects, including 0 objects not considered by GC, pre-allocating 0 bytes for permanent pool.
LogInit: Object subsystem initialized
LogConfig: Setting CVar [[con.DebugEarlyDefault:1]]
LogConfig: Setting CVar [[r.setres:1280x720]]
[2019.12.15-16.25.44:387][  0]LogConfig: Setting CVar [[r.VSync:0]]
[2019.12.15-16.25.44:387][  0]LogConfig: Setting CVar [[r.RHICmdBypass:0]]
[2019.12.15-16.25.44:387][  0]LogConfig: Applying CVar settings from Section [/Script/Engine.RendererSettings] File [C:/Users/john/Documents/Unreal Projects/Pacman2/Saved/Config/Windows/Engine.ini]
[2019.12.15-16.25.44:387][  0]LogConfig: Setting CVar [[r.GPUCrashDebugging:0]]
[2019.12.15-16.25.44:387][  0]LogConfig: Setting CVar [[r.DefaultFeature.AutoExposure.ExtendDefaultLuminanceRange:1]]
[2019.12.15-16.25.44:387][  0]LogConfig: Applying CVar settings from Section [/Script/Engine.RendererOverrideSettings] File [C:/Users/john/Documents/Unreal Projects/Pacman2/Saved/Config/Windows/Engine.ini]
[2019.12.15-16.25.44:387][  0]LogConfig: Applying CVar settings from Section [/Script/Engine.StreamingSettings] File [C:/Users/john/Documents/Unreal Projects/Pacman2/Saved/Config/Windows/Engine.ini]
[2019.12.15-16.25.44:387][  0]LogConfig: Setting CVar [[s.MinBulkDataSizeForAsyncLoading:131072]]
[2019.12.15-16.25.44:387][  0]LogConfig: Setting CVar [[s.AsyncLoadingThreadEnabled:0]]
[2019.12.15-16.25.44:387][  0]LogConfig: Setting CVar [[s.EventDrivenLoaderEnabled:1]]
[2019.12.15-16.25.44:387][  0]LogConfig: Setting CVar [[s.WarnIfTimeLimitExceeded:0]]
[2019.12.15-16.25.44:387][  0]LogConfig: Setting CVar [[s.TimeLimitExceededMultiplier:1.5]]
[2019.12.15-16.25.44:387][  0]LogConfig: Setting CVar [[s.TimeLimitExceededMinTime:0.005]]
[2019.12.15-16.25.44:387][  0]LogConfig: Setting CVar [[s.UseBackgroundLevelStreaming:1]]
[2019.12.15-16.25.44:387][  0]LogConfig: Setting CVar [[s.PriorityAsyncLoadingExtraTime:15.0]]
[2019.12.15-16.25.44:387][  0]LogConfig: Setting CVar [[s.LevelStreamingActorsUpdateTimeLimit:5.0]]
[2019.12.15-16.25.44:387][  0]LogConfig: Setting CVar [[s.PriorityLevelStreamingActorsUpdateExtraTime:5.0]]
[2019.12.15-16.25.44:387][  0]LogConfig: Setting CVar [[s.LevelStreamingComponentsRegistrationGranularity:10]]
[2019.12.15-16.25.44:387][  0]LogConfig: Setting CVar [[s.UnregisterComponentsTimeLimit:1.0]]
[2019.12.15-16.25.44:387][  0]LogConfig: Setting CVar [[s.LevelStreamingComponentsUnregistrationGranularity:5]]
[2019.12.15-16.25.44:387][  0]LogConfig: Applying CVar settings from Section [/Script/Engine.GarbageCollectionSettings] File [C:/Users/john/Documents/Unreal Projects/Pacman2/Saved/Config/Windows/Engine.ini]
[2019.12.15-16.25.44:387][  0]LogConfig: Setting CVar [[gc.MaxObjectsNotConsideredByGC:1]]
[2019.12.15-16.25.44:387][  0]LogConfig: Setting CVar [[gc.SizeOfPermanentObjectPool:0]]
[2019.12.15-16.25.44:387][  0]LogConfig: Setting CVar [[gc.FlushStreamingOnGC:0]]
[2019.12.15-16.25.44:387][  0]LogConfig: Setting CVar [[gc.NumRetriesBeforeForcingGC:10]]
[2019.12.15-16.25.44:387][  0]LogConfig: Setting CVar [[gc.AllowParallelGC:1]]
[2019.12.15-16.25.44:387][  0]LogConfig: Setting CVar [[gc.TimeBetweenPurgingPendingKillObjects:61.1]]
[2019.12.15-16.25.44:387][  0]LogConfig: Setting CVar [[gc.MaxObjectsInEditor:16777216]]
[2019.12.15-16.25.44:387][  0]LogConfig: Setting CVar [[gc.IncrementalBeginDestroyEnabled:1]]
[2019.12.15-16.25.44:387][  0]LogConfig: Setting CVar [[gc.CreateGCClusters:1]]
[2019.12.15-16.25.44:387][  0]LogConfig: Setting CVar [[gc.MinGCClusterSize:5]]
[2019.12.15-16.25.44:387][  0]LogConfig: Setting CVar [[gc.ActorClusteringEnabled:0]]
[2019.12.15-16.25.44:387][  0]LogConfig: Setting CVar [[gc.BlueprintClusteringEnabled:0]]
[2019.12.15-16.25.44:387][  0]LogConfig: Setting CVar [[gc.UseDisregardForGCOnDedicatedServers:0]]
[2019.12.15-16.25.44:387][  0]LogConfig: Applying CVar settings from Section [/Script/Engine.NetworkSettings] File [C:/Users/john/Documents/Unreal Projects/Pacman2/Saved/Config/Windows/Engine.ini]
[2019.12.15-16.25.44:387][  0]LogConfig: Applying CVar settings from Section [/Script/UnrealEd.CookerSettings] File [C:/Users/john/Documents/Unreal Projects/Pacman2/Saved/Config/Windows/Engine.ini]
[2019.12.15-16.25.44:390][  0]LogConfig: Applying CVar settings from Section [ViewDistanceQuality@3] File [C:/Users/john/Documents/Unreal Projects/Pacman2/Saved/Config/Windows/Scalability.ini]
[2019.12.15-16.25.44:390][  0]LogConfig: Setting CVar [[r.SkeletalMeshLODBias:0]]
[2019.12.15-16.25.44:390][  0]LogConfig: Setting CVar [[r.ViewDistanceScale:1.0]]
[2019.12.15-16.25.44:390][  0]LogConfig: Applying CVar settings from Section [AntiAliasingQuality@3] File [C:/Users/john/Documents/Unreal Projects/Pacman2/Saved/Config/Windows/Scalability.ini]
[2019.12.15-16.25.44:390][  0]LogConfig: Setting CVar [[r.PostProcessAAQuality:4]]
[2019.12.15-16.25.44:390][  0]LogConfig: Applying CVar settings from Section [ShadowQuality@3] File [C:/Users/john/Documents/Unreal Projects/Pacman2/Saved/Config/Windows/Scalability.ini]
[2019.12.15-16.25.44:390][  0]LogConfig: Setting CVar [[r.LightFunctionQuality:1]]
[2019.12.15-16.25.44:390][  0]LogConfig: Setting CVar [[r.ShadowQuality:5]]
[2019.12.15-16.25.44:390][  0]LogConfig: Setting CVar [[r.Shadow.CSM.MaxCascades:10]]
[2019.12.15-16.25.44:390][  0]LogConfig: Setting CVar [[r.Shadow.MaxResolution:2048]]
[2019.12.15-16.25.44:390][  0]LogConfig: Setting CVar [[r.Shadow.MaxCSMResolution:2048]]
[2019.12.15-16.25.44:390][  0]LogConfig: Setting CVar [[r.Shadow.RadiusThreshold:0.01]]
[2019.12.15-16.25.44:390][  0]LogConfig: Setting CVar [[r.Shadow.DistanceScale:1.0]]
[2019.12.15-16.25.44:390][  0]LogConfig: Setting CVar [[r.Shadow.CSM.TransitionScale:1.0]]
[2019.12.15-16.25.44:390][  0]LogConfig: Setting CVar [[r.Shadow.PreShadowResolutionFactor:1.0]]
[2019.12.15-16.25.44:390][  0]LogConfig: Setting CVar [[r.DistanceFieldShadowing:1]]
[2019.12.15-16.25.44:390][  0]LogConfig: Setting CVar [[r.DistanceFieldAO:1]]
[2019.12.15-16.25.44:390][  0]LogConfig: Setting CVar [[r.AOQuality:2]]
[2019.12.15-16.25.44:390][  0]LogConfig: Setting CVar [[r.VolumetricFog:1]]
[2019.12.15-16.25.44:390][  0]LogConfig: Setting CVar [[r.VolumetricFog.GridPixelSize:8]]
[2019.12.15-16.25.44:390][  0]LogConfig: Setting CVar [[r.VolumetricFog.GridSizeZ:128]]
[2019.12.15-16.25.44:390][  0]LogConfig: Setting CVar [[r.VolumetricFog.HistoryMissSupersampleCount:4]]
[2019.12.15-16.25.44:390][  0]LogConfig: Setting CVar [[r.LightMaxDrawDistanceScale:1]]
[2019.12.15-16.25.44:390][  0]LogConfig: Setting CVar [[r.CapsuleShadows:1]]
[2019.12.15-16.25.44:390][  0]LogConfig: Applying CVar settings from Section [PostProcessQuality@3] File [C:/Users/john/Documents/Unreal Projects/Pacman2/Saved/Config/Windows/Scalability.ini]
[2019.12.15-16.25.44:390][  0]LogConfig: Setting CVar [[r.MotionBlurQuality:4]]
[2019.12.15-16.25.44:390][  0]LogConfig: Setting CVar [[r.AmbientOcclusionMipLevelFactor:0.4]]
[2019.12.15-16.25.44:390][  0]LogConfig: Setting CVar [[r.AmbientOcclusionMaxQuality:100]]
[2019.12.15-16.25.44:390][  0]LogConfig: Setting CVar [[r.AmbientOcclusionLevels:-1]]
[2019.12.15-16.25.44:390][  0]LogConfig: Setting CVar [[r.AmbientOcclusionRadiusScale:1.0]]
[2019.12.15-16.25.44:390][  0]LogConfig: Setting CVar [[r.DepthOfFieldQuality:2]]
[2019.12.15-16.25.44:390][  0]LogConfig: Setting CVar [[r.RenderTargetPoolMin:400]]
[2019.12.15-16.25.44:390][  0]LogConfig: Setting CVar [[r.LensFlareQuality:2]]
[2019.12.15-16.25.44:390][  0]LogConfig: Setting CVar [[r.SceneColorFringeQuality:1]]
[2019.12.15-16.25.44:390][  0]LogConfig: Setting CVar [[r.EyeAdaptationQuality:2]]
[2019.12.15-16.25.44:390][  0]LogConfig: Setting CVar [[r.BloomQuality:5]]
[2019.12.15-16.25.44:390][  0]LogConfig: Setting CVar [[r.FastBlurThreshold:100]]
[2019.12.15-16.25.44:390][  0]LogConfig: Setting CVar [[r.Upscale.Quality:3]]
[2019.12.15-16.25.44:390][  0]LogConfig: Setting CVar [[r.Tonemapper.GrainQuantization:1]]
[2019.12.15-16.25.44:390][  0]LogConfig: Setting CVar [[r.LightShaftQuality:1]]
[2019.12.15-16.25.44:390][  0]LogConfig: Setting CVar [[r.Filter.SizeScale:1]]
[2019.12.15-16.25.44:390][  0]LogConfig: Setting CVar [[r.Tonemapper.Quality:5]]
[2019.12.15-16.25.44:390][  0]LogConfig: Setting CVar [[r.DOF.Gather.AccumulatorQuality:1        ; higher gathering accumulator quality]]
[2019.12.15-16.25.44:390][  0]LogConfig: Setting CVar [[r.DOF.Gather.PostfilterMethod:1          ; Median3x3 postfilering method]]
[2019.12.15-16.25.44:390][  0]LogConfig: Setting CVar [[r.DOF.Gather.EnableBokehSettings:0       ; no bokeh simulation when gathering]]
[2019.12.15-16.25.44:390][  0]LogConfig: Setting CVar [[r.DOF.Gather.RingCount:4                 ; medium number of samples when gathering]]
[2019.12.15-16.25.44:390][  0]LogConfig: Setting CVar [[r.DOF.Scatter.ForegroundCompositing:1    ; additive foreground scattering]]
[2019.12.15-16.25.44:390][  0]LogConfig: Setting CVar [[r.DOF.Scatter.BackgroundCompositing:2    ; additive background scattering]]
[2019.12.15-16.25.44:390][  0]LogConfig: Setting CVar [[r.DOF.Scatter.EnableBokehSettings:1      ; bokeh simulation when scattering]]
[2019.12.15-16.25.44:390][  0]LogConfig: Setting CVar [[r.DOF.Scatter.MaxSpriteRatio:0.1         ; only a maximum of 10% of scattered bokeh]]
[2019.12.15-16.25.44:390][  0]LogConfig: Setting CVar [[r.DOF.Recombine.Quality:1                ; cheap slight out of focus]]
[2019.12.15-16.25.44:390][  0]LogConfig: Setting CVar [[r.DOF.Recombine.EnableBokehSettings:0    ; no bokeh simulation on slight out of focus]]
[2019.12.15-16.25.44:390][  0]LogConfig: Setting CVar [[r.DOF.TemporalAAQuality:1                ; more stable temporal accumulation]]
[2019.12.15-16.25.44:390][  0]LogConfig: Setting CVar [[r.DOF.Kernel.MaxForegroundRadius:0.025]]
[2019.12.15-16.25.44:390][  0]LogConfig: Setting CVar [[r.DOF.Kernel.MaxBackgroundRadius:0.025]]
[2019.12.15-16.25.44:390][  0]LogConfig: Applying CVar settings from Section [TextureQuality@3] File [C:/Users/john/Documents/Unreal Projects/Pacman2/Saved/Config/Windows/Scalability.ini]
[2019.12.15-16.25.44:390][  0]LogConfig: Setting CVar [[r.Streaming.MipBias:0]]
[2019.12.15-16.25.44:390][  0]LogConfig: Setting CVar [[r.Streaming.AmortizeCPUToGPUCopy:0]]
[2019.12.15-16.25.44:390][  0]LogConfig: Setting CVar [[r.Streaming.MaxNumTexturesToStreamPerFrame:0]]
[2019.12.15-16.25.44:390][  0]LogConfig: Setting CVar [[r.Streaming.Boost:1]]
[2019.12.15-16.25.44:391][  0]LogConfig: Setting CVar [[r.MaxAnisotropy:8]]
[2019.12.15-16.25.44:391][  0]LogConfig: Setting CVar [[r.Streaming.LimitPoolSizeToVRAM:0]]
[2019.12.15-16.25.44:391][  0]LogConfig: Setting CVar [[r.Streaming.PoolSize:1000]]
[2019.12.15-16.25.44:391][  0]LogConfig: Setting CVar [[r.Streaming.MaxEffectiveScreenSize:0]]
[2019.12.15-16.25.44:391][  0]LogConfig: Applying CVar settings from Section [EffectsQuality@3] File [C:/Users/john/Documents/Unreal Projects/Pacman2/Saved/Config/Windows/Scalability.ini]
[2019.12.15-16.25.44:391][  0]LogConfig: Setting CVar [[r.TranslucencyLightingVolumeDim:64]]
[2019.12.15-16.25.44:391][  0]LogConfig: Setting CVar [[r.RefractionQuality:2]]
[2019.12.15-16.25.44:391][  0]LogConfig: Setting CVar [[r.SSR.Quality:3]]
[2019.12.15-16.25.44:391][  0]LogConfig: Setting CVar [[r.SceneColorFormat:4]]
[2019.12.15-16.25.44:391][  0]LogConfig: Setting CVar [[r.DetailMode:2]]
[2019.12.15-16.25.44:391][  0]LogConfig: Setting CVar [[r.TranslucencyVolumeBlur:1]]
[2019.12.15-16.25.44:391][  0]LogConfig: Setting CVar [[r.MaterialQualityLevel:1 ; High quality]]
[2019.12.15-16.25.44:391][  0]LogConfig: Setting CVar [[r.SSS.Scale:1]]
[2019.12.15-16.25.44:391][  0]LogConfig: Setting CVar [[r.SSS.SampleSet:2]]
[2019.12.15-16.25.44:391][  0]LogConfig: Setting CVar [[r.SSS.Quality:1]]
[2019.12.15-16.25.44:391][  0]LogConfig: Setting CVar [[r.SSS.HalfRes:1]]
[2019.12.15-16.25.44:391][  0]LogConfig: Setting CVar [[r.EmitterSpawnRateScale:1.0]]
[2019.12.15-16.25.44:391][  0]LogConfig: Setting CVar [[r.ParticleLightQuality:2]]
[2019.12.15-16.25.44:391][  0]LogConfig: Applying CVar settings from Section [FoliageQuality@3] File [C:/Users/john/Documents/Unreal Projects/Pacman2/Saved/Config/Windows/Scalability.ini]
[2019.12.15-16.25.44:391][  0]LogConfig: Setting CVar [[foliage.DensityScale:1.0]]
[2019.12.15-16.25.44:391][  0]LogConfig: Setting CVar [[grass.DensityScale:1.0]]
[2019.12.15-16.25.44:391][  0]LogInit: Selected Device Profile: [Windows]
[2019.12.15-16.25.44:391][  0]LogInit: Applying CVar settings loaded from the selected device profile: [Windows]
[2019.12.15-16.25.44:400][  0]LogHAL: Display: Platform has ~ 8 GB [8472039424 / 8589934592 / 8], which maps to Default [LargestMinGB=32, LargerMinGB=12, DefaultMinGB=8, SmallerMinGB=6, SmallestMinGB=0)
[2019.12.15-16.25.44:401][  0]LogInit: Going up to parent DeviceProfile []
[2019.12.15-16.25.44:401][  0]LogConfig: Applying CVar settings from Section [ViewDistanceQuality@3] File [C:/Users/john/Documents/Unreal Projects/Pacman2/Saved/Config/Windows/Scalability.ini]
[2019.12.15-16.25.44:401][  0]LogConfig: Setting CVar [[r.SkeletalMeshLODBias:0]]
[2019.12.15-16.25.44:401][  0]LogConfig: Setting CVar [[r.ViewDistanceScale:1.0]]
[2019.12.15-16.25.44:401][  0]LogConfig: Applying CVar settings from Section [AntiAliasingQuality@3] File [C:/Users/john/Documents/Unreal Projects/Pacman2/Saved/Config/Windows/Scalability.ini]
[2019.12.15-16.25.44:401][  0]LogConfig: Setting CVar [[r.PostProcessAAQuality:4]]
[2019.12.15-16.25.44:401][  0]LogConfig: Applying CVar settings from Section [ShadowQuality@3] File [C:/Users/john/Documents/Unreal Projects/Pacman2/Saved/Config/Windows/Scalability.ini]
[2019.12.15-16.25.44:401][  0]LogConfig: Setting CVar [[r.LightFunctionQuality:1]]
[2019.12.15-16.25.44:401][  0]LogConfig: Setting CVar [[r.ShadowQuality:5]]
[2019.12.15-16.25.44:401][  0]LogConfig: Setting CVar [[r.Shadow.CSM.MaxCascades:10]]
[2019.12.15-16.25.44:401][  0]LogConfig: Setting CVar [[r.Shadow.MaxResolution:2048]]
[2019.12.15-16.25.44:401][  0]LogConfig: Setting CVar [[r.Shadow.MaxCSMResolution:2048]]
[2019.12.15-16.25.44:401][  0]LogConfig: Setting CVar [[r.Shadow.RadiusThreshold:0.01]]
[2019.12.15-16.25.44:401][  0]LogConfig: Setting CVar [[r.Shadow.DistanceScale:1.0]]
[2019.12.15-16.25.44:401][  0]LogConfig: Setting CVar [[r.Shadow.CSM.TransitionScale:1.0]]
[2019.12.15-16.25.44:401][  0]LogConfig: Setting CVar [[r.Shadow.PreShadowResolutionFactor:1.0]]
[2019.12.15-16.25.44:401][  0]LogConfig: Setting CVar [[r.DistanceFieldShadowing:1]]
[2019.12.15-16.25.44:401][  0]LogConfig: Setting CVar [[r.DistanceFieldAO:1]]
[2019.12.15-16.25.44:401][  0]LogConfig: Setting CVar [[r.AOQuality:2]]
[2019.12.15-16.25.44:401][  0]LogConfig: Setting CVar [[r.VolumetricFog:1]]
[2019.12.15-16.25.44:401][  0]LogConfig: Setting CVar [[r.VolumetricFog.GridPixelSize:8]]
[2019.12.15-16.25.44:401][  0]LogConfig: Setting CVar [[r.VolumetricFog.GridSizeZ:128]]
[2019.12.15-16.25.44:401][  0]LogConfig: Setting CVar [[r.VolumetricFog.HistoryMissSupersampleCount:4]]
[2019.12.15-16.25.44:401][  0]LogConfig: Setting CVar [[r.LightMaxDrawDistanceScale:1]]
[2019.12.15-16.25.44:401][  0]LogConfig: Setting CVar [[r.CapsuleShadows:1]]
[2019.12.15-16.25.44:401][  0]LogConfig: Applying CVar settings from Section [PostProcessQuality@3] File [C:/Users/john/Documents/Unreal Projects/Pacman2/Saved/Config/Windows/Scalability.ini]
[2019.12.15-16.25.44:401][  0]LogConfig: Setting CVar [[r.MotionBlurQuality:4]]
[2019.12.15-16.25.44:401][  0]LogConfig: Setting CVar [[r.AmbientOcclusionMipLevelFactor:0.4]]
[2019.12.15-16.25.44:401][  0]LogConfig: Setting CVar [[r.AmbientOcclusionMaxQuality:100]]
[2019.12.15-16.25.44:401][  0]LogConfig: Setting CVar [[r.AmbientOcclusionLevels:-1]]
[2019.12.15-16.25.44:401][  0]LogConfig: Setting CVar [[r.AmbientOcclusionRadiusScale:1.0]]
[2019.12.15-16.25.44:401][  0]LogConfig: Setting CVar [[r.DepthOfFieldQuality:2]]
[2019.12.15-16.25.44:401][  0]LogConfig: Setting CVar [[r.RenderTargetPoolMin:400]]
[2019.12.15-16.25.44:401][  0]LogConfig: Setting CVar [[r.LensFlareQuality:2]]
[2019.12.15-16.25.44:401][  0]LogConfig: Setting CVar [[r.SceneColorFringeQuality:1]]
[2019.12.15-16.25.44:401][  0]LogConfig: Setting CVar [[r.EyeAdaptationQuality:2]]
[2019.12.15-16.25.44:401][  0]LogConfig: Setting CVar [[r.BloomQuality:5]]
[2019.12.15-16.25.44:401][  0]LogConfig: Setting CVar [[r.FastBlurThreshold:100]]
[2019.12.15-16.25.44:401][  0]LogConfig: Setting CVar [[r.Upscale.Quality:3]]
[2019.12.15-16.25.44:401][  0]LogConfig: Setting CVar [[r.Tonemapper.GrainQuantization:1]]
[2019.12.15-16.25.44:401][  0]LogConfig: Setting CVar [[r.LightShaftQuality:1]]
[2019.12.15-16.25.44:401][  0]LogConfig: Setting CVar [[r.Filter.SizeScale:1]]
[2019.12.15-16.25.44:401][  0]LogConfig: Setting CVar [[r.Tonemapper.Quality:5]]
[2019.12.15-16.25.44:401][  0]LogConfig: Setting CVar [[r.DOF.Gather.AccumulatorQuality:1        ; higher gathering accumulator quality]]
[2019.12.15-16.25.44:401][  0]LogConfig: Setting CVar [[r.DOF.Gather.PostfilterMethod:1          ; Median3x3 postfilering method]]
[2019.12.15-16.25.44:401][  0]LogConfig: Setting CVar [[r.DOF.Gather.EnableBokehSettings:0       ; no bokeh simulation when gathering]]
[2019.12.15-16.25.44:401][  0]LogConfig: Setting CVar [[r.DOF.Gather.RingCount:4                 ; medium number of samples when gathering]]
[2019.12.15-16.25.44:401][  0]LogConfig: Setting CVar [[r.DOF.Scatter.ForegroundCompositing:1    ; additive foreground scattering]]
[2019.12.15-16.25.44:401][  0]LogConfig: Setting CVar [[r.DOF.Scatter.BackgroundCompositing:2    ; additive background scattering]]
[2019.12.15-16.25.44:401][  0]LogConfig: Setting CVar [[r.DOF.Scatter.EnableBokehSettings:1      ; bokeh simulation when scattering]]
[2019.12.15-16.25.44:401][  0]LogConfig: Setting CVar [[r.DOF.Scatter.MaxSpriteRatio:0.1         ; only a maximum of 10% of scattered bokeh]]
[2019.12.15-16.25.44:401][  0]LogConfig: Setting CVar [[r.DOF.Recombine.Quality:1                ; cheap slight out of focus]]
[2019.12.15-16.25.44:401][  0]LogConfig: Setting CVar [[r.DOF.Recombine.EnableBokehSettings:0    ; no bokeh simulation on slight out of focus]]
[2019.12.15-16.25.44:401][  0]LogConfig: Setting CVar [[r.DOF.TemporalAAQuality:1                ; more stable temporal accumulation]]
[2019.12.15-16.25.44:401][  0]LogConfig: Setting CVar [[r.DOF.Kernel.MaxForegroundRadius:0.025]]
[2019.12.15-16.25.44:401][  0]LogConfig: Setting CVar [[r.DOF.Kernel.MaxBackgroundRadius:0.025]]
[2019.12.15-16.25.44:401][  0]LogConfig: Applying CVar settings from Section [TextureQuality@3] File [C:/Users/john/Documents/Unreal Projects/Pacman2/Saved/Config/Windows/Scalability.ini]
[2019.12.15-16.25.44:401][  0]LogConfig: Setting CVar [[r.Streaming.MipBias:0]]
[2019.12.15-16.25.44:401][  0]LogConfig: Setting CVar [[r.Streaming.AmortizeCPUToGPUCopy:0]]
[2019.12.15-16.25.44:401][  0]LogConfig: Setting CVar [[r.Streaming.MaxNumTexturesToStreamPerFrame:0]]
[2019.12.15-16.25.44:401][  0]LogConfig: Setting CVar [[r.Streaming.Boost:1]]
[2019.12.15-16.25.44:401][  0]LogConfig: Setting CVar [[r.MaxAnisotropy:8]]
[2019.12.15-16.25.44:402][  0]LogConfig: Setting CVar [[r.Streaming.LimitPoolSizeToVRAM:0]]
[2019.12.15-16.25.44:402][  0]LogConfig: Setting CVar [[r.Streaming.PoolSize:1000]]
[2019.12.15-16.25.44:402][  0]LogConfig: Setting CVar [[r.Streaming.MaxEffectiveScreenSize:0]]
[2019.12.15-16.25.44:402][  0]LogConfig: Applying CVar settings from Section [EffectsQuality@3] File [C:/Users/john/Documents/Unreal Projects/Pacman2/Saved/Config/Windows/Scalability.ini]
[2019.12.15-16.25.44:402][  0]LogConfig: Setting CVar [[r.TranslucencyLightingVolumeDim:64]]
[2019.12.15-16.25.44:402][  0]LogConfig: Setting CVar [[r.RefractionQuality:2]]
[2019.12.15-16.25.44:402][  0]LogConfig: Setting CVar [[r.SSR.Quality:3]]
[2019.12.15-16.25.44:402][  0]LogConfig: Setting CVar [[r.SceneColorFormat:4]]
[2019.12.15-16.25.44:402][  0]LogConfig: Setting CVar [[r.DetailMode:2]]
[2019.12.15-16.25.44:402][  0]LogConfig: Setting CVar [[r.TranslucencyVolumeBlur:1]]
[2019.12.15-16.25.44:402][  0]LogConfig: Setting CVar [[r.MaterialQualityLevel:1 ; High quality]]
[2019.12.15-16.25.44:402][  0]LogConfig: Setting CVar [[r.SSS.Scale:1]]
[2019.12.15-16.25.44:402][  0]LogConfig: Setting CVar [[r.SSS.SampleSet:2]]
[2019.12.15-16.25.44:402][  0]LogConfig: Setting CVar [[r.SSS.Quality:1]]
[2019.12.15-16.25.44:402][  0]LogConfig: Setting CVar [[r.SSS.HalfRes:1]]
[2019.12.15-16.25.44:402][  0]LogConfig: Setting CVar [[r.EmitterSpawnRateScale:1.0]]
[2019.12.15-16.25.44:402][  0]LogConfig: Setting CVar [[r.ParticleLightQuality:2]]
[2019.12.15-16.25.44:402][  0]LogConfig: Applying CVar settings from Section [FoliageQuality@3] File [C:/Users/john/Documents/Unreal Projects/Pacman2/Saved/Config/Windows/Scalability.ini]
[2019.12.15-16.25.44:402][  0]LogConfig: Setting CVar [[foliage.DensityScale:1.0]]
[2019.12.15-16.25.44:402][  0]LogConfig: Setting CVar [[grass.DensityScale:1.0]]
[2019.12.15-16.25.44:402][  0]LogConfig: Applying CVar settings from Section [Startup] File [../../../Engine/Config/ConsoleVariables.ini]
[2019.12.15-16.25.44:402][  0]LogConfig: Setting CVar [[net.UseAdaptiveNetUpdateFrequency:0]]
[2019.12.15-16.25.44:402][  0]LogConfig: Setting CVar [[p.chaos.AllowCreatePhysxBodies:1]]
[2019.12.15-16.25.44:402][  0]LogConfig: Applying CVar settings from Section [ConsoleVariables] File [C:/Users/john/Documents/Unreal Projects/Pacman2/Saved/Config/Windows/Engine.ini]
[2019.12.15-16.25.44:402][  0]LogInit: Computer: DESKTOP-FOR252Q
[2019.12.15-16.25.44:402][  0]LogInit: User: john
[2019.12.15-16.25.44:402][  0]LogInit: CPU Page size=4096, Cores=2
[2019.12.15-16.25.44:402][  0]LogInit: High frequency timer resolution =10.000000 MHz
[2019.12.15-16.25.44:402][  0]LogMemory: Memory total: Physical=7.9GB (8GB approx)
[2019.12.15-16.25.44:403][  0]LogMemory: Platform Memory Stats for Windows
[2019.12.15-16.25.44:403][  0]LogMemory: Process Physical Memory: 100.34 MB used, 100.34 MB peak
[2019.12.15-16.25.44:403][  0]LogMemory: Process Virtual Memory: 99.55 MB used, 99.55 MB peak
[2019.12.15-16.25.44:403][  0]LogMemory: Physical Memory: 5093.84 MB used,  2985.73 MB free, 8079.57 MB total
[2019.12.15-16.25.44:403][  0]LogMemory: Virtual Memory: 4651.56 MB used,  134213080.00 MB free, 134217728.00 MB total
[2019.12.15-16.25.44:405][  0]LogWindows: WindowsPlatformFeatures enabled
[2019.12.15-16.25.44:432][  0]LogInit: Using OS detected language (en-US).
[2019.12.15-16.25.44:432][  0]LogInit: Using OS detected locale (en-US).
[2019.12.15-16.25.44:434][  0]LogTextLocalizationManager: No specific localization for 'en-US' exists, so the 'en' localization will be used.
[2019.12.15-16.25.44:766][  0]LogInit: Setting process to per monitor DPI aware
[2019.12.15-16.25.44:818][  0]LogSlate: New Slate User Created.  User Index 0, Is Virtual User: 0
[2019.12.15-16.25.44:818][  0]LogSlate: Slate User Registered.  User Index 0, Is Virtual User: 0
[2019.12.15-16.25.47:417][  0]LogHMD: Failed to initialize OpenVR with code 110
[2019.12.15-16.25.47:417][  0]LogD3D11RHI: D3D11 adapters:
[2019.12.15-16.25.47:521][  0]LogD3D11RHI:    0. 'Intel(R) HD Graphics 620' (Feature Level 11_0)
[2019.12.15-16.25.47:521][  0]LogD3D11RHI:       128/0/4039 MB DedicatedVideo/DedicatedSystem/SharedSystem, Outputs:1, VendorId:0x8086
[2019.12.15-16.25.47:529][  0]LogD3D11RHI:    1. 'Microsoft Basic Render Driver' (Feature Level 11_0)
[2019.12.15-16.25.47:529][  0]LogD3D11RHI:       0/0/4039 MB DedicatedVideo/DedicatedSystem/SharedSystem, Outputs:0, VendorId:0x1414
[2019.12.15-16.25.47:529][  0]LogD3D11RHI: Chosen D3D11 Adapter: 0
[2019.12.15-16.25.47:534][  0]LogD3D11RHI: Creating new Direct3DDevice
[2019.12.15-16.25.47:535][  0]LogD3D11RHI:     GPU DeviceId: 0x5916 (for the marketing name, search the web for "GPU Device Id")
[2019.12.15-16.25.47:535][  0]LogWindows: EnumDisplayDevices:
[2019.12.15-16.25.47:535][  0]LogWindows:    0. 'Intel(R) HD Graphics 620' (P:1 D:1)
[2019.12.15-16.25.47:535][  0]LogWindows:    1. 'Intel(R) HD Graphics 620' (P:0 D:0)
[2019.12.15-16.25.47:535][  0]LogWindows:    2. 'Intel(R) HD Graphics 620' (P:0 D:0)
[2019.12.15-16.25.47:535][  0]LogWindows: DebugString: FoundDriverCount:3 
[2019.12.15-16.25.47:535][  0]LogD3D11RHI:     Adapter Name: Intel(R) HD Graphics 620
[2019.12.15-16.25.47:536][  0]LogD3D11RHI:   Driver Version: 26.20.100.7463 (internal:26.20.100.7463, unified:26.20.100.7463)
[2019.12.15-16.25.47:536][  0]LogD3D11RHI:      Driver Date: 11-6-2019
[2019.12.15-16.25.47:536][  0]LogRHI: Texture pool is 1503 MB (70% of 2147 MB)
[2019.12.15-16.25.47:706][  0]LogD3D11RHI: [IntelMetricsDiscovery] Started
[2019.12.15-16.25.47:706][  0]LogD3D11RHI: Async texture creation enabled
[2019.12.15-16.25.47:712][  0]LogD3D11RHI: GPU Timing Frequency: 12.000048 (Debug: 2 0)
[2019.12.15-16.25.48:084][  0]LogTemp: Display: Module 'AllDesktopTargetPlatform' loaded TargetPlatform 'AllDesktop'
[2019.12.15-16.25.48:094][  0]LogTemp: Display: Module 'MacClientTargetPlatform' loaded TargetPlatform 'MacClient'
[2019.12.15-16.25.48:104][  0]LogTemp: Display: Module 'MacNoEditorTargetPlatform' loaded TargetPlatform 'MacNoEditor'
[2019.12.15-16.25.48:114][  0]LogTemp: Display: Module 'MacServerTargetPlatform' loaded TargetPlatform 'MacServer'
[2019.12.15-16.25.48:134][  0]LogTemp: Display: Module 'MacTargetPlatform' loaded TargetPlatform 'Mac'
[2019.12.15-16.25.48:145][  0]LogTemp: Display: Module 'WindowsClientTargetPlatform' loaded TargetPlatform 'WindowsClient'
[2019.12.15-16.25.48:156][  0]LogTemp: Display: Module 'WindowsNoEditorTargetPlatform' loaded TargetPlatform 'WindowsNoEditor'
[2019.12.15-16.25.48:166][  0]LogTemp: Display: Module 'WindowsServerTargetPlatform' loaded TargetPlatform 'WindowsServer'
[2019.12.15-16.25.48:172][  0]LogTemp: Display: Module 'WindowsTargetPlatform' loaded TargetPlatform 'Windows'
[2019.12.15-16.25.48:222][  0]LogTemp: Display: Module 'AndroidTargetPlatform' loaded TargetPlatform 'Android'
[2019.12.15-16.25.48:222][  0]LogTemp: Display: Module 'AndroidTargetPlatform' loaded TargetPlatform 'Android_ASTC'
[2019.12.15-16.25.48:222][  0]LogTemp: Display: Module 'AndroidTargetPlatform' loaded TargetPlatform 'Android_ATC'
[2019.12.15-16.25.48:222][  0]LogTemp: Display: Module 'AndroidTargetPlatform' loaded TargetPlatform 'Android_DXT'
[2019.12.15-16.25.48:222][  0]LogTemp: Display: Module 'AndroidTargetPlatform' loaded TargetPlatform 'Android_ETC1'
[2019.12.15-16.25.48:222][  0]LogTemp: Display: Module 'AndroidTargetPlatform' loaded TargetPlatform 'Android_ETC1a'
[2019.12.15-16.25.48:222][  0]LogTemp: Display: Module 'AndroidTargetPlatform' loaded TargetPlatform 'Android_ETC2'
[2019.12.15-16.25.48:222][  0]LogTemp: Display: Module 'AndroidTargetPlatform' loaded TargetPlatform 'Android_PVRTC'
[2019.12.15-16.25.48:222][  0]LogTemp: Display: Module 'AndroidTargetPlatform' loaded TargetPlatform 'AndroidClient'
[2019.12.15-16.25.48:222][  0]LogTemp: Display: Module 'AndroidTargetPlatform' loaded TargetPlatform 'Android_ASTCClient'
[2019.12.15-16.25.48:222][  0]LogTemp: Display: Module 'AndroidTargetPlatform' loaded TargetPlatform 'Android_ATCClient'
[2019.12.15-16.25.48:222][  0]LogTemp: Display: Module 'AndroidTargetPlatform' loaded TargetPlatform 'Android_DXTClient'
[2019.12.15-16.25.48:222][  0]LogTemp: Display: Module 'AndroidTargetPlatform' loaded TargetPlatform 'Android_ETC1Client'
[2019.12.15-16.25.48:222][  0]LogTemp: Display: Module 'AndroidTargetPlatform' loaded TargetPlatform 'Android_ETC1aClient'
[2019.12.15-16.25.48:222][  0]LogTemp: Display: Module 'AndroidTargetPlatform' loaded TargetPlatform 'Android_ETC2Client'
[2019.12.15-16.25.48:222][  0]LogTemp: Display: Module 'AndroidTargetPlatform' loaded TargetPlatform 'Android_PVRTCClient'
[2019.12.15-16.25.48:222][  0]LogTemp: Display: Module 'AndroidTargetPlatform' loaded TargetPlatform 'Android_Multi'
[2019.12.15-16.25.48:222][  0]LogTemp: Display: Module 'AndroidTargetPlatform' loaded TargetPlatform 'Android_MultiClient'
[2019.12.15-16.25.48:224][  0]LogTemp: Display: Module 'HTML5TargetPlatform' loaded TargetPlatform 'HTML5'
[2019.12.15-16.25.48:259][  0]LogTemp: Display: Module 'IOSTargetPlatform' loaded TargetPlatform 'IOSClient'
[2019.12.15-16.25.48:259][  0]LogTemp: Display: Module 'IOSTargetPlatform' loaded TargetPlatform 'IOS'
[2019.12.15-16.25.48:275][  0]LogTemp: Display: Module 'TVOSTargetPlatform' loaded TargetPlatform 'TVOSClient'
[2019.12.15-16.25.48:275][  0]LogTemp: Display: Module 'TVOSTargetPlatform' loaded TargetPlatform 'TVOS'
[2019.12.15-16.25.48:284][  0]LogTemp: Display: Module 'LinuxClientTargetPlatform' loaded TargetPlatform 'LinuxClient'
[2019.12.15-16.25.48:293][  0]LogTemp: Display: Module 'LinuxNoEditorTargetPlatform' loaded TargetPlatform 'LinuxNoEditor'
[2019.12.15-16.25.48:302][  0]LogTemp: Display: Module 'LinuxServerTargetPlatform' loaded TargetPlatform 'LinuxServer'
[2019.12.15-16.25.48:324][  0]LogTemp: Display: Module 'LinuxTargetPlatform' loaded TargetPlatform 'Linux'
[2019.12.15-16.25.48:355][  0]LogTemp: Display: Module 'LuminTargetPlatform' loaded TargetPlatform 'Lumin'
[2019.12.15-16.25.48:355][  0]LogTemp: Display: Module 'LuminTargetPlatform' loaded TargetPlatform 'LuminClient'
[2019.12.15-16.25.48:355][  0]LogTargetPlatformManager: Display: Building Assets For Windows
[2019.12.15-16.25.48:366][  0]LogAudioDebug: Display: Lib vorbis DLL was dynamically loaded.
[2019.12.15-16.25.48:437][  0]LogShaderCompilers: Guid format shader working directory is -18 characters bigger than the processId version (../../../../../../Users/john/Documents/Unreal Projects/Pacman2/Intermediate/Shaders/WorkingDirectory/13248/).
[2019.12.15-16.25.48:437][  0]LogShaderCompilers: Cleaned the shader compiler working directory 'C:/Users/john/AppData/Local/Temp/UnrealShaderWorkingDir/876E36A24050C8E14EC69CBF4EC3CA81/'.
[2019.12.15-16.25.48:440][  0]LogXGEController: Cleaning working directory: C:/Users/john/AppData/Local/Temp/UnrealXGEWorkingDir/
[2019.12.15-16.25.48:441][  0]LogShaderCompilers: Display: Using XGE Shader Compiler (Interception Interface).
[2019.12.15-16.25.51:172][  0]LogDerivedDataCache: Display: Max Cache Size: 512 MB
[2019.12.15-16.25.51:412][  0]LogDerivedDataCache: Loaded boot cache 0.24s 73MB C:/Users/john/AppData/Local/UnrealEngine/4.23/DerivedDataCache/Boot.ddc.
[2019.12.15-16.25.51:412][  0]LogDerivedDataCache: Display: Loaded Boot cache: C:/Users/john/AppData/Local/UnrealEngine/4.23/DerivedDataCache/Boot.ddc
[2019.12.15-16.25.51:412][  0]LogDerivedDataCache: FDerivedDataBackendGraph:  Pak pak cache file ../../../../../../Users/john/Documents/Unreal Projects/Pacman2/DerivedDataCache/DDC.ddp not found, will not use a pak cache.
[2019.12.15-16.25.51:412][  0]LogDerivedDataCache: Unable to find inner node Pak for hierarchical cache Hierarchy.
[2019.12.15-16.25.51:412][  0]LogDerivedDataCache: FDerivedDataBackendGraph:  CompressedPak pak cache file ../../../../../../Users/john/Documents/Unreal Projects/Pacman2/DerivedDataCache/Compressed.ddp not found, will not use a pak cache.
[2019.12.15-16.25.51:412][  0]LogDerivedDataCache: Unable to find inner node CompressedPak for hierarchical cache Hierarchy.
[2019.12.15-16.25.51:444][  0]LogDerivedDataCache: Display: Pak cache opened for reading ../../../Engine/DerivedDataCache/Compressed.ddp.
[2019.12.15-16.25.51:444][  0]LogDerivedDataCache: FDerivedDataBackendGraph:  EnterprisePak pak cache file ../../../Enterprise/DerivedDataCache/Compressed.ddp not found, will not use a pak cache.
[2019.12.15-16.25.51:444][  0]LogDerivedDataCache: Unable to find inner node EnterprisePak for hierarchical cache Hierarchy.
[2019.12.15-16.25.51:446][  0]LogDerivedDataCache: Using Local data cache path C:/Users/john/AppData/Local/UnrealEngine/Common/DerivedDataCache: Writable
[2019.12.15-16.25.51:446][  0]LogDerivedDataCache: Shared data cache path not found in *engine.ini, will not use an Shared cache.
[2019.12.15-16.25.51:446][  0]LogDerivedDataCache: Unable to find inner node Shared for hierarchical cache Hierarchy.
[2019.12.15-16.25.51:474][  0]LogMaterial: Verifying Global Shaders for PCD3D_SM5
[2019.12.15-16.25.51:477][  0]LogSlate: Using FreeType 2.6.0
[2019.12.15-16.25.51:478][  0]LogSlate: SlateFontServices - WITH_FREETYPE: 1, WITH_HARFBUZZ: 1
[2019.12.15-16.25.51:583][  0]LogAssetRegistry: FAssetRegistry took 0.0030 seconds to start up
[2019.12.15-16.25.51:910][  0]LogInit: Selected Device Profile: [Windows]
[2019.12.15-16.25.52:203][  0]LogMeshReduction: Using QuadricMeshReduction for automatic static mesh reduction
[2019.12.15-16.25.52:203][  0]LogMeshReduction: Using SimplygonMeshReduction for automatic skeletal mesh reduction
[2019.12.15-16.25.52:203][  0]LogMeshReduction: Using ProxyLODMeshReduction for automatic mesh merging
[2019.12.15-16.25.52:203][  0]LogMeshReduction: No distributed automatic mesh merging module available
[2019.12.15-16.25.52:203][  0]LogMeshMerging: No distributed automatic mesh merging module available
[2019.12.15-16.25.52:238][  0]LogNetVersion: Pacman2 1.0.0, NetCL: 8386587, EngineNetVer: 11, GameNetVer: 0 (Checksum: 199010827)
[2019.12.15-16.25.53:379][  0]LogPackageLocalizationCache: Processed 12 localized package path(s) for 1 prioritized culture(s) in 0.071180 seconds
[2019.12.15-16.25.53:390][  0]LogUObjectArray: 43444 objects as part of root set at end of initial load.
[2019.12.15-16.25.53:390][  0]LogUObjectAllocator: 7548648 out of 0 bytes used by permanent object pool.
[2019.12.15-16.25.53:390][  0]LogUObjectArray: CloseDisregardForGC: 0/0 objects in disregard for GC pool
[2019.12.15-16.25.57:495][  0]LogTcpMessaging: Initializing TcpMessaging bridge
[2019.12.15-16.25.57:499][  0]LogUdpMessaging: Initializing bridge on interface 0.0.0.0:0 to multicast group 230.0.0.1:6666.
[2019.12.15-16.25.57:716][  0]SourceControl: Source control is disabled
[2019.12.15-16.25.57:716][  0]SourceControl: Source control is disabled
[2019.12.15-16.25.57:720][  0]SourceControl: Source control is disabled
[2019.12.15-16.25.57:723][  0]SourceControl: Source control is disabled
[2019.12.15-16.25.57:898][  0]LogAndroidPermission: UAndroidPermissionCallbackProxy::GetInstance
[2019.12.15-16.25.58:044][  0]LogOcInput: OculusInput pre-init called
[2019.12.15-16.25.58:054][  0]LogWindows: Failed to load 'OVRPlugin.dll' (GetLastError=126)
[2019.12.15-16.25.58:054][  0]LogWindows: File 'OVRPlugin.dll' does not exist
[2019.12.15-16.25.58:163][  0]LogEngine: Initializing Engine...
[2019.12.15-16.25.58:164][  0]LogHMD: Failed to initialize OpenVR with code 110
[2019.12.15-16.25.58:165][  0]LogStats: UGameplayTagsManager::InitializeManager -  0.000 s
[2019.12.15-16.25.58:613][  0]LogInit: Initializing FReadOnlyCVARCache
[2019.12.15-16.25.58:633][  0]LogAIModule: Creating AISystem for world Untitled
[2019.12.15-16.25.58:755][  0]LogInit: XAudio2 using 'Speakers (Realtek High Definition Audio)' : 2 channels at 48 kHz using 32 bits per sample (channel mask 0x3)
[2019.12.15-16.25.58:843][  0]LogInit: FAudioDevice initialized.
[2019.12.15-16.25.58:843][  0]LogNetVersion: Set ProjectVersion to 1.0.0.0. Version Checksum will be recalculated on next use.
[2019.12.15-16.25.58:917][  0]LogDerivedDataCache: Saved boot cache 0.07s 73MB C:/Users/john/AppData/Local/UnrealEngine/4.23/DerivedDataCache/Boot.ddc.
[2019.12.15-16.25.58:923][  0]LogInit: Texture streaming: Enabled
[2019.12.15-16.25.58:947][  0]LogEngineSessionManager: EngineSessionManager initialized
[2019.12.15-16.25.58:947][  0]LogEngineSessionManager: EngineSessionManager sent abnormal shutdown report. Type=Crashed, SessionId={B441809E-4DA7-2BF7-D2ED-59980B492783}
[2019.12.15-16.25.58:947][  0]LogEditorSessionSummary: Verbose: Initializing EditorSessionSummaryWriter for editor session tracking
[2019.12.15-16.25.58:948][  0]LogEditorSessionSummary: EditorSessionSummaryWriter initialized
[2019.12.15-16.25.59:026][  0]LogInit: Transaction tracking system initialized
[2019.12.15-16.25.59:085][  0]BlueprintLog: New page: Editor Load
[2019.12.15-16.25.59:191][  0]LocalizationService: Localization service is disabled
[2019.12.15-16.25.59:786][  0]LogFileCache: Scanning file cache for directory 'C:/Users/john/Documents/Unreal Projects/Pacman2/Content/' took 0.01s
[2019.12.15-16.25.59:786][  0]LogCook: Display: Max memory allowance for cook 16384mb min free memory 0mb
[2019.12.15-16.25.59:787][  0]LogCook: Display: Mobile HDR setting 1
[2019.12.15-16.26.00:217][  0]SourceControl: Source control is disabled
[2019.12.15-16.26.00:217][  0]Cmd: MAP LOAD FILE="../../../../../../Users/john/Documents/Unreal Projects/Pacman2/Content/Levels/NewMap.umap" TEMPLATE=0 SHOWPROGRESS=1 FEATURELEVEL=3
[2019.12.15-16.26.00:222][  0]LightingResults: New page: Lighting Build
[2019.12.15-16.26.00:227][  0]LogWorld: UWorld::CleanupWorld for Untitled, bSessionEnded=true, bCleanupResources=true
[2019.12.15-16.26.00:227][  0]MapCheck: New page: Map Check
[2019.12.15-16.26.00:227][  0]LightingResults: New page: Lighting Build
[2019.12.15-16.26.00:251][  0]LogUObjectHash: Compacting FUObjectHashTables data took   1.87ms
[2019.12.15-16.26.00:701][  0]LogAIModule: Creating AISystem for world NewMap
[2019.12.15-16.26.00:722][  0]LogEditorServer: Finished looking for orphan Actors (0.000 secs)
[2019.12.15-16.26.00:781][  0]LogUObjectHash: Compacting FUObjectHashTables data took   2.19ms
[2019.12.15-16.26.00:782][  0]Cmd: MAP CHECKDEP NOCLEARLOG
[2019.12.15-16.26.00:782][  0]MapCheck: Map check complete: 0 Error(s), 0 Warning(s), took 0.171ms to complete.
[2019.12.15-16.26.00:782][  0]LogFileHelpers: Loading map 'NewMap' took 0.564
[2019.12.15-16.26.00:958][  0]LogSlate: Updating window title bar state: overlay mode, drag disabled, window buttons hidden, title bar hidden
[2019.12.15-16.26.00:966][  0]LogSlate: Updating window title bar state: overlay mode, drag disabled, window buttons hidden, title bar hidden
[2019.12.15-16.26.00:974][  0]LogSlate: Updating window title bar state: overlay mode, drag disabled, window buttons hidden, title bar hidden
[2019.12.15-16.26.00:981][  0]LogSlate: Updating window title bar state: overlay mode, drag disabled, window buttons hidden, title bar hidden
[2019.12.15-16.26.00:994][  0]LogCollectionManager: Loaded 0 collections in 0.002086 seconds
[2019.12.15-16.26.01:003][  0]LogFileCache: Scanning file cache for directory 'C:/Users/john/Documents/Unreal Projects/Pacman2/Saved/Collections/' took 0.00s
[2019.12.15-16.26.01:003][  0]LogFileCache: Scanning file cache for directory 'C:/Users/john/Documents/Unreal Projects/Pacman2/Content/Developers/john/Collections/' took 0.00s
[2019.12.15-16.26.01:003][  0]LogFileCache: Scanning file cache for directory 'C:/Users/john/Documents/Unreal Projects/Pacman2/Content/Collections/' took 0.00s
[2019.12.15-16.26.01:003][  0]LogCollectionManager: Rebuilt the GUID cache for 0 collections in 0.000002 seconds
[2019.12.15-16.26.01:012][  0]LogContentBrowser: Native class hierarchy populated in 0.0087 seconds. Added 2869 classes and 683 folders.
[2019.12.15-16.26.01:021][  0]LogContentBrowser: Native class hierarchy updated for 'WidgetCarousel' in 0.0003 seconds. Added 0 classes and 0 folders.
[2019.12.15-16.26.01:470][  0]LogContentBrowser: Native class hierarchy updated for 'AddContentDialog' in 0.0004 seconds. Added 0 classes and 0 folders.
[2019.12.15-16.26.01:478][  0]LogContentBrowser: Native class hierarchy updated for 'SceneOutliner' in 0.0004 seconds. Added 1 classes and 2 folders.
[2019.12.15-16.26.01:500][  0]LogSlate: Took 0.000231 seconds to synchronously load lazily loaded font '../../../Engine/Content/Slate/Fonts/Roboto-Regular.ttf' (155K)
[2019.12.15-16.26.01:503][  0]LogSlate: Took 0.000222 seconds to synchronously load lazily loaded font '../../../Engine/Content/Slate/Fonts/Roboto-Bold.ttf' (160K)
[2019.12.15-16.26.01:520][  0]LogSlate: Took 0.008972 seconds to synchronously load lazily loaded font '../../../Engine/Content/Editor/Slate/Fonts/FontAwesome.ttf' (139K)
[2019.12.15-16.26.01:736][  0]LogRenderer: Reallocating scene render targets to support 1208x572 Format 10 NumSamples 1 (Frame:1).
[2019.12.15-16.26.02:428][  0]LogContentBrowser: Native class hierarchy updated for 'HierarchicalLODOutliner' in 0.0004 seconds. Added 0 classes and 0 folders.
[2019.12.15-16.26.02:428][  0]LogLoad: (Engine Initialization) Total time: 19.29 seconds
[2019.12.15-16.26.02:428][  0]LogLoad: (Engine Initialization) Total Blueprint compile time: 0.00 seconds
[2019.12.15-16.26.02:497][  0]LogContentStreaming: Texture pool size now 1000 MB
[2019.12.15-16.26.02:526][  0]LogSlate: Took 0.007716 seconds to synchronously load lazily loaded font '../../../Engine/Content/Slate/Fonts/Roboto-Light.ttf' (167K)
[2019.12.15-16.26.04:731][ 21]LogAssetRegistry: Asset discovery search completed in 13.1482 seconds
[2019.12.15-16.26.04:735][ 21]LogCollectionManager: Rebuilt the object cache for 0 collections in 0.000005 seconds (found 0 objects)
[2019.12.15-16.26.04:735][ 21]LogCollectionManager: Fixed up redirectors for 0 collections in 0.000073 seconds (updated 0 objects)
[2019.12.15-16.26.09:639][145]LogEditorViewport: Clicking on Actor (LMB): Coin (Coin81)
[2019.12.15-16.26.18:023][346]LogEditorViewport: Clicking on Actor (LMB): Coin (Coin35)
[2019.12.15-16.26.20:052][391]LogEditorViewport: Clicking on Actor (LMB): Coin (Coin81)
[2019.12.15-16.26.30:234][493]LogSlate: FSceneViewport::OnFocusLost() reason 0
[2019.12.15-16.26.30:347][495]Candidate modules for hot reload:
[2019.12.15-16.26.30:347][495]  Pacman2
[2019.12.15-16.26.30:347][495]Launching UnrealBuildTool... [C:/Program Files/Epic Games/UE_4.23/Engine/Binaries/DotNET/UnrealBuildTool.exe  -ModuleWithSuffix=Pacman2,9829 Win64 Development -TargetType=Editor -Project="C:/Users/john/Documents/Unreal Projects/Pacman2/Pacman2.uproject" "C:/Users/john/Documents/Unreal Projects/Pacman2/Pacman2.uproject"  -IgnoreJunk]
[2019.12.15-16.26.30:351][495]Warning: Starting HotReload took  0.0s.
[2019.12.15-16.27.02:704][864]LogHttp: Warning: 00000148A1A20180: invalid HTTP response code received. URL: https://datarouter.ol.epicgames.com/datarouter/api/v1/public/data?SessionID=%7BA66EDEA1-4C52-B52E-35E2-4E8282D47C18%7D&AppID=UEEditor.Rocket.Release&AppVersion=4.23.1-9631420%2B%2B%2BUE4%2BRelease-4.23&UserID=aa5f5be140252537c5050abaada1c046%7C09e10e81f244499b944931ec94eda32f%7Cf6132e6c-f03e-4dc6-8f89-7f856703eb75&AppEnvironment=datacollector-binary&UploadType=eteventstream, HTTP code: 0, content length: -1, actual payload size: 0
[2019.12.15-16.27.02:704][864]LogHttp: Warning: 00000148A1A20180: request failed, libcurl error: 6 (Couldn't resolve host name)
[2019.12.15-16.27.02:704][864]LogHttp: Warning: 00000148A1A20180: libcurl info message cache 0 (Could not resolve host: datarouter.ol.epicgames.com)
[2019.12.15-16.27.02:704][864]LogHttp: Warning: 00000148A1A20180: libcurl info message cache 1 (Closing connection 0)
[2019.12.15-16.27.02:704][864]LogHttp: Warning: Retry exhausted on https://datarouter.ol.epicgames.com/datarouter/api/v1/public/data?SessionID=%7BA66EDEA1-4C52-B52E-35E2-4E8282D47C18%7D&AppID=UEEditor.Rocket.Release&AppVersion=4.23.1-9631420%2B%2B%2BUE4%2BRelease-4.23&UserID=aa5f5be140252537c5050abaada1c046%7C09e10e81f244499b944931ec94eda32f%7Cf6132e6c-f03e-4dc6-8f89-7f856703eb75&AppEnvironment=datacollector-binary&UploadType=eteventstream
[2019.12.15-16.27.25:034][ 96]CompilerResultsLog: New page: Compilation - Dec 16, 2019, 10:27:25 AM
[2019.12.15-16.27.25:034][ 96]CompilerResultsLog: Parsing headers for Pacman2Editor
[2019.12.15-16.27.25:035][ 96]CompilerResultsLog:   Running UnrealHeaderTool "C:\Users\john\Documents\Unreal Projects\Pacman2\Pacman2.uproject" "C:\Users\john\Documents\Unreal Projects\Pacman2\Intermediate\Build\Win64\Pacman2Editor\Development\Pacman2Editor.uhtmanifest" -LogCmds="loginit warning, logexit warning, logdatabase error" -Unattended -WarningsAsErrors -installed
[2019.12.15-16.27.25:035][ 96]CompilerResultsLog: Reflection code generated for Pacman2Editor in 20.0235879 seconds
[2019.12.15-16.27.25:035][ 96]CompilerResultsLog: Using Visual Studio 2019 14.24.28314 toolchain (C:\Program Files (x86)\Microsoft Visual Studio\2019\Community\VC\Tools\MSVC\14.24.28314) and Windows 10.0.18362.0 SDK (C:\Program Files (x86)\Windows Kits\10).
[2019.12.15-16.27.25:035][ 96]CompilerResultsLog: Distributing 4 actions to XGE
[2019.12.15-16.27.25:035][ 96]CompilerResultsLog: --------------------Build System Warning---------------------------------------
[2019.12.15-16.27.25:035][ 96]CompilerResultsLog: License is invalid:
[2019.12.15-16.27.25:035][ 96]CompilerResultsLog:     License information is invalid. Please try reloading your license file using the Coordinator Monitor application on the Coordinator machine, or reinstall IncrediBuild.
[2019.12.15-16.27.25:035][ 96]CompilerResultsLog:     This build will run in standalone mode.
[2019.12.15-16.27.25:035][ 96]CompilerResultsLog: 
[2019.12.15-16.27.25:035][ 96]CompilerResultsLog: -------------------------------------------------------------------------------
[2019.12.15-16.27.25:035][ 96]CompilerResultsLog: --------------------Project: Default-------------------------------------------
[2019.12.15-16.27.25:035][ 96]CompilerResultsLog: Foe.cpp (0:31.28 at +0:00)
[2019.12.15-16.27.25:035][ 96]CompilerResultsLog: C:\Users\john\Documents\Unreal Projects\Pacman2\Source\Pacman2\Public\AIFoe.h(30): warning C4996: 'AAIController::OnMoveCompleted': This function is now deprecated, please use version with EPathFollowingResultDetails parameter. Please update your code to the new API before upgrading to the next release, otherwise your project will no longer compile.
[2019.12.15-16.27.25:035][ 96]CompilerResultsLog: C:\Program Files\Epic Games\UE_4.23\Engine\Source\Runtime\AIModule\Classes\AIController.h(223): note: see declaration of 'AAIController::OnMoveCompleted'
[2019.12.15-16.27.25:035][ 96]CompilerResultsLog: C:\Users\john\Documents\Unreal Projects\Pacman2\Source\Pacman2\Private\Foe.cpp(41): warning C4996: 'USceneComponent::AttachTo': This function is deprecated, please use AttachToComponent instead. Please update your code to the new API before upgrading to the next release, otherwise your project will no longer compile.
[2019.12.15-16.27.25:035][ 96]CompilerResultsLog: C:\Program Files\Epic Games\UE_4.23\Engine\Source\Runtime\Engine\Classes\Components/SceneComponent.h(658): note: see declaration of 'USceneComponent::AttachTo'
[2019.12.15-16.27.25:035][ 96]CompilerResultsLog: Error: C:\Users\john\Documents\Unreal Projects\Pacman2\Source\Pacman2\Private\Foe.cpp(98) : error C2065: 'Enemies': undeclared identifier
[2019.12.15-16.27.25:035][ 96]CompilerResultsLog: 
[2019.12.15-16.27.25:035][ 96]CompilerResultsLog: Error executing C:\Program Files\Epic Games\UE_4.23\Engine\Build\Windows\cl-filter\cl-filter.exe (tool returned code: 2)
[2019.12.15-16.27.25:035][ 96]CompilerResultsLog: ---------------------- Done ----------------------
[2019.12.15-16.27.25:035][ 96]CompilerResultsLog: 
[2019.12.15-16.27.25:035][ 96]CompilerResultsLog:     Rebuild All: 0 succeeded, 1 failed, 0 skipped
[2019.12.15-16.27.25:035][ 96]CompilerResultsLog: 
[2019.12.15-16.27.25:035][ 96]CompilerResultsLog: 1 build system warning(s):
[2019.12.15-16.27.25:036][ 96]CompilerResultsLog:    - License is invalid
[2019.12.15-16.27.25:036][ 96]CompilerResultsLog: 
[2019.12.15-16.27.25:036][ 96]LogMainFrame: MainFrame: Module compiling took 54.702 seconds
[2019.12.15-16.27.25:036][ 96]Warning: HotReload failed, recompile failed
[2019.12.15-16.27.51:795][668]LogSlate: Window 'Message Log' being destroyed
[2019.12.15-16.27.51:802][668]LogSlate: Window 'Message Log' being destroyed
[2019.12.15-16.29.03:355][904]LogHttp: Warning: 00000148A1A23C40: invalid HTTP response code received. URL: https://datarouter.ol.epicgames.com/datarouter/api/v1/public/data?SessionID=%7BA66EDEA1-4C52-B52E-35E2-4E8282D47C18%7D&AppID=UEEditor.Rocket.Release&AppVersion=4.23.1-9631420%2B%2B%2BUE4%2BRelease-4.23&UserID=aa5f5be140252537c5050abaada1c046%7C09e10e81f244499b944931ec94eda32f%7Cf6132e6c-f03e-4dc6-8f89-7f856703eb75&AppEnvironment=datacollector-binary&UploadType=eteventstream, HTTP code: 0, content length: -1, actual payload size: 0
[2019.12.15-16.29.03:355][904]LogHttp: Warning: 00000148A1A23C40: request failed, libcurl error: 6 (Couldn't resolve host name)
[2019.12.15-16.29.03:355][904]LogHttp: Warning: 00000148A1A23C40: libcurl info message cache 0 (Could not resolve host: datarouter.ol.epicgames.com)
[2019.12.15-16.29.03:356][904]LogHttp: Warning: 00000148A1A23C40: libcurl info message cache 1 (Closing connection 1)
[2019.12.15-16.29.03:356][904]LogHttp: Warning: Retry exhausted on https://datarouter.ol.epicgames.com/datarouter/api/v1/public/data?SessionID=%7BA66EDEA1-4C52-B52E-35E2-4E8282D47C18%7D&AppID=UEEditor.Rocket.Release&AppVersion=4.23.1-9631420%2B%2B%2BUE4%2BRelease-4.23&UserID=aa5f5be140252537c5050abaada1c046%7C09e10e81f244499b944931ec94eda32f%7Cf6132e6c-f03e-4dc6-8f89-7f856703eb75&AppEnvironment=datacollector-binary&UploadType=eteventstream
[2019.12.15-16.29.35:658][ 30]Candidate modules for hot reload:
[2019.12.15-16.29.35:658][ 30]  Pacman2
[2019.12.15-16.29.35:658][ 30]Launching UnrealBuildTool... [C:/Program Files/Epic Games/UE_4.23/Engine/Binaries/DotNET/UnrealBuildTool.exe  -ModuleWithSuffix=Pacman2,1573 Win64 Development -TargetType=Editor -Project="C:/Users/john/Documents/Unreal Projects/Pacman2/Pacman2.uproject" "C:/Users/john/Documents/Unreal Projects/Pacman2/Pacman2.uproject"  -IgnoreJunk]
[2019.12.15-16.29.35:661][ 30]Warning: Starting HotReload took  0.0s.
[2019.12.15-16.30.02:977][319]LogSlate: Took 0.000256 seconds to synchronously load lazily loaded font '../../../Engine/Content/Slate/Fonts/Roboto-Light.ttf' (167K)
[2019.12.15-16.30.03:018][321]LogEditorSessionSummary: EditorSessionSummary sent report. Type=Crashed, SessionId={B441809E-4DA7-2BF7-D2ED-59980B492783}
[2019.12.15-16.30.13:023][457]CompilerResultsLog: New page: Compilation - Dec 16, 2019, 10:30:13 AM
[2019.12.15-16.30.13:023][457]CompilerResultsLog: Parsing headers for Pacman2Editor
[2019.12.15-16.30.13:023][457]CompilerResultsLog:   Running UnrealHeaderTool "C:\Users\john\Documents\Unreal Projects\Pacman2\Pacman2.uproject" "C:\Users\john\Documents\Unreal Projects\Pacman2\Intermediate\Build\Win64\Pacman2Editor\Development\Pacman2Editor.uhtmanifest" -LogCmds="loginit warning, logexit warning, logdatabase error" -Unattended -WarningsAsErrors -installed
[2019.12.15-16.30.13:024][457]CompilerResultsLog: Reflection code generated for Pacman2Editor in 21.7888303 seconds
[2019.12.15-16.30.13:024][457]CompilerResultsLog: Using Visual Studio 2019 14.24.28314 toolchain (C:\Program Files (x86)\Microsoft Visual Studio\2019\Community\VC\Tools\MSVC\14.24.28314) and Windows 10.0.18362.0 SDK (C:\Program Files (x86)\Windows Kits\10).
[2019.12.15-16.30.13:024][457]CompilerResultsLog: Distributing 4 actions to XGE
[2019.12.15-16.30.13:024][457]CompilerResultsLog: --------------------Build System Warning---------------------------------------
[2019.12.15-16.30.13:024][457]CompilerResultsLog: License is invalid:
[2019.12.15-16.30.13:024][457]CompilerResultsLog:     License information is invalid. Please try reloading your license file using the Coordinator Monitor application on the Coordinator machine, or reinstall IncrediBuild.
[2019.12.15-16.30.13:024][457]CompilerResultsLog:     This build will run in standalone mode.
[2019.12.15-16.30.13:024][457]CompilerResultsLog: 
[2019.12.15-16.30.13:024][457]CompilerResultsLog: -------------------------------------------------------------------------------
[2019.12.15-16.30.13:024][457]CompilerResultsLog: --------------------Project: Default-------------------------------------------
[2019.12.15-16.30.13:024][457]CompilerResultsLog: Foe.cpp (0:11.14 at +0:00)
[2019.12.15-16.30.13:024][457]CompilerResultsLog: C:\Users\john\Documents\Unreal Projects\Pacman2\Source\Pacman2\Public\AIFoe.h(30): warning C4996: 'AAIController::OnMoveCompleted': This function is now deprecated, please use version with EPathFollowingResultDetails parameter. Please update your code to the new API before upgrading to the next release, otherwise your project will no longer compile.
[2019.12.15-16.30.13:024][457]CompilerResultsLog: C:\Program Files\Epic Games\UE_4.23\Engine\Source\Runtime\AIModule\Classes\AIController.h(223): note: see declaration of 'AAIController::OnMoveCompleted'
[2019.12.15-16.30.13:024][457]CompilerResultsLog: C:\Users\john\Documents\Unreal Projects\Pacman2\Source\Pacman2\Private\Foe.cpp(42): warning C4996: 'USceneComponent::AttachTo': This function is deprecated, please use AttachToComponent instead. Please update your code to the new API before upgrading to the next release, otherwise your project will no longer compile.
[2019.12.15-16.30.13:024][457]CompilerResultsLog: C:\Program Files\Epic Games\UE_4.23\Engine\Source\Runtime\Engine\Classes\Components/SceneComponent.h(658): note: see declaration of 'USceneComponent::AttachTo'
[2019.12.15-16.30.13:024][457]CompilerResultsLog: Error: C:\Users\john\Documents\Unreal Projects\Pacman2\Source\Pacman2\Private\Foe.cpp(99) : error C2065: 'GameMode': undeclared identifier
[2019.12.15-16.30.13:024][457]CompilerResultsLog: Error: C:\Users\john\Documents\Unreal Projects\Pacman2\Source\Pacman2\Private\Foe.cpp(100) : error C2065: 'GameMode': undeclared identifier
[2019.12.15-16.30.13:024][457]CompilerResultsLog: 
[2019.12.15-16.30.13:025][457]CompilerResultsLog: Error executing C:\Program Files\Epic Games\UE_4.23\Engine\Build\Windows\cl-filter\cl-filter.exe (tool returned code: 2)
[2019.12.15-16.30.13:025][457]CompilerResultsLog: ---------------------- Done ----------------------
[2019.12.15-16.30.13:025][457]CompilerResultsLog: 
[2019.12.15-16.30.13:025][457]CompilerResultsLog:     Rebuild All: 0 succeeded, 1 failed, 0 skipped
[2019.12.15-16.30.13:025][457]CompilerResultsLog: 
[2019.12.15-16.30.13:025][457]CompilerResultsLog: 1 build system warning(s):
[2019.12.15-16.30.13:025][457]CompilerResultsLog:    - License is invalid
[2019.12.15-16.30.13:025][457]CompilerResultsLog: 
[2019.12.15-16.30.13:025][457]LogMainFrame: MainFrame: Module compiling took 37.370 seconds
[2019.12.15-16.30.13:025][457]Warning: HotReload failed, recompile failed
[2019.12.15-16.31.03:852][774]LogHttp: Warning: 00000148A000E5C0: invalid HTTP response code received. URL: https://datarouter.ol.epicgames.com/datarouter/api/v1/public/data?SessionID=%7BA66EDEA1-4C52-B52E-35E2-4E8282D47C18%7D&AppID=UEEditor.Rocket.Release&AppVersion=4.23.1-9631420%2B%2B%2BUE4%2BRelease-4.23&UserID=aa5f5be140252537c5050abaada1c046%7C09e10e81f244499b944931ec94eda32f%7Cf6132e6c-f03e-4dc6-8f89-7f856703eb75&AppEnvironment=datacollector-binary&UploadType=eteventstream, HTTP code: 0, content length: -1, actual payload size: 0
[2019.12.15-16.31.03:852][774]LogHttp: Warning: 00000148A000E5C0: request failed, libcurl error: 6 (Couldn't resolve host name)
[2019.12.15-16.31.03:852][774]LogHttp: Warning: 00000148A000E5C0: libcurl info message cache 0 (Could not resolve host: datarouter.ol.epicgames.com)
[2019.12.15-16.31.03:852][774]LogHttp: Warning: 00000148A000E5C0: libcurl info message cache 1 (Closing connection 2)
[2019.12.15-16.31.03:853][774]LogHttp: Warning: Retry exhausted on https://datarouter.ol.epicgames.com/datarouter/api/v1/public/data?SessionID=%7BA66EDEA1-4C52-B52E-35E2-4E8282D47C18%7D&AppID=UEEditor.Rocket.Release&AppVersion=4.23.1-9631420%2B%2B%2BUE4%2BRelease-4.23&UserID=aa5f5be140252537c5050abaada1c046%7C09e10e81f244499b944931ec94eda32f%7Cf6132e6c-f03e-4dc6-8f89-7f856703eb75&AppEnvironment=datacollector-binary&UploadType=eteventstream
[2019.12.15-16.31.32:166][891]LogSlate: Window 'Message Log' being destroyed
[2019.12.15-16.31.32:182][891]LogSlate: Window 'Message Log' being destroyed
[2019.12.15-16.31.35:301][968]Candidate modules for hot reload:
[2019.12.15-16.31.35:301][968]  Pacman2
[2019.12.15-16.31.35:301][968]Launching UnrealBuildTool... [C:/Program Files/Epic Games/UE_4.23/Engine/Binaries/DotNET/UnrealBuildTool.exe  -ModuleWithSuffix=Pacman2,270 Win64 Development -TargetType=Editor -Project="C:/Users/john/Documents/Unreal Projects/Pacman2/Pacman2.uproject" "C:/Users/john/Documents/Unreal Projects/Pacman2/Pacman2.uproject"  -IgnoreJunk]
[2019.12.15-16.31.35:307][968]Warning: Starting HotReload took  0.0s.
[2019.12.15-16.32.20:727][572]CompilerResultsLog: New page: Compilation - Dec 16, 2019, 10:32:20 AM
[2019.12.15-16.32.20:728][572]CompilerResultsLog: Parsing headers for Pacman2Editor
[2019.12.15-16.32.20:728][572]CompilerResultsLog:   Running UnrealHeaderTool "C:\Users\john\Documents\Unreal Projects\Pacman2\Pacman2.uproject" "C:\Users\john\Documents\Unreal Projects\Pacman2\Intermediate\Build\Win64\Pacman2Editor\Development\Pacman2Editor.uhtmanifest" -LogCmds="loginit warning, logexit warning, logdatabase error" -Unattended -WarningsAsErrors -installed
[2019.12.15-16.32.20:728][572]CompilerResultsLog: Reflection code generated for Pacman2Editor in 16.6401281 seconds
[2019.12.15-16.32.20:728][572]CompilerResultsLog: Using Visual Studio 2019 14.24.28314 toolchain (C:\Program Files (x86)\Microsoft Visual Studio\2019\Community\VC\Tools\MSVC\14.24.28314) and Windows 10.0.18362.0 SDK (C:\Program Files (x86)\Windows Kits\10).
[2019.12.15-16.32.20:728][572]CompilerResultsLog: Distributing 4 actions to XGE
[2019.12.15-16.32.20:728][572]CompilerResultsLog: --------------------Build System Warning---------------------------------------
[2019.12.15-16.32.20:728][572]CompilerResultsLog: License is invalid:
[2019.12.15-16.32.20:728][572]CompilerResultsLog:     License information is invalid. Please try reloading your license file using the Coordinator Monitor application on the Coordinator machine, or reinstall IncrediBuild.
[2019.12.15-16.32.20:728][572]CompilerResultsLog:     This build will run in standalone mode.
[2019.12.15-16.32.20:728][572]CompilerResultsLog: 
[2019.12.15-16.32.20:728][572]CompilerResultsLog: -------------------------------------------------------------------------------
[2019.12.15-16.32.20:728][572]CompilerResultsLog: --------------------Project: Default-------------------------------------------
[2019.12.15-16.32.20:728][572]CompilerResultsLog: Foe.cpp (0:22.29 at +0:00)
[2019.12.15-16.32.20:728][572]CompilerResultsLog: C:\Users\john\Documents\Unreal Projects\Pacman2\Source\Pacman2\Public\AIFoe.h(30): warning C4996: 'AAIController::OnMoveCompleted': This function is now deprecated, please use version with EPathFollowingResultDetails parameter. Please update your code to the new API before upgrading to the next release, otherwise your project will no longer compile.
[2019.12.15-16.32.20:728][572]CompilerResultsLog: C:\Program Files\Epic Games\UE_4.23\Engine\Source\Runtime\AIModule\Classes\AIController.h(223): note: see declaration of 'AAIController::OnMoveCompleted'
[2019.12.15-16.32.20:728][572]CompilerResultsLog: C:\Users\john\Documents\Unreal Projects\Pacman2\Source\Pacman2\Private\Foe.cpp(42): warning C4996: 'USceneComponent::AttachTo': This function is deprecated, please use AttachToComponent instead. Please update your code to the new API before upgrading to the next release, otherwise your project will no longer compile.
[2019.12.15-16.32.20:728][572]CompilerResultsLog: C:\Program Files\Epic Games\UE_4.23\Engine\Source\Runtime\Engine\Classes\Components/SceneComponent.h(658): note: see declaration of 'USceneComponent::AttachTo'
[2019.12.15-16.32.20:728][572]CompilerResultsLog: UE4Editor-Pacman2-0270.dll (0:02.43 at +0:22)
[2019.12.15-16.32.20:728][572]CompilerResultsLog:    Creating library C:\Users\john\Documents\Unreal Projects\Pacman2\Intermediate\Build\Win64\UE4Editor\Development\Pacman2\UE4Editor-Pacman2-0270.suppressed.lib and object C:\Users\john\Documents\Unreal Projects\Pacman2\Intermediate\Build\Win64\UE4Editor\Development\Pacman2\UE4Editor-Pacman2-0270.suppressed.exp
[2019.12.15-16.32.20:728][572]CompilerResultsLog: UE4Editor-Pacman2-0270.lib (0:00.34 at +0:24)
[2019.12.15-16.32.20:728][572]CompilerResultsLog:    Creating library C:\Users\john\Documents\Unreal Projects\Pacman2\Intermediate\Build\Win64\UE4Editor\Development\Pacman2\UE4Editor-Pacman2-0270.lib and object C:\Users\john\Documents\Unreal Projects\Pacman2\Intermediate\Build\Win64\UE4Editor\Development\Pacman2\UE4Editor-Pacman2-0270.exp
[2019.12.15-16.32.20:728][572]CompilerResultsLog: Pacman2Editor.target (0:00.57 at +0:25)
[2019.12.15-16.32.20:728][572]CompilerResultsLog: ---------------------- Done ----------------------
[2019.12.15-16.32.20:728][572]CompilerResultsLog: 
[2019.12.15-16.32.20:728][572]CompilerResultsLog:     Rebuild All: 1 succeeded, 0 failed, 0 skipped
[2019.12.15-16.32.20:728][572]CompilerResultsLog: 
[2019.12.15-16.32.20:728][572]CompilerResultsLog: 1 build system warning(s):
[2019.12.15-16.32.20:728][572]CompilerResultsLog:    - License is invalid
[2019.12.15-16.32.20:728][572]CompilerResultsLog: 
[2019.12.15-16.32.20:728][572]CompilerResultsLog: Total time in XGE executor: 26.16 seconds
[2019.12.15-16.32.20:728][572]CompilerResultsLog: Total execution time: 45.19 seconds
[2019.12.15-16.32.20:728][572]LogMainFrame: MainFrame: Module compiling took 45.431 seconds
[2019.12.15-16.32.20:782][572]LogUObjectHash: Compacting FUObjectHashTables data took   1.71ms
[2019.12.15-16.32.20:818][572]LogContentBrowser: Native class hierarchy populated in 0.0218 seconds. Added 2870 classes and 685 folders.
[2019.12.15-16.32.20:820][572]Display: HotReload took 45.5s.
[2019.12.15-16.32.23:552][622]LogTemp: Repeating last play command: Selected Viewport
[2019.12.15-16.32.23:579][622]LogBlueprintUserMessages: Early PlayInEditor Detection: Level '/Game/Levels/NewMap.NewMap:PersistentLevel' has LevelScriptBlueprint '/Game/Levels/NewMap.NewMap:PersistentLevel.NewMap' with GeneratedClass '/Game/Levels/NewMap.NewMap_C' with ClassGeneratedBy '/Game/Levels/NewMap.NewMap:PersistentLevel.NewMap'
[2019.12.15-16.32.23:581][622]LogPlayLevel: PlayLevel: No blueprints needed recompiling
[2019.12.15-16.32.23:582][622]PIE: New page: PIE session: NewMap (Dec 16, 2019, 10:32:23 AM)
[2019.12.15-16.32.23:591][622]LogOnline: OSS: Creating online subsystem instance for: NULL
[2019.12.15-16.32.23:596][622]LogPlayLevel: Creating play world package: /Game/Levels/UEDPIE_0_NewMap
[2019.12.15-16.32.23:624][622]LogPlayLevel: PIE: StaticDuplicateObject took: (0.027814s)
[2019.12.15-16.32.23:629][622]LogAIModule: Creating AISystem for world NewMap
[2019.12.15-16.32.23:631][622]LogPlayLevel: PIE: World Init took: (0.006260s)
[2019.12.15-16.32.23:631][622]LogPlayLevel: PIE: Created PIE world by copying editor world from /Game/Levels/NewMap.NewMap to /Game/Levels/UEDPIE_0_NewMap.NewMap (0.034883s)
[2019.12.15-16.32.23:651][622]LogUObjectHash: Compacting FUObjectHashTables data took   1.69ms
[2019.12.15-16.32.23:660][622]LogInit: XAudio2 using 'Speakers (Realtek High Definition Audio)' : 2 channels at 48 kHz using 32 bits per sample (channel mask 0x3)
[2019.12.15-16.32.23:673][622]LogInit: FAudioDevice initialized.
[2019.12.15-16.32.23:695][622]LogLoad: Game class is 'Pacman2GameModeBase'
[2019.12.15-16.32.23:718][622]LogWorld: Bringing World /Game/Levels/UEDPIE_0_NewMap.NewMap up for play (max tick rate 60) at 2019.12.16-01.32.23
[2019.12.15-16.32.23:750][622]LogWorld: Bringing up level for play took: 0.041145
[2019.12.15-16.32.23:751][622]LogOnline: OSS: Creating online subsystem instance for: :Context_2
[2019.12.15-16.32.23:853][622]LogContentBrowser: Native class hierarchy updated for 'MovieSceneCapture' in 0.0014 seconds. Added 20 classes and 0 folders.
[2019.12.15-16.32.23:874][622]PIE: Play in editor start time for /Game/Levels/UEDPIE_0_NewMap 0.604
[2019.12.15-16.32.23:874][622]LogBlueprintUserMessages: Late PlayInEditor Detection: Level '/Game/Levels/NewMap.NewMap:PersistentLevel' has LevelScriptBlueprint '/Game/Levels/NewMap.NewMap:PersistentLevel.NewMap' with GeneratedClass '/Game/Levels/NewMap.NewMap_C' with ClassGeneratedBy '/Game/Levels/NewMap.NewMap:PersistentLevel.NewMap'
[2019.12.15-16.33.03:894][997]LogHttp: Warning: 00000148837E6340: invalid HTTP response code received. URL: https://datarouter.ol.epicgames.com/datarouter/api/v1/public/data?SessionID=%7BA66EDEA1-4C52-B52E-35E2-4E8282D47C18%7D&AppID=UEEditor.Rocket.Release&AppVersion=4.23.1-9631420%2B%2B%2BUE4%2BRelease-4.23&UserID=aa5f5be140252537c5050abaada1c046%7C09e10e81f244499b944931ec94eda32f%7Cf6132e6c-f03e-4dc6-8f89-7f856703eb75&AppEnvironment=datacollector-binary&UploadType=eteventstream, HTTP code: 0, content length: -1, actual payload size: 0
[2019.12.15-16.33.03:894][997]LogHttp: Warning: 00000148837E6340: request failed, libcurl error: 6 (Couldn't resolve host name)
[2019.12.15-16.33.03:894][997]LogHttp: Warning: 00000148837E6340: libcurl info message cache 0 (Could not resolve host: datarouter.ol.epicgames.com)
[2019.12.15-16.33.03:894][997]LogHttp: Warning: 00000148837E6340: libcurl info message cache 1 (Closing connection 3)
[2019.12.15-16.33.03:922][998]LogHttp: Warning: Retry exhausted on https://datarouter.ol.epicgames.com/datarouter/api/v1/public/data?SessionID=%7BA66EDEA1-4C52-B52E-35E2-4E8282D47C18%7D&AppID=UEEditor.Rocket.Release&AppVersion=4.23.1-9631420%2B%2B%2BUE4%2BRelease-4.23&UserID=aa5f5be140252537c5050abaada1c046%7C09e10e81f244499b944931ec94eda32f%7Cf6132e6c-f03e-4dc6-8f89-7f856703eb75&AppEnvironment=datacollector-binary&UploadType=eteventstream
[2019.12.15-16.34.22:650][690]LogWindows: Error: === Critical error: ===
[2019.12.15-16.34.22:650][690]LogWindows: Error: 
[2019.12.15-16.34.22:650][690]LogWindows: Error: Fatal error!
[2019.12.15-16.34.22:650][690]LogWindows: Error: 
[2019.12.15-16.34.22:650][690]LogWindows: Error: Unhandled Exception: EXCEPTION_ACCESS_VIOLATION reading address 0xffffffff
[2019.12.15-16.34.22:650][690]LogWindows: Error: 
[2019.12.15-16.34.22:650][690]LogWindows: Error: [Callstack] 0x00007ffae3baf136 UE4Editor-Engine.dll!UnknownFunction []
[2019.12.15-16.34.22:650][690]LogWindows: Error: [Callstack] 0x00007ffacf0cbd4b UE4Editor-Pacman2-2202.dll!APacman2GameModeBase::SetCurrentState() [C:\Users\john\Documents\Unreal Projects\Pacman2\Source\Pacman2\Pacman2GameModeBase.cpp:38]
[2019.12.15-16.34.22:650][690]LogWindows: Error: [Callstack] 0x00007ffacf0c8731 UE4Editor-Pacman2-2202.dll!APac::OnCollision() [C:\Users\john\Documents\Unreal Projects\Pacman2\Source\Pacman2\Private\Pac.cpp:154]
[2019.12.15-16.34.22:650][690]LogWindows: Error: [Callstack] 0x00007ffacf0c3a5d UE4Editor-Pacman2-2202.dll!APac::execOnCollision() [C:\Users\john\Documents\Unreal Projects\Pacman2\Source\Pacman2\Public\Pac.h:13]
[2019.12.15-16.34.22:650][690]LogWindows: Error: [Callstack] 0x00007ffaed0f84b8 UE4Editor-CoreUObject.dll!UnknownFunction []
[2019.12.15-16.34.22:650][690]LogWindows: Error: [Callstack] 0x00007ffaed3312b7 UE4Editor-CoreUObject.dll!UnknownFunction []
[2019.12.15-16.34.22:650][690]LogWindows: Error: [Callstack] 0x00007ffae3bdaa33 UE4Editor-Engine.dll!UnknownFunction []
[2019.12.15-16.34.22:650][690]LogWindows: Error: [Callstack] 0x00007ffae3b7eed2 UE4Editor-Engine.dll!UnknownFunction []
[2019.12.15-16.34.22:650][690]LogWindows: Error: [Callstack] 0x00007ffae3fcb9dc UE4Editor-Engine.dll!UnknownFunction []
[2019.12.15-16.34.22:650][690]LogWindows: Error: [Callstack] 0x00007ffae3fcb2f7 UE4Editor-Engine.dll!UnknownFunction []
[2019.12.15-16.34.22:650][690]LogWindows: Error: [Callstack] 0x00007ffae400a860 UE4Editor-Engine.dll!UnknownFunction []
[2019.12.15-16.34.22:650][690]LogWindows: Error: [Callstack] 0x00007ffae40305ae UE4Editor-Engine.dll!UnknownFunction []
[2019.12.15-16.34.22:650][690]LogWindows: Error: [Callstack] 0x00007ffae401a603 UE4Editor-Engine.dll!UnknownFunction []
[2019.12.15-16.34.22:651][690]LogWindows: Error: [Callstack] 0x00007ffae3f85cf3 UE4Editor-Engine.dll!UnknownFunction []
[2019.12.15-16.34.22:651][690]LogWindows: Error: [Callstack] 0x00007ffae3fb0179 UE4Editor-Engine.dll!UnknownFunction []
[2019.12.15-16.34.22:651][690]LogWindows: Error: [Callstack] 0x00007ffae3f364c0 UE4Editor-Engine.dll!UnknownFunction []
[2019.12.15-16.34.22:651][690]LogWindows: Error: [Callstack] 0x00007ffae3f64bd4 UE4Editor-Engine.dll!UnknownFunction []
[2019.12.15-16.34.22:651][690]LogWindows: Error: [Callstack] 0x00007ffae4c564d3 UE4Editor-Engine.dll!UnknownFunction []
[2019.12.15-16.34.22:651][690]LogWindows: Error: [Callstack] 0x00007ffae4c63757 UE4Editor-Engine.dll!UnknownFunction []
[2019.12.15-16.34.22:651][690]LogWindows: Error: [Callstack] 0x00007ffaf3344e4a UE4Editor-Core.dll!UnknownFunction []
[2019.12.15-16.34.22:651][690]LogWindows: Error: [Callstack] 0x00007ffaf33451f3 UE4Editor-Core.dll!UnknownFunction []
[2019.12.15-16.34.22:651][690]LogWindows: Error: [Callstack] 0x00007ffaf33551f9 UE4Editor-Core.dll!UnknownFunction []
[2019.12.15-16.34.22:651][690]LogWindows: Error: [Callstack] 0x00007ffae4c82b50 UE4Editor-Engine.dll!UnknownFunction []
[2019.12.15-16.34.22:651][690]LogWindows: Error: [Callstack] 0x00007ffae4c88a82 UE4Editor-Engine.dll!UnknownFunction []
[2019.12.15-16.34.22:651][690]LogWindows: Error: [Callstack] 0x00007ffae447d6ef UE4Editor-Engine.dll!UnknownFunction []
[2019.12.15-16.34.22:651][690]LogWindows: Error: [Callstack] 0x00007ffae4488808 UE4Editor-Engine.dll!UnknownFunction []
[2019.12.15-16.34.22:651][690]LogWindows: Error: [Callstack] 0x00007ffae268e00b UE4Editor-UnrealEd.dll!UnknownFunction []
[2019.12.15-16.34.22:651][690]LogWindows: Error: [Callstack] 0x00007ffae2ee5296 UE4Editor-UnrealEd.dll!UnknownFunction []
[2019.12.15-16.34.22:651][690]LogWindows: Error: [Callstack] 0x00007ff7caf57b0a UE4Editor.exe!UnknownFunction []
[2019.12.15-16.34.22:651][690]LogWindows: Error: [Callstack] 0x00007ff7caf6a91c UE4Editor.exe!UnknownFunction []
[2019.12.15-16.34.22:651][690]LogWindows: Error: [Callstack] 0x00007ff7caf6a9fa UE4Editor.exe!UnknownFunction []
[2019.12.15-16.34.22:651][690]LogWindows: Error: [Callstack] 0x00007ff7caf7b92c UE4Editor.exe!UnknownFunction []
[2019.12.15-16.34.22:651][690]LogWindows: Error: [Callstack] 0x00007ff7caf7e60e UE4Editor.exe!UnknownFunction []
[2019.12.15-16.34.22:651][690]LogWindows: Error: [Callstack] 0x00007ffb35ac7bd4 KERNEL32.DLL!UnknownFunction []
[2019.12.15-16.34.22:651][690]LogWindows: Error: [Callstack] 0x00007ffb3702ced1 ntdll.dll!UnknownFunction []
[2019.12.15-16.34.22:651][690]LogWindows: Error: 
[2019.12.15-16.34.22:671][690]LogExit: Executing StaticShutdownAfterError
[2019.12.15-16.34.22:696][690]LogWindows: FPlatformMisc::RequestExit(1)
[2019.12.15-16.34.22:704][690]Log file closed, 12/16/19 01:34:22
